<Event xmlns='http://schemas.microsoft.com/win/2004/08/events/event'>
        <System>
            <Provider Name='Microsoft-Windows-Sysmon' Guid='{5770385f-c22a-43e0-bf4c-06f5698ffbd9}'/>
            <EventID>3</EventID>
            <Version>5</Version>
            <Level>4</Level>
            <Task>3</Task>
            <Opcode>0</Opcode>
            <Keywords>0x8000000000000000</Keywords>
            <TimeCreated SystemTime='2020-03-18T18:25:43.285707300Z'/>
            <EventRecordID>201</EventRecordID>
            <Correlation/>
            <Execution ProcessID='1104' ThreadID='13220'/>
            <Channel>Microsoft-Windows-Sysmon/Operational</Channel>
            <Computer>DESKTOP-3LRRD6K</Computer>
            <Security UserID='S-1-5-18'/>
        </System>
        <EventData>
            <Data Name='RuleName'></Data>
            <Data Name='UtcTime'>2020-03-18 18:25:41.354</Data>
            <Data Name='ProcessGuid'>{3c251a4e-8986-5e6c-0000-0010eb030000}</Data>
            <Data Name='ProcessId'>4</Data>
            <Data Name='Image'>System</Data>
            <Data Name='User'>NT AUTHORITY\SYSTEM</Data>
            <Data Name='Protocol'>udp</Data>
            <Data Name='Initiated'>true</Data>
            <Data Name='SourceIsIpv6'>false</Data>
            <Data Name='SourceIp'>192.168.1.46</Data>
            <Data Name='SourceHostname'>DESKTOP-3LRRD6K.lan1</Data>
            <Data Name='SourcePort'>137</Data>
            <Data Name='SourcePortName'>netbios-ns</Data>
            <Data Name='DestinationIsIpv6'>false</Data>
            <Data Name='DestinationIp'>239.255.255.250</Data>
            <Data Name='DestinationHostname'></Data>
            <Data Name='DestinationPort'>137</Data>
            <Data Name='DestinationPortName'>netbios-ns</Data>
        </EventData>
    </Event>
    <Event xmlns='http://schemas.microsoft.com/win/2004/08/events/event'>
        <System>
            <Provider Name='Microsoft-Windows-Sysmon' Guid='{5770385f-c22a-43e0-bf4c-06f5698ffbd9}'/>
            <EventID>3</EventID>
            <Version>5</Version>
            <Level>4</Level>
            <Task>3</Task>
            <Opcode>0</Opcode>
            <Keywords>0x8000000000000000</Keywords>
            <TimeCreated SystemTime='2020-03-18T18:25:43.285692200Z'/>
            <EventRecordID>200</EventRecordID>
            <Correlation/>
            <Execution ProcessID='1104' ThreadID='13220'/>
            <Channel>Microsoft-Windows-Sysmon/Operational</Channel>
            <Computer>DESKTOP-3LRRD6K</Computer>
            <Security UserID='S-1-5-18'/>
        </System>
        <EventData>
            <Data Name='RuleName'></Data>
            <Data Name='UtcTime'>2020-03-18 18:25:41.208</Data>
            <Data Name='ProcessGuid'>{3c251a4e-8986-5e6c-0000-0010eb030000}</Data>
            <Data Name='ProcessId'>4</Data>
            <Data Name='Image'>System</Data>
            <Data Name='User'>NT AUTHORITY\SYSTEM</Data>
            <Data Name='Protocol'>udp</Data>
            <Data Name='Initiated'>true</Data>
            <Data Name='SourceIsIpv6'>false</Data>
            <Data Name='SourceIp'>169.254.156.38</Data>
            <Data Name='SourceHostname'>DESKTOP-3LRRD6K</Data>
            <Data Name='SourcePort'>137</Data>
            <Data Name='SourcePortName'>netbios-ns</Data>
            <Data Name='DestinationIsIpv6'>false</Data>
            <Data Name='DestinationIp'>239.255.255.250</Data>
            <Data Name='DestinationHostname'></Data>
            <Data Name='DestinationPort'>137</Data>
            <Data Name='DestinationPortName'>netbios-ns</Data>
        </EventData>
    </Event>
    <Event xmlns='http://schemas.microsoft.com/win/2004/08/events/event'>
        <System>
            <Provider Name='Microsoft-Windows-Sysmon' Guid='{5770385f-c22a-43e0-bf4c-06f5698ffbd9}'/>
            <EventID>5</EventID>
            <Version>3</Version>
            <Level>4</Level>
            <Task>5</Task>
            <Opcode>0</Opcode>
            <Keywords>0x8000000000000000</Keywords>
            <TimeCreated SystemTime='2020-03-18T18:25:42.954526100Z'/>
            <EventRecordID>199</EventRecordID>
            <Correlation/>
            <Execution ProcessID='1104' ThreadID='19972'/>
            <Channel>Microsoft-Windows-Sysmon/Operational</Channel>
            <Computer>DESKTOP-3LRRD6K</Computer>
            <Security UserID='S-1-5-18'/>
        </System>
        <EventData>
            <Data Name='RuleName'></Data>
            <Data Name='UtcTime'>2020-03-18 18:25:42.954</Data>
            <Data Name='ProcessGuid'>{3c251a4e-679a-5e72-0000-00100a845e75}</Data>
            <Data Name='ProcessId'>20148</Data>
            <Data Name='Image'>C:\Windows\System32\svchost.exe</Data>
        </EventData>
    </Event>
    <Event xmlns='http://schemas.microsoft.com/win/2004/08/events/event'>
        <System>
            <Provider Name='Microsoft-Windows-Sysmon' Guid='{5770385f-c22a-43e0-bf4c-06f5698ffbd9}'/>
            <EventID>3</EventID>
            <Version>5</Version>
            <Level>4</Level>
            <Task>3</Task>
            <Opcode>0</Opcode>
            <Keywords>0x8000000000000000</Keywords>
            <TimeCreated SystemTime='2020-03-18T18:25:42.284155700Z'/>
            <EventRecordID>198</EventRecordID>
            <Correlation/>
            <Execution ProcessID='1104' ThreadID='13220'/>
            <Channel>Microsoft-Windows-Sysmon/Operational</Channel>
            <Computer>DESKTOP-3LRRD6K</Computer>
            <Security UserID='S-1-5-18'/>
        </System>
        <EventData>
            <Data Name='RuleName'></Data>
            <Data Name='UtcTime'>2020-03-18 18:25:41.082</Data>
            <Data Name='ProcessGuid'>{3c251a4e-6be0-5e6e-0000-0010c7a9d012}</Data>
            <Data Name='ProcessId'>7496</Data>
            <Data Name='Image'>C:\Program Files (x86)\Google\Chrome\Application\chrome.exe</Data>
            <Data Name='User'>DESKTOP-3LRRD6K\liabe</Data>
            <Data Name='Protocol'>tcp</Data>
            <Data Name='Initiated'>true</Data>
            <Data Name='SourceIsIpv6'>false</Data>
            <Data Name='SourceIp'>192.168.1.46</Data>
            <Data Name='SourceHostname'>DESKTOP-3LRRD6K.lan1</Data>
            <Data Name='SourcePort'>62005</Data>
            <Data Name='SourcePortName'></Data>
            <Data Name='DestinationIsIpv6'>false</Data>
            <Data Name='DestinationIp'>52.94.240.125</Data>
            <Data Name='DestinationHostname'></Data>
            <Data Name='DestinationPort'>443</Data>
            <Data Name='DestinationPortName'>https</Data>
        </EventData>
    </Event>
    <Event xmlns='http://schemas.microsoft.com/win/2004/08/events/event'>
        <System>
            <Provider Name='Microsoft-Windows-Sysmon' Guid='{5770385f-c22a-43e0-bf4c-06f5698ffbd9}'/>
            <EventID>3</EventID>
            <Version>5</Version>
            <Level>4</Level>
            <Task>3</Task>
            <Opcode>0</Opcode>
            <Keywords>0x8000000000000000</Keywords>
            <TimeCreated SystemTime='2020-03-18T18:25:42.284091700Z'/>
            <EventRecordID>197</EventRecordID>
            <Correlation/>
            <Execution ProcessID='1104' ThreadID='13220'/>
            <Channel>Microsoft-Windows-Sysmon/Operational</Channel>
            <Computer>DESKTOP-3LRRD6K</Computer>
            <Security UserID='S-1-5-18'/>
        </System>
        <EventData>
            <Data Name='RuleName'></Data>
            <Data Name='UtcTime'>2020-03-18 18:25:40.946</Data>
            <Data Name='ProcessGuid'>{3c251a4e-6be0-5e6e-0000-0010c7a9d012}</Data>
            <Data Name='ProcessId'>7496</Data>
            <Data Name='Image'>C:\Program Files (x86)\Google\Chrome\Application\chrome.exe</Data>
            <Data Name='User'>DESKTOP-3LRRD6K\liabe</Data>
            <Data Name='Protocol'>tcp</Data>
            <Data Name='Initiated'>true</Data>
            <Data Name='SourceIsIpv6'>false</Data>
            <Data Name='SourceIp'>192.168.1.46</Data>
            <Data Name='SourceHostname'>DESKTOP-3LRRD6K.lan1</Data>
            <Data Name='SourcePort'>62004</Data>
            <Data Name='SourcePortName'></Data>
            <Data Name='DestinationIsIpv6'>false</Data>
            <Data Name='DestinationIp'>52.94.240.125</Data>
            <Data Name='DestinationHostname'></Data>
            <Data Name='DestinationPort'>443</Data>
            <Data Name='DestinationPortName'>https</Data>
        </EventData>
    </Event>
    <Event xmlns='http://schemas.microsoft.com/win/2004/08/events/event'>
        <System>
            <Provider Name='Microsoft-Windows-Sysmon' Guid='{5770385f-c22a-43e0-bf4c-06f5698ffbd9}'/>
            <EventID>2</EventID>
            <Version>4</Version>
            <Level>4</Level>
            <Task>2</Task>
            <Opcode>0</Opcode>
            <Keywords>0x8000000000000000</Keywords>
            <TimeCreated SystemTime='2020-03-18T18:25:42.034467000Z'/>
            <EventRecordID>196</EventRecordID>
            <Correlation/>
            <Execution ProcessID='1104' ThreadID='19972'/>
            <Channel>Microsoft-Windows-Sysmon/Operational</Channel>
            <Computer>DESKTOP-3LRRD6K</Computer>
            <Security UserID='S-1-5-18'/>
        </System>
        <EventData>
            <Data Name='RuleName'></Data>
            <Data Name='UtcTime'>2020-03-18 18:25:42.034</Data>
            <Data Name='ProcessGuid'>{3c251a4e-6bdf-5e6e-0000-0010fe80d012}</Data>
            <Data Name='ProcessId'>6104</Data>
            <Data Name='Image'>C:\Program Files (x86)\Google\Chrome\Application\chrome.exe</Data>
            <Data Name='TargetFilename'>C:\Users\liabe\AppData\Local\Google\Chrome\User Data\Default\90b364f1-0be2-4c42-8429-969edac3034c.tmp</Data>
            <Data Name='CreationUtcTime'>2019-08-21 22:58:26.729</Data>
            <Data Name='PreviousCreationUtcTime'>2020-03-18 18:25:42.031</Data>
        </EventData>
    </Event>
    <Event xmlns='http://schemas.microsoft.com/win/2004/08/events/event'>
        <System>
            <Provider Name='Microsoft-Windows-Sysmon' Guid='{5770385f-c22a-43e0-bf4c-06f5698ffbd9}'/>
            <EventID>3</EventID>
            <Version>5</Version>
            <Level>4</Level>
            <Task>3</Task>
            <Opcode>0</Opcode>
            <Keywords>0x8000000000000000</Keywords>
            <TimeCreated SystemTime='2020-03-18T18:25:41.282784800Z'/>
            <EventRecordID>195</EventRecordID>
            <Correlation/>
            <Execution ProcessID='1104' ThreadID='13220'/>
            <Channel>Microsoft-Windows-Sysmon/Operational</Channel>
            <Computer>DESKTOP-3LRRD6K</Computer>
            <Security UserID='S-1-5-18'/>
        </System>
        <EventData>
            <Data Name='RuleName'></Data>
            <Data Name='UtcTime'>2020-03-18 18:25:39.937</Data>
            <Data Name='ProcessGuid'>{3c251a4e-6be0-5e6e-0000-0010c7a9d012}</Data>
            <Data Name='ProcessId'>7496</Data>
            <Data Name='Image'>C:\Program Files (x86)\Google\Chrome\Application\chrome.exe</Data>
            <Data Name='User'>DESKTOP-3LRRD6K\liabe</Data>
            <Data Name='Protocol'>tcp</Data>
            <Data Name='Initiated'>true</Data>
            <Data Name='SourceIsIpv6'>false</Data>
            <Data Name='SourceIp'>192.168.1.46</Data>
            <Data Name='SourceHostname'>DESKTOP-3LRRD6K.lan1</Data>
            <Data Name='SourcePort'>62003</Data>
            <Data Name='SourcePortName'></Data>
            <Data Name='DestinationIsIpv6'>false</Data>
            <Data Name='DestinationIp'>52.94.225.95</Data>
            <Data Name='DestinationHostname'></Data>
            <Data Name='DestinationPort'>443</Data>
            <Data Name='DestinationPortName'>https</Data>
        </EventData>
    </Event>
    <Event xmlns='http://schemas.microsoft.com/win/2004/08/events/event'>
        <System>
            <Provider Name='Microsoft-Windows-Sysmon' Guid='{5770385f-c22a-43e0-bf4c-06f5698ffbd9}'/>
            <EventID>3</EventID>
            <Version>5</Version>
            <Level>4</Level>
            <Task>3</Task>
            <Opcode>0</Opcode>
            <Keywords>0x8000000000000000</Keywords>
            <TimeCreated SystemTime='2020-03-18T18:25:41.282772400Z'/>
            <EventRecordID>194</EventRecordID>
            <Correlation/>
            <Execution ProcessID='1104' ThreadID='13220'/>
            <Channel>Microsoft-Windows-Sysmon/Operational</Channel>
            <Computer>DESKTOP-3LRRD6K</Computer>
            <Security UserID='S-1-5-18'/>
        </System>
        <EventData>
            <Data Name='RuleName'></Data>
            <Data Name='UtcTime'>2020-03-18 18:25:39.937</Data>
            <Data Name='ProcessGuid'>{3c251a4e-6be0-5e6e-0000-0010c7a9d012}</Data>
            <Data Name='ProcessId'>7496</Data>
            <Data Name='Image'>C:\Program Files (x86)\Google\Chrome\Application\chrome.exe</Data>
            <Data Name='User'>DESKTOP-3LRRD6K\liabe</Data>
            <Data Name='Protocol'>tcp</Data>
            <Data Name='Initiated'>true</Data>
            <Data Name='SourceIsIpv6'>false</Data>
            <Data Name='SourceIp'>192.168.1.46</Data>
            <Data Name='SourceHostname'>DESKTOP-3LRRD6K.lan1</Data>
            <Data Name='SourcePort'>62002</Data>
            <Data Name='SourcePortName'></Data>
            <Data Name='DestinationIsIpv6'>false</Data>
            <Data Name='DestinationIp'>52.94.225.95</Data>
            <Data Name='DestinationHostname'></Data>
            <Data Name='DestinationPort'>443</Data>
            <Data Name='DestinationPortName'>https</Data>
        </EventData>
    </Event>
    <Event xmlns='http://schemas.microsoft.com/win/2004/08/events/event'>
        <System>
            <Provider Name='Microsoft-Windows-Sysmon' Guid='{5770385f-c22a-43e0-bf4c-06f5698ffbd9}'/>
            <EventID>3</EventID>
            <Version>5</Version>
            <Level>4</Level>
            <Task>3</Task>
            <Opcode>0</Opcode>
            <Keywords>0x8000000000000000</Keywords>
            <TimeCreated SystemTime='2020-03-18T18:25:41.282758600Z'/>
            <EventRecordID>193</EventRecordID>
            <Correlation/>
            <Execution ProcessID='1104' ThreadID='13220'/>
            <Channel>Microsoft-Windows-Sysmon/Operational</Channel>
            <Computer>DESKTOP-3LRRD6K</Computer>
            <Security UserID='S-1-5-18'/>
        </System>
        <EventData>
            <Data Name='RuleName'></Data>
            <Data Name='UtcTime'>2020-03-18 18:25:39.369</Data>
            <Data Name='ProcessGuid'>{3c251a4e-89c0-5e6c-0000-00105f862c00}</Data>
            <Data Name='ProcessId'>15116</Data>
            <Data Name='Image'>C:\Windows\System32\svchost.exe</Data>
            <Data Name='User'>NT AUTHORITY\LOCAL SERVICE</Data>
            <Data Name='Protocol'>udp</Data>
            <Data Name='Initiated'>false</Data>
            <Data Name='SourceIsIpv6'>false</Data>
            <Data Name='SourceIp'>239.255.255.250</Data>
            <Data Name='SourceHostname'></Data>
            <Data Name='SourcePort'>1900</Data>
            <Data Name='SourcePortName'>ssdp</Data>
            <Data Name='DestinationIsIpv6'>false</Data>
            <Data Name='DestinationIp'>127.0.0.1</Data>
            <Data Name='DestinationHostname'>DESKTOP-3LRRD6K</Data>
            <Data Name='DestinationPort'>55654</Data>
            <Data Name='DestinationPortName'></Data>
        </EventData>
    </Event>
    <Event xmlns='http://schemas.microsoft.com/win/2004/08/events/event'>
        <System>
            <Provider Name='Microsoft-Windows-Sysmon' Guid='{5770385f-c22a-43e0-bf4c-06f5698ffbd9}'/>
            <EventID>3</EventID>
            <Version>5</Version>
            <Level>4</Level>
            <Task>3</Task>
            <Opcode>0</Opcode>
            <Keywords>0x8000000000000000</Keywords>
            <TimeCreated SystemTime='2020-03-18T18:25:41.282738800Z'/>
            <EventRecordID>192</EventRecordID>
            <Correlation/>
            <Execution ProcessID='1104' ThreadID='13220'/>
            <Channel>Microsoft-Windows-Sysmon/Operational</Channel>
            <Computer>DESKTOP-3LRRD6K</Computer>
            <Security UserID='S-1-5-18'/>
        </System>
        <EventData>
            <Data Name='RuleName'></Data>
            <Data Name='UtcTime'>2020-03-18 18:25:39.369</Data>
            <Data Name='ProcessGuid'>{3c251a4e-89c0-5e6c-0000-00105f862c00}</Data>
            <Data Name='ProcessId'>15116</Data>
            <Data Name='Image'>C:\Windows\System32\svchost.exe</Data>
            <Data Name='User'>NT AUTHORITY\LOCAL SERVICE</Data>
            <Data Name='Protocol'>udp</Data>
            <Data Name='Initiated'>true</Data>
            <Data Name='SourceIsIpv6'>false</Data>
            <Data Name='SourceIp'>127.0.0.1</Data>
            <Data Name='SourceHostname'>DESKTOP-3LRRD6K</Data>
            <Data Name='SourcePort'>55654</Data>
            <Data Name='SourcePortName'></Data>
            <Data Name='DestinationIsIpv6'>false</Data>
            <Data Name='DestinationIp'>239.255.255.250</Data>
            <Data Name='DestinationHostname'></Data>
            <Data Name='DestinationPort'>1900</Data>
            <Data Name='DestinationPortName'>ssdp</Data>
        </EventData>
    </Event>
    <Event xmlns='http://schemas.microsoft.com/win/2004/08/events/event'>
        <System>
            <Provider Name='Microsoft-Windows-Sysmon' Guid='{5770385f-c22a-43e0-bf4c-06f5698ffbd9}'/>
            <EventID>3</EventID>
            <Version>5</Version>
            <Level>4</Level>
            <Task>3</Task>
            <Opcode>0</Opcode>
            <Keywords>0x8000000000000000</Keywords>
            <TimeCreated SystemTime='2020-03-18T18:25:40.280692800Z'/>
            <EventRecordID>191</EventRecordID>
            <Correlation/>
            <Execution ProcessID='1104' ThreadID='13220'/>
            <Channel>Microsoft-Windows-Sysmon/Operational</Channel>
            <Computer>DESKTOP-3LRRD6K</Computer>
            <Security UserID='S-1-5-18'/>
        </System>
        <EventData>
            <Data Name='RuleName'></Data>
            <Data Name='UtcTime'>2020-03-18 18:25:39.027</Data>
            <Data Name='ProcessGuid'>{3c251a4e-6be0-5e6e-0000-0010c7a9d012}</Data>
            <Data Name='ProcessId'>7496</Data>
            <Data Name='Image'>C:\Program Files (x86)\Google\Chrome\Application\chrome.exe</Data>
            <Data Name='User'>DESKTOP-3LRRD6K\liabe</Data>
            <Data Name='Protocol'>tcp</Data>
            <Data Name='Initiated'>true</Data>
            <Data Name='SourceIsIpv6'>false</Data>
            <Data Name='SourceIp'>192.168.1.46</Data>
            <Data Name='SourceHostname'>DESKTOP-3LRRD6K.lan1</Data>
            <Data Name='SourcePort'>62001</Data>
            <Data Name='SourcePortName'></Data>
            <Data Name='DestinationIsIpv6'>false</Data>
            <Data Name='DestinationIp'>52.46.131.85</Data>
            <Data Name='DestinationHostname'></Data>
            <Data Name='DestinationPort'>443</Data>
            <Data Name='DestinationPortName'>https</Data>
        </EventData>
    </Event>
    <Event xmlns='http://schemas.microsoft.com/win/2004/08/events/event'>
        <System>
            <Provider Name='Microsoft-Windows-Sysmon' Guid='{5770385f-c22a-43e0-bf4c-06f5698ffbd9}'/>
            <EventID>3</EventID>
            <Version>5</Version>
            <Level>4</Level>
            <Task>3</Task>
            <Opcode>0</Opcode>
            <Keywords>0x8000000000000000</Keywords>
            <TimeCreated SystemTime='2020-03-18T18:25:39.528798200Z'/>
            <EventRecordID>190</EventRecordID>
            <Correlation/>
            <Execution ProcessID='1104' ThreadID='13220'/>
            <Channel>Microsoft-Windows-Sysmon/Operational</Channel>
            <Computer>DESKTOP-3LRRD6K</Computer>
            <Security UserID='S-1-5-18'/>
        </System>
        <EventData>
            <Data Name='RuleName'></Data>
            <Data Name='UtcTime'>2020-03-18 18:25:38.396</Data>
            <Data Name='ProcessGuid'>{3c251a4e-6be0-5e6e-0000-0010c7a9d012}</Data>
            <Data Name='ProcessId'>7496</Data>
            <Data Name='Image'>C:\Program Files (x86)\Google\Chrome\Application\chrome.exe</Data>
            <Data Name='User'>DESKTOP-3LRRD6K\liabe</Data>
            <Data Name='Protocol'>tcp</Data>
            <Data Name='Initiated'>true</Data>
            <Data Name='SourceIsIpv6'>false</Data>
            <Data Name='SourceIp'>192.168.1.46</Data>
            <Data Name='SourceHostname'>DESKTOP-3LRRD6K.lan1</Data>
            <Data Name='SourcePort'>62000</Data>
            <Data Name='SourcePortName'></Data>
            <Data Name='DestinationIsIpv6'>false</Data>
            <Data Name='DestinationIp'>162.210.196.208</Data>
            <Data Name='DestinationHostname'></Data>
            <Data Name='DestinationPort'>443</Data>
            <Data Name='DestinationPortName'>https</Data>
        </EventData>
    </Event>
    <Event xmlns='http://schemas.microsoft.com/win/2004/08/events/event'>
        <System>
            <Provider Name='Microsoft-Windows-Sysmon' Guid='{5770385f-c22a-43e0-bf4c-06f5698ffbd9}'/>
            <EventID>1</EventID>
            <Version>5</Version>
            <Level>4</Level>
            <Task>1</Task>
            <Opcode>0</Opcode>
            <Keywords>0x8000000000000000</Keywords>
            <TimeCreated SystemTime='2020-03-18T18:25:39.362212000Z'/>
            <EventRecordID>189</EventRecordID>
            <Correlation/>
            <Execution ProcessID='1104' ThreadID='19972'/>
            <Channel>Microsoft-Windows-Sysmon/Operational</Channel>
            <Computer>DESKTOP-3LRRD6K</Computer>
            <Security UserID='S-1-5-18'/>
        </System>
        <EventData>
            <Data Name='RuleName'></Data>
            <Data Name='UtcTime'>2020-03-18 18:25:39.357</Data>
            <Data Name='ProcessGuid'>{3c251a4e-67a3-5e72-0000-001083c25f75}</Data>
            <Data Name='ProcessId'>25456</Data>
            <Data Name='Image'>C:\Program Files (x86)\Google\Chrome\Application\chrome.exe</Data>
            <Data Name='FileVersion'>80.0.3987.132</Data>
            <Data Name='Description'>Google Chrome</Data>
            <Data Name='Product'>Google Chrome</Data>
            <Data Name='Company'>Google LLC</Data>
            <Data Name='OriginalFileName'>chrome.exe</Data>
            <Data Name='CommandLine'>"C:\Program Files (x86)\Google\Chrome\Application\chrome.exe" --type=renderer --field-trial-handle=1932,16201686782671164598,16198539671791952964,131072 --lang=zh-CN --enable-auto-reload --device-scale-factor=1.5 --num-raster-threads=3 --enable-main-frame-before-activation --renderer-client-id=7139 --no-v8-untrusted-code-mitigations --mojo-platform-channel-handle=29680 /prefetch:1</Data>
            <Data Name='CurrentDirectory'>C:\Program Files (x86)\Google\Chrome\Application\80.0.3987.132\</Data>
            <Data Name='User'>DESKTOP-3LRRD6K\liabe</Data>
            <Data Name='LogonGuid'>{3c251a4e-6e57-5e6d-0000-0020ee4f2c08}</Data>
            <Data Name='LogonId'>0x82c4fee</Data>
            <Data Name='TerminalSessionId'>2</Data>
            <Data Name='IntegrityLevel'>Low</Data>
            <Data Name='Hashes'>SHA1=8E9DF2292F5280F7AED98B310E11668485A18E86</Data>
            <Data Name='ParentProcessGuid'>{3c251a4e-6bdf-5e6e-0000-0010fe80d012}</Data>
            <Data Name='ParentProcessId'>6104</Data>
            <Data Name='ParentImage'>C:\Program Files (x86)\Google\Chrome\Application\chrome.exe</Data>
            <Data Name='ParentCommandLine'>"C:\Program Files (x86)\Google\Chrome\Application\chrome.exe" </Data>
        </EventData>
    </Event>
    <Event xmlns='http://schemas.microsoft.com/win/2004/08/events/event'>
        <System>
            <Provider Name='Microsoft-Windows-Sysmon' Guid='{5770385f-c22a-43e0-bf4c-06f5698ffbd9}'/>
            <EventID>3</EventID>
            <Version>5</Version>
            <Level>4</Level>
            <Task>3</Task>
            <Opcode>0</Opcode>
            <Keywords>0x8000000000000000</Keywords>
            <TimeCreated SystemTime='2020-03-18T18:25:39.027996400Z'/>
            <EventRecordID>188</EventRecordID>
            <Correlation/>
            <Execution ProcessID='1104' ThreadID='13220'/>
            <Channel>Microsoft-Windows-Sysmon/Operational</Channel>
            <Computer>DESKTOP-3LRRD6K</Computer>
            <Security UserID='S-1-5-18'/>
        </System>
        <EventData>
            <Data Name='RuleName'></Data>
            <Data Name='UtcTime'>2020-03-18 18:25:38.002</Data>
            <Data Name='ProcessGuid'>{3c251a4e-6be0-5e6e-0000-0010c7a9d012}</Data>
            <Data Name='ProcessId'>7496</Data>
            <Data Name='Image'>C:\Program Files (x86)\Google\Chrome\Application\chrome.exe</Data>
            <Data Name='User'>DESKTOP-3LRRD6K\liabe</Data>
            <Data Name='Protocol'>tcp</Data>
            <Data Name='Initiated'>true</Data>
            <Data Name='SourceIsIpv6'>false</Data>
            <Data Name='SourceIp'>192.168.1.46</Data>
            <Data Name='SourceHostname'>DESKTOP-3LRRD6K.lan1</Data>
            <Data Name='SourcePort'>61999</Data>
            <Data Name='SourcePortName'></Data>
            <Data Name='DestinationIsIpv6'>false</Data>
            <Data Name='DestinationIp'>162.210.196.208</Data>
            <Data Name='DestinationHostname'></Data>
            <Data Name='DestinationPort'>443</Data>
            <Data Name='DestinationPortName'>https</Data>
        </EventData>
    </Event>
    <Event xmlns='http://schemas.microsoft.com/win/2004/08/events/event'>
        <System>
            <Provider Name='Microsoft-Windows-Sysmon' Guid='{5770385f-c22a-43e0-bf4c-06f5698ffbd9}'/>
            <EventID>3</EventID>
            <Version>5</Version>
            <Level>4</Level>
            <Task>3</Task>
            <Opcode>0</Opcode>
            <Keywords>0x8000000000000000</Keywords>
            <TimeCreated SystemTime='2020-03-18T18:25:39.027981000Z'/>
            <EventRecordID>187</EventRecordID>
            <Correlation/>
            <Execution ProcessID='1104' ThreadID='13220'/>
            <Channel>Microsoft-Windows-Sysmon/Operational</Channel>
            <Computer>DESKTOP-3LRRD6K</Computer>
            <Security UserID='S-1-5-18'/>
        </System>
        <EventData>
            <Data Name='RuleName'></Data>
            <Data Name='UtcTime'>2020-03-18 18:25:37.997</Data>
            <Data Name='ProcessGuid'>{3c251a4e-6be0-5e6e-0000-0010c7a9d012}</Data>
            <Data Name='ProcessId'>7496</Data>
            <Data Name='Image'>C:\Program Files (x86)\Google\Chrome\Application\chrome.exe</Data>
            <Data Name='User'>DESKTOP-3LRRD6K\liabe</Data>
            <Data Name='Protocol'>tcp</Data>
            <Data Name='Initiated'>true</Data>
            <Data Name='SourceIsIpv6'>false</Data>
            <Data Name='SourceIp'>192.168.1.46</Data>
            <Data Name='SourceHostname'>DESKTOP-3LRRD6K.lan1</Data>
            <Data Name='SourcePort'>61998</Data>
            <Data Name='SourcePortName'></Data>
            <Data Name='DestinationIsIpv6'>false</Data>
            <Data Name='DestinationIp'>162.210.196.208</Data>
            <Data Name='DestinationHostname'></Data>
            <Data Name='DestinationPort'>443</Data>
            <Data Name='DestinationPortName'>https</Data>
        </EventData>
    </Event>
    <Event xmlns='http://schemas.microsoft.com/win/2004/08/events/event'>
        <System>
            <Provider Name='Microsoft-Windows-Sysmon' Guid='{5770385f-c22a-43e0-bf4c-06f5698ffbd9}'/>
            <EventID>3</EventID>
            <Version>5</Version>
            <Level>4</Level>
            <Task>3</Task>
            <Opcode>0</Opcode>
            <Keywords>0x8000000000000000</Keywords>
            <TimeCreated SystemTime='2020-03-18T18:25:38.777697500Z'/>
            <EventRecordID>186</EventRecordID>
            <Correlation/>
            <Execution ProcessID='1104' ThreadID='13220'/>
            <Channel>Microsoft-Windows-Sysmon/Operational</Channel>
            <Computer>DESKTOP-3LRRD6K</Computer>
            <Security UserID='S-1-5-18'/>
        </System>
        <EventData>
            <Data Name='RuleName'></Data>
            <Data Name='UtcTime'>2020-03-18 18:25:37.705</Data>
            <Data Name='ProcessGuid'>{3c251a4e-6be0-5e6e-0000-0010c7a9d012}</Data>
            <Data Name='ProcessId'>7496</Data>
            <Data Name='Image'>C:\Program Files (x86)\Google\Chrome\Application\chrome.exe</Data>
            <Data Name='User'>DESKTOP-3LRRD6K\liabe</Data>
            <Data Name='Protocol'>tcp</Data>
            <Data Name='Initiated'>true</Data>
            <Data Name='SourceIsIpv6'>false</Data>
            <Data Name='SourceIp'>192.168.1.46</Data>
            <Data Name='SourceHostname'>DESKTOP-3LRRD6K.lan1</Data>
            <Data Name='SourcePort'>61997</Data>
            <Data Name='SourcePortName'></Data>
            <Data Name='DestinationIsIpv6'>false</Data>
            <Data Name='DestinationIp'>162.210.196.208</Data>
            <Data Name='DestinationHostname'></Data>
            <Data Name='DestinationPort'>443</Data>
            <Data Name='DestinationPortName'>https</Data>
        </EventData>
    </Event>
    <Event xmlns='http://schemas.microsoft.com/win/2004/08/events/event'>
        <System>
            <Provider Name='Microsoft-Windows-Sysmon' Guid='{5770385f-c22a-43e0-bf4c-06f5698ffbd9}'/>
            <EventID>3</EventID>
            <Version>5</Version>
            <Level>4</Level>
            <Task>3</Task>
            <Opcode>0</Opcode>
            <Keywords>0x8000000000000000</Keywords>
            <TimeCreated SystemTime='2020-03-18T18:25:38.777681200Z'/>
            <EventRecordID>185</EventRecordID>
            <Correlation/>
            <Execution ProcessID='1104' ThreadID='13220'/>
            <Channel>Microsoft-Windows-Sysmon/Operational</Channel>
            <Computer>DESKTOP-3LRRD6K</Computer>
            <Security UserID='S-1-5-18'/>
        </System>
        <EventData>
            <Data Name='RuleName'></Data>
            <Data Name='UtcTime'>2020-03-18 18:25:37.670</Data>
            <Data Name='ProcessGuid'>{3c251a4e-6be0-5e6e-0000-0010c7a9d012}</Data>
            <Data Name='ProcessId'>7496</Data>
            <Data Name='Image'>C:\Program Files (x86)\Google\Chrome\Application\chrome.exe</Data>
            <Data Name='User'>DESKTOP-3LRRD6K\liabe</Data>
            <Data Name='Protocol'>udp</Data>
            <Data Name='Initiated'>true</Data>
            <Data Name='SourceIsIpv6'>true</Data>
            <Data Name='SourceIp'>2604:6000:1111:8bda:a900:3e44:c4df:7e13</Data>
            <Data Name='SourceHostname'>DESKTOP-3LRRD6K.lan1</Data>
            <Data Name='SourcePort'>56787</Data>
            <Data Name='SourcePortName'></Data>
            <Data Name='DestinationIsIpv6'>true</Data>
            <Data Name='DestinationIp'>2607:f8b0:4009:804:0:0:0:2001</Data>
            <Data Name='DestinationHostname'>ord38s18-in-x01.1e100.net</Data>
            <Data Name='DestinationPort'>443</Data>
            <Data Name='DestinationPortName'>https</Data>
        </EventData>
    </Event>
    <Event xmlns='http://schemas.microsoft.com/win/2004/08/events/event'>
        <System>
            <Provider Name='Microsoft-Windows-Sysmon' Guid='{5770385f-c22a-43e0-bf4c-06f5698ffbd9}'/>
            <EventID>5</EventID>
            <Version>3</Version>
            <Level>4</Level>
            <Task>5</Task>
            <Opcode>0</Opcode>
            <Keywords>0x8000000000000000</Keywords>
            <TimeCreated SystemTime='2020-03-18T18:25:37.435721900Z'/>
            <EventRecordID>184</EventRecordID>
            <Correlation/>
            <Execution ProcessID='1104' ThreadID='19972'/>
            <Channel>Microsoft-Windows-Sysmon/Operational</Channel>
            <Computer>DESKTOP-3LRRD6K</Computer>
            <Security UserID='S-1-5-18'/>
        </System>
        <EventData>
            <Data Name='RuleName'></Data>
            <Data Name='UtcTime'>2020-03-18 18:25:37.434</Data>
            <Data Name='ProcessGuid'>{3c251a4e-6784-5e72-0000-0010a64a5b75}</Data>
            <Data Name='ProcessId'>19400</Data>
            <Data Name='Image'>C:\Program Files (x86)\Google\Chrome\Application\chrome.exe</Data>
        </EventData>
    </Event>
    <Event xmlns='http://schemas.microsoft.com/win/2004/08/events/event'>
        <System>
            <Provider Name='Microsoft-Windows-Sysmon' Guid='{5770385f-c22a-43e0-bf4c-06f5698ffbd9}'/>
            <EventID>1</EventID>
            <Version>5</Version>
            <Level>4</Level>
            <Task>1</Task>
            <Opcode>0</Opcode>
            <Keywords>0x8000000000000000</Keywords>
            <TimeCreated SystemTime='2020-03-18T18:25:36.551844400Z'/>
            <EventRecordID>183</EventRecordID>
            <Correlation/>
            <Execution ProcessID='1104' ThreadID='19972'/>
            <Channel>Microsoft-Windows-Sysmon/Operational</Channel>
            <Computer>DESKTOP-3LRRD6K</Computer>
            <Security UserID='S-1-5-18'/>
        </System>
        <EventData>
            <Data Name='RuleName'></Data>
            <Data Name='UtcTime'>2020-03-18 18:25:36.546</Data>
            <Data Name='ProcessGuid'>{3c251a4e-67a0-5e72-0000-001087375f75}</Data>
            <Data Name='ProcessId'>23556</Data>
            <Data Name='Image'>C:\Windows\System32\SearchProtocolHost.exe</Data>
            <Data Name='FileVersion'>7.0.18362.719 (WinBuild.160101.0800)</Data>
            <Data Name='Description'>Microsoft Windows Search Protocol Host</Data>
            <Data Name='Product'>Windows® Search</Data>
            <Data Name='Company'>Microsoft Corporation</Data>
            <Data Name='OriginalFileName'>SearchProtocolHost.exe</Data>
            <Data Name='CommandLine'>"C:\Windows\system32\SearchProtocolHost.exe" Global\UsGthrFltPipeMssGthrPipe336_ Global\UsGthrCtrlFltPipeMssGthrPipe336 1 -2147483646 "Software\Microsoft\Windows Search" "Mozilla/4.0 (compatible; MSIE 6.0; Windows NT; MS Search 4.0 Robot)" "C:\ProgramData\Microsoft\Search\Data\Temp\usgthrsvc" "DownLevelDaemon" </Data>
            <Data Name='CurrentDirectory'>C:\Windows\system32\</Data>
            <Data Name='User'>NT AUTHORITY\SYSTEM</Data>
            <Data Name='LogonGuid'>{3c251a4e-898a-5e6c-0000-0020e7030000}</Data>
            <Data Name='LogonId'>0x3e7</Data>
            <Data Name='TerminalSessionId'>0</Data>
            <Data Name='IntegrityLevel'>System</Data>
            <Data Name='Hashes'>SHA1=1846B2584153BF6322C6494E67864EC2C7A09012</Data>
            <Data Name='ParentProcessGuid'>{3c251a4e-8993-5e6c-0000-00103fb30b00}</Data>
            <Data Name='ParentProcessId'>8972</Data>
            <Data Name='ParentImage'>C:\Windows\System32\SearchIndexer.exe</Data>
            <Data Name='ParentCommandLine'>C:\Windows\system32\SearchIndexer.exe /Embedding</Data>
        </EventData>
    </Event>
    <Event xmlns='http://schemas.microsoft.com/win/2004/08/events/event'>
        <System>
            <Provider Name='Microsoft-Windows-Sysmon' Guid='{5770385f-c22a-43e0-bf4c-06f5698ffbd9}'/>
            <EventID>3</EventID>
            <Version>5</Version>
            <Level>4</Level>
            <Task>3</Task>
            <Opcode>0</Opcode>
            <Keywords>0x8000000000000000</Keywords>
            <TimeCreated SystemTime='2020-03-18T18:25:36.524066100Z'/>
            <EventRecordID>182</EventRecordID>
            <Correlation/>
            <Execution ProcessID='1104' ThreadID='13220'/>
            <Channel>Microsoft-Windows-Sysmon/Operational</Channel>
            <Computer>DESKTOP-3LRRD6K</Computer>
            <Security UserID='S-1-5-18'/>
        </System>
        <EventData>
            <Data Name='RuleName'></Data>
            <Data Name='UtcTime'>2020-03-18 18:25:35.288</Data>
            <Data Name='ProcessGuid'>{3c251a4e-6be0-5e6e-0000-0010c7a9d012}</Data>
            <Data Name='ProcessId'>7496</Data>
            <Data Name='Image'>C:\Program Files (x86)\Google\Chrome\Application\chrome.exe</Data>
            <Data Name='User'>DESKTOP-3LRRD6K\liabe</Data>
            <Data Name='Protocol'>udp</Data>
            <Data Name='Initiated'>true</Data>
            <Data Name='SourceIsIpv6'>true</Data>
            <Data Name='SourceIp'>2604:6000:1111:8bda:a900:3e44:c4df:7e13</Data>
            <Data Name='SourceHostname'>DESKTOP-3LRRD6K.lan1</Data>
            <Data Name='SourcePort'>60292</Data>
            <Data Name='SourcePortName'></Data>
            <Data Name='DestinationIsIpv6'>true</Data>
            <Data Name='DestinationIp'>2607:f8b0:4009:806:0:0:0:2003</Data>
            <Data Name='DestinationHostname'>ord37s19-in-x03.1e100.net</Data>
            <Data Name='DestinationPort'>443</Data>
            <Data Name='DestinationPortName'>https</Data>
        </EventData>
    </Event>
    <Event xmlns='http://schemas.microsoft.com/win/2004/08/events/event'>
        <System>
            <Provider Name='Microsoft-Windows-Sysmon' Guid='{5770385f-c22a-43e0-bf4c-06f5698ffbd9}'/>
            <EventID>3</EventID>
            <Version>5</Version>
            <Level>4</Level>
            <Task>3</Task>
            <Opcode>0</Opcode>
            <Keywords>0x8000000000000000</Keywords>
            <TimeCreated SystemTime='2020-03-18T18:25:36.273746100Z'/>
            <EventRecordID>181</EventRecordID>
            <Correlation/>
            <Execution ProcessID='1104' ThreadID='13220'/>
            <Channel>Microsoft-Windows-Sysmon/Operational</Channel>
            <Computer>DESKTOP-3LRRD6K</Computer>
            <Security UserID='S-1-5-18'/>
        </System>
        <EventData>
            <Data Name='RuleName'></Data>
            <Data Name='UtcTime'>2020-03-18 18:25:34.779</Data>
            <Data Name='ProcessGuid'>{3c251a4e-6be0-5e6e-0000-0010c7a9d012}</Data>
            <Data Name='ProcessId'>7496</Data>
            <Data Name='Image'>C:\Program Files (x86)\Google\Chrome\Application\chrome.exe</Data>
            <Data Name='User'>DESKTOP-3LRRD6K\liabe</Data>
            <Data Name='Protocol'>udp</Data>
            <Data Name='Initiated'>true</Data>
            <Data Name='SourceIsIpv6'>true</Data>
            <Data Name='SourceIp'>2604:6000:1111:8bda:a900:3e44:c4df:7e13</Data>
            <Data Name='SourceHostname'>DESKTOP-3LRRD6K.lan1</Data>
            <Data Name='SourcePort'>62216</Data>
            <Data Name='SourcePortName'></Data>
            <Data Name='DestinationIsIpv6'>true</Data>
            <Data Name='DestinationIp'>2607:f8b0:4009:812:0:0:0:200e</Data>
            <Data Name='DestinationHostname'></Data>
            <Data Name='DestinationPort'>443</Data>
            <Data Name='DestinationPortName'>https</Data>
        </EventData>
    </Event>
    <Event xmlns='http://schemas.microsoft.com/win/2004/08/events/event'>
        <System>
            <Provider Name='Microsoft-Windows-Sysmon' Guid='{5770385f-c22a-43e0-bf4c-06f5698ffbd9}'/>
            <EventID>3</EventID>
            <Version>5</Version>
            <Level>4</Level>
            <Task>3</Task>
            <Opcode>0</Opcode>
            <Keywords>0x8000000000000000</Keywords>
            <TimeCreated SystemTime='2020-03-18T18:25:35.271752900Z'/>
            <EventRecordID>180</EventRecordID>
            <Correlation/>
            <Execution ProcessID='1104' ThreadID='13220'/>
            <Channel>Microsoft-Windows-Sysmon/Operational</Channel>
            <Computer>DESKTOP-3LRRD6K</Computer>
            <Security UserID='S-1-5-18'/>
        </System>
        <EventData>
            <Data Name='RuleName'></Data>
            <Data Name='UtcTime'>2020-03-18 18:25:34.256</Data>
            <Data Name='ProcessGuid'>{3c251a4e-8986-5e6c-0000-0010eb030000}</Data>
            <Data Name='ProcessId'>4</Data>
            <Data Name='Image'>System</Data>
            <Data Name='User'>NT AUTHORITY\SYSTEM</Data>
            <Data Name='Protocol'>udp</Data>
            <Data Name='Initiated'>true</Data>
            <Data Name='SourceIsIpv6'>false</Data>
            <Data Name='SourceIp'>192.168.1.46</Data>
            <Data Name='SourceHostname'>DESKTOP-3LRRD6K.lan1</Data>
            <Data Name='SourcePort'>137</Data>
            <Data Name='SourcePortName'>netbios-ns</Data>
            <Data Name='DestinationIsIpv6'>false</Data>
            <Data Name='DestinationIp'>134.175.60.10</Data>
            <Data Name='DestinationHostname'></Data>
            <Data Name='DestinationPort'>137</Data>
            <Data Name='DestinationPortName'>netbios-ns</Data>
        </EventData>
    </Event>
    <Event xmlns='http://schemas.microsoft.com/win/2004/08/events/event'>
        <System>
            <Provider Name='Microsoft-Windows-Sysmon' Guid='{5770385f-c22a-43e0-bf4c-06f5698ffbd9}'/>
            <EventID>3</EventID>
            <Version>5</Version>
            <Level>4</Level>
            <Task>3</Task>
            <Opcode>0</Opcode>
            <Keywords>0x8000000000000000</Keywords>
            <TimeCreated SystemTime='2020-03-18T18:25:35.271742700Z'/>
            <EventRecordID>179</EventRecordID>
            <Correlation/>
            <Execution ProcessID='1104' ThreadID='13220'/>
            <Channel>Microsoft-Windows-Sysmon/Operational</Channel>
            <Computer>DESKTOP-3LRRD6K</Computer>
            <Security UserID='S-1-5-18'/>
        </System>
        <EventData>
            <Data Name='RuleName'></Data>
            <Data Name='UtcTime'>2020-03-18 18:25:34.221</Data>
            <Data Name='ProcessGuid'>{3c251a4e-6be0-5e6e-0000-0010c7a9d012}</Data>
            <Data Name='ProcessId'>7496</Data>
            <Data Name='Image'>C:\Program Files (x86)\Google\Chrome\Application\chrome.exe</Data>
            <Data Name='User'>DESKTOP-3LRRD6K\liabe</Data>
            <Data Name='Protocol'>udp</Data>
            <Data Name='Initiated'>true</Data>
            <Data Name='SourceIsIpv6'>true</Data>
            <Data Name='SourceIp'>2604:6000:1111:8bda:a900:3e44:c4df:7e13</Data>
            <Data Name='SourceHostname'>DESKTOP-3LRRD6K.lan1</Data>
            <Data Name='SourcePort'>51063</Data>
            <Data Name='SourcePortName'></Data>
            <Data Name='DestinationIsIpv6'>true</Data>
            <Data Name='DestinationIp'>2607:f8b0:4009:807:0:0:0:2003</Data>
            <Data Name='DestinationHostname'></Data>
            <Data Name='DestinationPort'>443</Data>
            <Data Name='DestinationPortName'>https</Data>
        </EventData>
    </Event>
    <Event xmlns='http://schemas.microsoft.com/win/2004/08/events/event'>
        <System>
            <Provider Name='Microsoft-Windows-Sysmon' Guid='{5770385f-c22a-43e0-bf4c-06f5698ffbd9}'/>
            <EventID>3</EventID>
            <Version>5</Version>
            <Level>4</Level>
            <Task>3</Task>
            <Opcode>0</Opcode>
            <Keywords>0x8000000000000000</Keywords>
            <TimeCreated SystemTime='2020-03-18T18:25:35.271729100Z'/>
            <EventRecordID>178</EventRecordID>
            <Correlation/>
            <Execution ProcessID='1104' ThreadID='13220'/>
            <Channel>Microsoft-Windows-Sysmon/Operational</Channel>
            <Computer>DESKTOP-3LRRD6K</Computer>
            <Security UserID='S-1-5-18'/>
        </System>
        <EventData>
            <Data Name='RuleName'></Data>
            <Data Name='UtcTime'>2020-03-18 18:25:33.343</Data>
            <Data Name='ProcessGuid'>{3c251a4e-8986-5e6c-0000-0010eb030000}</Data>
            <Data Name='ProcessId'>4</Data>
            <Data Name='Image'>System</Data>
            <Data Name='User'>NT AUTHORITY\SYSTEM</Data>
            <Data Name='Protocol'>udp</Data>
            <Data Name='Initiated'>true</Data>
            <Data Name='SourceIsIpv6'>false</Data>
            <Data Name='SourceIp'>192.168.1.46</Data>
            <Data Name='SourceHostname'>DESKTOP-3LRRD6K.lan1</Data>
            <Data Name='SourcePort'>137</Data>
            <Data Name='SourcePortName'>netbios-ns</Data>
            <Data Name='DestinationIsIpv6'>false</Data>
            <Data Name='DestinationIp'>52.46.131.85</Data>
            <Data Name='DestinationHostname'></Data>
            <Data Name='DestinationPort'>137</Data>
            <Data Name='DestinationPortName'>netbios-ns</Data>
        </EventData>
    </Event>
    <Event xmlns='http://schemas.microsoft.com/win/2004/08/events/event'>
        <System>
            <Provider Name='Microsoft-Windows-Sysmon' Guid='{5770385f-c22a-43e0-bf4c-06f5698ffbd9}'/>
            <EventID>3</EventID>
            <Version>5</Version>
            <Level>4</Level>
            <Task>3</Task>
            <Opcode>0</Opcode>
            <Keywords>0x8000000000000000</Keywords>
            <TimeCreated SystemTime='2020-03-18T18:25:35.271714700Z'/>
            <EventRecordID>177</EventRecordID>
            <Correlation/>
            <Execution ProcessID='1104' ThreadID='13220'/>
            <Channel>Microsoft-Windows-Sysmon/Operational</Channel>
            <Computer>DESKTOP-3LRRD6K</Computer>
            <Security UserID='S-1-5-18'/>
        </System>
        <EventData>
            <Data Name='RuleName'></Data>
            <Data Name='UtcTime'>2020-03-18 18:25:33.331</Data>
            <Data Name='ProcessGuid'>{3c251a4e-8986-5e6c-0000-0010eb030000}</Data>
            <Data Name='ProcessId'>4</Data>
            <Data Name='Image'>System</Data>
            <Data Name='User'>NT AUTHORITY\SYSTEM</Data>
            <Data Name='Protocol'>udp</Data>
            <Data Name='Initiated'>true</Data>
            <Data Name='SourceIsIpv6'>false</Data>
            <Data Name='SourceIp'>192.168.1.46</Data>
            <Data Name='SourceHostname'>DESKTOP-3LRRD6K.lan1</Data>
            <Data Name='SourcePort'>137</Data>
            <Data Name='SourcePortName'>netbios-ns</Data>
            <Data Name='DestinationIsIpv6'>false</Data>
            <Data Name='DestinationIp'>52.94.225.95</Data>
            <Data Name='DestinationHostname'></Data>
            <Data Name='DestinationPort'>137</Data>
            <Data Name='DestinationPortName'>netbios-ns</Data>
        </EventData>
    </Event>
    <Event xmlns='http://schemas.microsoft.com/win/2004/08/events/event'>
        <System>
            <Provider Name='Microsoft-Windows-Sysmon' Guid='{5770385f-c22a-43e0-bf4c-06f5698ffbd9}'/>
            <EventID>3</EventID>
            <Version>5</Version>
            <Level>4</Level>
            <Task>3</Task>
            <Opcode>0</Opcode>
            <Keywords>0x8000000000000000</Keywords>
            <TimeCreated SystemTime='2020-03-18T18:25:34.270296300Z'/>
            <EventRecordID>176</EventRecordID>
            <Correlation/>
            <Execution ProcessID='1104' ThreadID='13220'/>
            <Channel>Microsoft-Windows-Sysmon/Operational</Channel>
            <Computer>DESKTOP-3LRRD6K</Computer>
            <Security UserID='S-1-5-18'/>
        </System>
        <EventData>
            <Data Name='RuleName'></Data>
            <Data Name='UtcTime'>2020-03-18 18:25:33.263</Data>
            <Data Name='ProcessGuid'>{3c251a4e-898b-5e6c-0000-00101a670300}</Data>
            <Data Name='ProcessId'>3276</Data>
            <Data Name='Image'>C:\Windows\SysWOW64\svchost.exe</Data>
            <Data Name='User'>NT AUTHORITY\SYSTEM</Data>
            <Data Name='Protocol'>udp</Data>
            <Data Name='Initiated'>true</Data>
            <Data Name='SourceIsIpv6'>false</Data>
            <Data Name='SourceIp'>192.168.1.46</Data>
            <Data Name='SourceHostname'>DESKTOP-3LRRD6K.lan1</Data>
            <Data Name='SourcePort'>57782</Data>
            <Data Name='SourcePortName'></Data>
            <Data Name='DestinationIsIpv6'>false</Data>
            <Data Name='DestinationIp'>134.175.60.10</Data>
            <Data Name='DestinationHostname'></Data>
            <Data Name='DestinationPort'>7700</Data>
            <Data Name='DestinationPortName'></Data>
        </EventData>
    </Event>
    <Event xmlns='http://schemas.microsoft.com/win/2004/08/events/event'>
        <System>
            <Provider Name='Microsoft-Windows-Sysmon' Guid='{5770385f-c22a-43e0-bf4c-06f5698ffbd9}'/>
            <EventID>2</EventID>
            <Version>4</Version>
            <Level>4</Level>
            <Task>2</Task>
            <Opcode>0</Opcode>
            <Keywords>0x8000000000000000</Keywords>
            <TimeCreated SystemTime='2020-03-18T18:25:34.188407800Z'/>
            <EventRecordID>175</EventRecordID>
            <Correlation/>
            <Execution ProcessID='1104' ThreadID='19972'/>
            <Channel>Microsoft-Windows-Sysmon/Operational</Channel>
            <Computer>DESKTOP-3LRRD6K</Computer>
            <Security UserID='S-1-5-18'/>
        </System>
        <EventData>
            <Data Name='RuleName'></Data>
            <Data Name='UtcTime'>2020-03-18 18:25:34.187</Data>
            <Data Name='ProcessGuid'>{3c251a4e-6bdf-5e6e-0000-0010fe80d012}</Data>
            <Data Name='ProcessId'>6104</Data>
            <Data Name='Image'>C:\Program Files (x86)\Google\Chrome\Application\chrome.exe</Data>
            <Data Name='TargetFilename'>C:\Users\liabe\AppData\Local\Google\Chrome\User Data\Default\IndexedDB\https_docs.google.com_0.indexeddb.leveldb\LOG</Data>
            <Data Name='CreationUtcTime'>2019-09-01 00:10:04.160</Data>
            <Data Name='PreviousCreationUtcTime'>2019-09-01 00:10:04.160</Data>
        </EventData>
    </Event>
    