<?xml version="1.0" encoding="utf-8" standalone="yes"?>
<Events>
    <Event xmlns='http://schemas.microsoft.com/win/2004/08/events/event'>
        <System>
            <Provider Name='Microsoft-Windows-Sysmon' Guid='{5770385f-c22a-43e0-bf4c-06f5698ffbd9}'/>
            <EventID>5</EventID>
            <Version>3</Version>
            <Level>4</Level>
            <Task>5</Task>
            <Opcode>0</Opcode>
            <Keywords>0x8000000000000000</Keywords>
            <TimeCreated SystemTime='2020-03-18T18:26:08.189295700Z'/>
            <EventRecordID>230</EventRecordID>
            <Correlation/>
            <Execution ProcessID='1104' ThreadID='19972'/>
            <Channel>Microsoft-Windows-Sysmon/Operational</Channel>
            <Computer>DESKTOP-3LRRD6K</Computer>
            <Security UserID='S-1-5-18'/>
        </System>
        <EventData>
            <Data Name='RuleName'></Data>
            <Data Name='UtcTime'>2020-03-18 18:26:08.188</Data>
            <Data Name='ProcessGuid'>{3c251a4e-67a3-5e72-0000-001083c25f75}</Data>
            <Data Name='ProcessId'>25456</Data>
            <Data Name='Image'>C:\Program Files (x86)\Google\Chrome\Application\chrome.exe</Data>
        </EventData>
    </Event>
    <Event xmlns='http://schemas.microsoft.com/win/2004/08/events/event'>
        <System>
            <Provider Name='Microsoft-Windows-Sysmon' Guid='{5770385f-c22a-43e0-bf4c-06f5698ffbd9}'/>
            <EventID>3</EventID>
            <Version>5</Version>
            <Level>4</Level>
            <Task>3</Task>
            <Opcode>0</Opcode>
            <Keywords>0x8000000000000000</Keywords>
            <TimeCreated SystemTime='2020-03-18T18:26:04.329625800Z'/>
            <EventRecordID>229</EventRecordID>
            <Correlation/>
            <Execution ProcessID='1104' ThreadID='13220'/>
            <Channel>Microsoft-Windows-Sysmon/Operational</Channel>
            <Computer>DESKTOP-3LRRD6K</Computer>
            <Security UserID='S-1-5-18'/>
        </System>
        <EventData>
            <Data Name='RuleName'></Data>
            <Data Name='UtcTime'>2020-03-18 18:26:02.341</Data>
            <Data Name='ProcessGuid'>{3c251a4e-6be0-5e6e-0000-0010c7a9d012}</Data>
            <Data Name='ProcessId'>7496</Data>
            <Data Name='Image'>C:\Program Files (x86)\Google\Chrome\Application\chrome.exe</Data>
            <Data Name='User'>DESKTOP-3LRRD6K\liabe</Data>
            <Data Name='Protocol'>tcp</Data>
            <Data Name='Initiated'>true</Data>
            <Data Name='SourceIsIpv6'>false</Data>
            <Data Name='SourceIp'>192.168.1.46</Data>
            <Data Name='SourceHostname'>DESKTOP-3LRRD6K.lan1</Data>
            <Data Name='SourcePort'>62015</Data>
            <Data Name='SourcePortName'></Data>
            <Data Name='DestinationIsIpv6'>false</Data>
            <Data Name='DestinationIp'>52.94.240.125</Data>
            <Data Name='DestinationHostname'></Data>
            <Data Name='DestinationPort'>443</Data>
            <Data Name='DestinationPortName'>https</Data>
        </EventData>
    </Event>
    <Event xmlns='http://schemas.microsoft.com/win/2004/08/events/event'>
        <System>
            <Provider Name='Microsoft-Windows-Sysmon' Guid='{5770385f-c22a-43e0-bf4c-06f5698ffbd9}'/>
            <EventID>2</EventID>
            <Version>4</Version>
            <Level>4</Level>
            <Task>2</Task>
            <Opcode>0</Opcode>
            <Keywords>0x8000000000000000</Keywords>
            <TimeCreated SystemTime='2020-03-18T18:26:03.994221700Z'/>
            <EventRecordID>228</EventRecordID>
            <Correlation/>
            <Execution ProcessID='1104' ThreadID='19972'/>
            <Channel>Microsoft-Windows-Sysmon/Operational</Channel>
            <Computer>DESKTOP-3LRRD6K</Computer>
            <Security UserID='S-1-5-18'/>
        </System>
        <EventData>
            <Data Name='RuleName'></Data>
            <Data Name='UtcTime'>2020-03-18 18:26:03.994</Data>
            <Data Name='ProcessGuid'>{3c251a4e-6bdf-5e6e-0000-0010fe80d012}</Data>
            <Data Name='ProcessId'>6104</Data>
            <Data Name='Image'>C:\Program Files (x86)\Google\Chrome\Application\chrome.exe</Data>
            <Data Name='TargetFilename'>C:\Users\liabe\AppData\Local\Google\Chrome\User Data\Default\9667fd06-f78d-4143-9715-98c6e359f758.tmp</Data>
            <Data Name='CreationUtcTime'>2019-08-21 22:58:24.952</Data>
            <Data Name='PreviousCreationUtcTime'>2020-03-18 18:26:03.991</Data>
        </EventData>
    </Event>
    <Event xmlns='http://schemas.microsoft.com/win/2004/08/events/event'>
        <System>
            <Provider Name='Microsoft-Windows-Sysmon' Guid='{5770385f-c22a-43e0-bf4c-06f5698ffbd9}'/>
            <EventID>2</EventID>
            <Version>4</Version>
            <Level>4</Level>
            <Task>2</Task>
            <Opcode>0</Opcode>
            <Keywords>0x8000000000000000</Keywords>
            <TimeCreated SystemTime='2020-03-18T18:26:03.991308400Z'/>
            <EventRecordID>227</EventRecordID>
            <Correlation/>
            <Execution ProcessID='1104' ThreadID='19972'/>
            <Channel>Microsoft-Windows-Sysmon/Operational</Channel>
            <Computer>DESKTOP-3LRRD6K</Computer>
            <Security UserID='S-1-5-18'/>
        </System>
        <EventData>
            <Data Name='RuleName'></Data>
            <Data Name='UtcTime'>2020-03-18 18:26:03.991</Data>
            <Data Name='ProcessGuid'>{3c251a4e-6bdf-5e6e-0000-0010fe80d012}</Data>
            <Data Name='ProcessId'>6104</Data>
            <Data Name='Image'>C:\Program Files (x86)\Google\Chrome\Application\chrome.exe</Data>
            <Data Name='TargetFilename'>C:\Users\liabe\AppData\Local\Google\Chrome\User Data\d771593e-71ce-44c6-8bbe-065a5d586803.tmp</Data>
            <Data Name='CreationUtcTime'>2019-08-21 22:58:26.714</Data>
            <Data Name='PreviousCreationUtcTime'>2020-03-18 18:26:03.987</Data>
        </EventData>
    </Event>
    <Event xmlns='http://schemas.microsoft.com/win/2004/08/events/event'>
        <System>
            <Provider Name='Microsoft-Windows-Sysmon' Guid='{5770385f-c22a-43e0-bf4c-06f5698ffbd9}'/>
            <EventID>3</EventID>
            <Version>5</Version>
            <Level>4</Level>
            <Task>3</Task>
            <Opcode>0</Opcode>
            <Keywords>0x8000000000000000</Keywords>
            <TimeCreated SystemTime='2020-03-18T18:26:03.327008100Z'/>
            <EventRecordID>226</EventRecordID>
            <Correlation/>
            <Execution ProcessID='1104' ThreadID='13220'/>
            <Channel>Microsoft-Windows-Sysmon/Operational</Channel>
            <Computer>DESKTOP-3LRRD6K</Computer>
            <Security UserID='S-1-5-18'/>
        </System>
        <EventData>
            <Data Name='RuleName'></Data>
            <Data Name='UtcTime'>2020-03-18 18:26:02.213</Data>
            <Data Name='ProcessGuid'>{3c251a4e-6be0-5e6e-0000-0010c7a9d012}</Data>
            <Data Name='ProcessId'>7496</Data>
            <Data Name='Image'>C:\Program Files (x86)\Google\Chrome\Application\chrome.exe</Data>
            <Data Name='User'>DESKTOP-3LRRD6K\liabe</Data>
            <Data Name='Protocol'>tcp</Data>
            <Data Name='Initiated'>true</Data>
            <Data Name='SourceIsIpv6'>false</Data>
            <Data Name='SourceIp'>192.168.1.46</Data>
            <Data Name='SourceHostname'>DESKTOP-3LRRD6K.lan1</Data>
            <Data Name='SourcePort'>62014</Data>
            <Data Name='SourcePortName'></Data>
            <Data Name='DestinationIsIpv6'>false</Data>
            <Data Name='DestinationIp'>52.94.225.95</Data>
            <Data Name='DestinationHostname'></Data>
            <Data Name='DestinationPort'>443</Data>
            <Data Name='DestinationPortName'>https</Data>
        </EventData>
    </Event>
    <Event xmlns='http://schemas.microsoft.com/win/2004/08/events/event'>
        <System>
            <Provider Name='Microsoft-Windows-Sysmon' Guid='{5770385f-c22a-43e0-bf4c-06f5698ffbd9}'/>
            <EventID>3</EventID>
            <Version>5</Version>
            <Level>4</Level>
            <Task>3</Task>
            <Opcode>0</Opcode>
            <Keywords>0x8000000000000000</Keywords>
            <TimeCreated SystemTime='2020-03-18T18:26:03.326998100Z'/>
            <EventRecordID>225</EventRecordID>
            <Correlation/>
            <Execution ProcessID='1104' ThreadID='13220'/>
            <Channel>Microsoft-Windows-Sysmon/Operational</Channel>
            <Computer>DESKTOP-3LRRD6K</Computer>
            <Security UserID='S-1-5-18'/>
        </System>
        <EventData>
            <Data Name='RuleName'></Data>
            <Data Name='UtcTime'>2020-03-18 18:26:02.208</Data>
            <Data Name='ProcessGuid'>{3c251a4e-6be0-5e6e-0000-0010c7a9d012}</Data>
            <Data Name='ProcessId'>7496</Data>
            <Data Name='Image'>C:\Program Files (x86)\Google\Chrome\Application\chrome.exe</Data>
            <Data Name='User'>DESKTOP-3LRRD6K\liabe</Data>
            <Data Name='Protocol'>tcp</Data>
            <Data Name='Initiated'>true</Data>
            <Data Name='SourceIsIpv6'>false</Data>
            <Data Name='SourceIp'>192.168.1.46</Data>
            <Data Name='SourceHostname'>DESKTOP-3LRRD6K.lan1</Data>
            <Data Name='SourcePort'>62013</Data>
            <Data Name='SourcePortName'></Data>
            <Data Name='DestinationIsIpv6'>false</Data>
            <Data Name='DestinationIp'>52.94.225.95</Data>
            <Data Name='DestinationHostname'></Data>
            <Data Name='DestinationPort'>443</Data>
            <Data Name='DestinationPortName'>https</Data>
        </EventData>
    </Event>
    <Event xmlns='http://schemas.microsoft.com/win/2004/08/events/event'>
        <System>
            <Provider Name='Microsoft-Windows-Sysmon' Guid='{5770385f-c22a-43e0-bf4c-06f5698ffbd9}'/>
            <EventID>3</EventID>
            <Version>5</Version>
            <Level>4</Level>
            <Task>3</Task>
            <Opcode>0</Opcode>
            <Keywords>0x8000000000000000</Keywords>
            <TimeCreated SystemTime='2020-03-18T18:26:03.326983500Z'/>
            <EventRecordID>224</EventRecordID>
            <Correlation/>
            <Execution ProcessID='1104' ThreadID='13220'/>
            <Channel>Microsoft-Windows-Sysmon/Operational</Channel>
            <Computer>DESKTOP-3LRRD6K</Computer>
            <Security UserID='S-1-5-18'/>
        </System>
        <EventData>
            <Data Name='RuleName'></Data>
            <Data Name='UtcTime'>2020-03-18 18:26:01.785</Data>
            <Data Name='ProcessGuid'>{3c251a4e-6be0-5e6e-0000-0010c7a9d012}</Data>
            <Data Name='ProcessId'>7496</Data>
            <Data Name='Image'>C:\Program Files (x86)\Google\Chrome\Application\chrome.exe</Data>
            <Data Name='User'>DESKTOP-3LRRD6K\liabe</Data>
            <Data Name='Protocol'>tcp</Data>
            <Data Name='Initiated'>true</Data>
            <Data Name='SourceIsIpv6'>false</Data>
            <Data Name='SourceIp'>192.168.1.46</Data>
            <Data Name='SourceHostname'>DESKTOP-3LRRD6K.lan1</Data>
            <Data Name='SourcePort'>62012</Data>
            <Data Name='SourcePortName'></Data>
            <Data Name='DestinationIsIpv6'>false</Data>
            <Data Name='DestinationIp'>52.46.131.85</Data>
            <Data Name='DestinationHostname'></Data>
            <Data Name='DestinationPort'>443</Data>
            <Data Name='DestinationPortName'>https</Data>
        </EventData>
    </Event>
    <Event xmlns='http://schemas.microsoft.com/win/2004/08/events/event'>
        <System>
            <Provider Name='Microsoft-Windows-Sysmon' Guid='{5770385f-c22a-43e0-bf4c-06f5698ffbd9}'/>
            <EventID>3</EventID>
            <Version>5</Version>
            <Level>4</Level>
            <Task>3</Task>
            <Opcode>0</Opcode>
            <Keywords>0x8000000000000000</Keywords>
            <TimeCreated SystemTime='2020-03-18T18:26:02.325030500Z'/>
            <EventRecordID>223</EventRecordID>
            <Correlation/>
            <Execution ProcessID='1104' ThreadID='13220'/>
            <Channel>Microsoft-Windows-Sysmon/Operational</Channel>
            <Computer>DESKTOP-3LRRD6K</Computer>
            <Security UserID='S-1-5-18'/>
        </System>
        <EventData>
            <Data Name='RuleName'></Data>
            <Data Name='UtcTime'>2020-03-18 18:26:00.685</Data>
            <Data Name='ProcessGuid'>{3c251a4e-6be0-5e6e-0000-0010c7a9d012}</Data>
            <Data Name='ProcessId'>7496</Data>
            <Data Name='Image'>C:\Program Files (x86)\Google\Chrome\Application\chrome.exe</Data>
            <Data Name='User'>DESKTOP-3LRRD6K\liabe</Data>
            <Data Name='Protocol'>tcp</Data>
            <Data Name='Initiated'>true</Data>
            <Data Name='SourceIsIpv6'>false</Data>
            <Data Name='SourceIp'>192.168.1.46</Data>
            <Data Name='SourceHostname'>DESKTOP-3LRRD6K.lan1</Data>
            <Data Name='SourcePort'>62011</Data>
            <Data Name='SourcePortName'></Data>
            <Data Name='DestinationIsIpv6'>false</Data>
            <Data Name='DestinationIp'>162.210.196.208</Data>
            <Data Name='DestinationHostname'></Data>
            <Data Name='DestinationPort'>443</Data>
            <Data Name='DestinationPortName'>https</Data>
        </EventData>
    </Event>
    <Event xmlns='http://schemas.microsoft.com/win/2004/08/events/event'>
        <System>
            <Provider Name='Microsoft-Windows-Sysmon' Guid='{5770385f-c22a-43e0-bf4c-06f5698ffbd9}'/>
            <EventID>3</EventID>
            <Version>5</Version>
            <Level>4</Level>
            <Task>3</Task>
            <Opcode>0</Opcode>
            <Keywords>0x8000000000000000</Keywords>
            <TimeCreated SystemTime='2020-03-18T18:26:02.325021100Z'/>
            <EventRecordID>222</EventRecordID>
            <Correlation/>
            <Execution ProcessID='1104' ThreadID='13220'/>
            <Channel>Microsoft-Windows-Sysmon/Operational</Channel>
            <Computer>DESKTOP-3LRRD6K</Computer>
            <Security UserID='S-1-5-18'/>
        </System>
        <EventData>
            <Data Name='RuleName'></Data>
            <Data Name='UtcTime'>2020-03-18 18:26:00.583</Data>
            <Data Name='ProcessGuid'>{3c251a4e-6be0-5e6e-0000-0010c7a9d012}</Data>
            <Data Name='ProcessId'>7496</Data>
            <Data Name='Image'>C:\Program Files (x86)\Google\Chrome\Application\chrome.exe</Data>
            <Data Name='User'>DESKTOP-3LRRD6K\liabe</Data>
            <Data Name='Protocol'>tcp</Data>
            <Data Name='Initiated'>true</Data>
            <Data Name='SourceIsIpv6'>false</Data>
            <Data Name='SourceIp'>192.168.1.46</Data>
            <Data Name='SourceHostname'>DESKTOP-3LRRD6K.lan1</Data>
            <Data Name='SourcePort'>62010</Data>
            <Data Name='SourcePortName'></Data>
            <Data Name='DestinationIsIpv6'>false</Data>
            <Data Name='DestinationIp'>162.210.196.208</Data>
            <Data Name='DestinationHostname'></Data>
            <Data Name='DestinationPort'>443</Data>
            <Data Name='DestinationPortName'>https</Data>
        </EventData>
    </Event>
    <Event xmlns='http://schemas.microsoft.com/win/2004/08/events/event'>
        <System>
            <Provider Name='Microsoft-Windows-Sysmon' Guid='{5770385f-c22a-43e0-bf4c-06f5698ffbd9}'/>
            <EventID>3</EventID>
            <Version>5</Version>
            <Level>4</Level>
            <Task>3</Task>
            <Opcode>0</Opcode>
            <Keywords>0x8000000000000000</Keywords>
            <TimeCreated SystemTime='2020-03-18T18:26:02.325011300Z'/>
            <EventRecordID>221</EventRecordID>
            <Correlation/>
            <Execution ProcessID='1104' ThreadID='13220'/>
            <Channel>Microsoft-Windows-Sysmon/Operational</Channel>
            <Computer>DESKTOP-3LRRD6K</Computer>
            <Security UserID='S-1-5-18'/>
        </System>
        <EventData>
            <Data Name='RuleName'></Data>
            <Data Name='UtcTime'>2020-03-18 18:26:00.583</Data>
            <Data Name='ProcessGuid'>{3c251a4e-6be0-5e6e-0000-0010c7a9d012}</Data>
            <Data Name='ProcessId'>7496</Data>
            <Data Name='Image'>C:\Program Files (x86)\Google\Chrome\Application\chrome.exe</Data>
            <Data Name='User'>DESKTOP-3LRRD6K\liabe</Data>
            <Data Name='Protocol'>tcp</Data>
            <Data Name='Initiated'>true</Data>
            <Data Name='SourceIsIpv6'>false</Data>
            <Data Name='SourceIp'>192.168.1.46</Data>
            <Data Name='SourceHostname'>DESKTOP-3LRRD6K.lan1</Data>
            <Data Name='SourcePort'>62009</Data>
            <Data Name='SourcePortName'></Data>
            <Data Name='DestinationIsIpv6'>false</Data>
            <Data Name='DestinationIp'>162.210.196.208</Data>
            <Data Name='DestinationHostname'></Data>
            <Data Name='DestinationPort'>443</Data>
            <Data Name='DestinationPortName'>https</Data>
        </EventData>
    </Event>
    <Event xmlns='http://schemas.microsoft.com/win/2004/08/events/event'>
        <System>
            <Provider Name='Microsoft-Windows-Sysmon' Guid='{5770385f-c22a-43e0-bf4c-06f5698ffbd9}'/>
            <EventID>3</EventID>
            <Version>5</Version>
            <Level>4</Level>
            <Task>3</Task>
            <Opcode>0</Opcode>
            <Keywords>0x8000000000000000</Keywords>
            <TimeCreated SystemTime='2020-03-18T18:26:02.324996500Z'/>
            <EventRecordID>220</EventRecordID>
            <Correlation/>
            <Execution ProcessID='1104' ThreadID='13220'/>
            <Channel>Microsoft-Windows-Sysmon/Operational</Channel>
            <Computer>DESKTOP-3LRRD6K</Computer>
            <Security UserID='S-1-5-18'/>
        </System>
        <EventData>
            <Data Name='RuleName'></Data>
            <Data Name='UtcTime'>2020-03-18 18:26:00.414</Data>
            <Data Name='ProcessGuid'>{3c251a4e-6be0-5e6e-0000-0010c7a9d012}</Data>
            <Data Name='ProcessId'>7496</Data>
            <Data Name='Image'>C:\Program Files (x86)\Google\Chrome\Application\chrome.exe</Data>
            <Data Name='User'>DESKTOP-3LRRD6K\liabe</Data>
            <Data Name='Protocol'>tcp</Data>
            <Data Name='Initiated'>true</Data>
            <Data Name='SourceIsIpv6'>false</Data>
            <Data Name='SourceIp'>192.168.1.46</Data>
            <Data Name='SourceHostname'>DESKTOP-3LRRD6K.lan1</Data>
            <Data Name='SourcePort'>62008</Data>
            <Data Name='SourcePortName'></Data>
            <Data Name='DestinationIsIpv6'>false</Data>
            <Data Name='DestinationIp'>162.210.196.208</Data>
            <Data Name='DestinationHostname'></Data>
            <Data Name='DestinationPort'>443</Data>
            <Data Name='DestinationPortName'>https</Data>
        </EventData>
    </Event>
    <Event xmlns='http://schemas.microsoft.com/win/2004/08/events/event'>
        <System>
            <Provider Name='Microsoft-Windows-Sysmon' Guid='{5770385f-c22a-43e0-bf4c-06f5698ffbd9}'/>
            <EventID>1</EventID>
            <Version>5</Version>
            <Level>4</Level>
            <Task>1</Task>
            <Opcode>0</Opcode>
            <Keywords>0x8000000000000000</Keywords>
            <TimeCreated SystemTime='2020-03-18T18:26:01.898992700Z'/>
            <EventRecordID>219</EventRecordID>
            <Correlation/>
            <Execution ProcessID='1104' ThreadID='19972'/>
            <Channel>Microsoft-Windows-Sysmon/Operational</Channel>
            <Computer>DESKTOP-3LRRD6K</Computer>
            <Security UserID='S-1-5-18'/>
        </System>
        <EventData>
            <Data Name='RuleName'></Data>
            <Data Name='UtcTime'>2020-03-18 18:26:01.894</Data>
            <Data Name='ProcessGuid'>{3c251a4e-67b9-5e72-0000-0010e3ca6375}</Data>
            <Data Name='ProcessId'>2376</Data>
            <Data Name='Image'>C:\Program Files (x86)\Google\Chrome\Application\chrome.exe</Data>
            <Data Name='FileVersion'>80.0.3987.132</Data>
            <Data Name='Description'>Google Chrome</Data>
            <Data Name='Product'>Google Chrome</Data>
            <Data Name='Company'>Google LLC</Data>
            <Data Name='OriginalFileName'>chrome.exe</Data>
            <Data Name='CommandLine'>"C:\Program Files (x86)\Google\Chrome\Application\chrome.exe" --type=renderer --field-trial-handle=1932,16201686782671164598,16198539671791952964,131072 --lang=zh-CN --enable-auto-reload --device-scale-factor=1.5 --num-raster-threads=3 --enable-main-frame-before-activation --renderer-client-id=7140 --no-v8-untrusted-code-mitigations --mojo-platform-channel-handle=26964 /prefetch:1</Data>
            <Data Name='CurrentDirectory'>C:\Program Files (x86)\Google\Chrome\Application\80.0.3987.132\</Data>
            <Data Name='User'>DESKTOP-3LRRD6K\liabe</Data>
            <Data Name='LogonGuid'>{3c251a4e-6e57-5e6d-0000-0020ee4f2c08}</Data>
            <Data Name='LogonId'>0x82c4fee</Data>
            <Data Name='TerminalSessionId'>2</Data>
            <Data Name='IntegrityLevel'>Low</Data>
            <Data Name='Hashes'>SHA1=8E9DF2292F5280F7AED98B310E11668485A18E86</Data>
            <Data Name='ParentProcessGuid'>{3c251a4e-6bdf-5e6e-0000-0010fe80d012}</Data>
            <Data Name='ParentProcessId'>6104</Data>
            <Data Name='ParentImage'>C:\Program Files (x86)\Google\Chrome\Application\chrome.exe</Data>
            <Data Name='ParentCommandLine'>"C:\Program Files (x86)\Google\Chrome\Application\chrome.exe" </Data>
        </EventData>
    </Event>
    <Event xmlns='http://schemas.microsoft.com/win/2004/08/events/event'>
        <System>
            <Provider Name='Microsoft-Windows-Sysmon' Guid='{5770385f-c22a-43e0-bf4c-06f5698ffbd9}'/>
            <EventID>5</EventID>
            <Version>3</Version>
            <Level>4</Level>
            <Task>5</Task>
            <Opcode>0</Opcode>
            <Keywords>0x8000000000000000</Keywords>
            <TimeCreated SystemTime='2020-03-18T18:26:00.370336400Z'/>
            <EventRecordID>218</EventRecordID>
            <Correlation/>
            <Execution ProcessID='1104' ThreadID='19972'/>
            <Channel>Microsoft-Windows-Sysmon/Operational</Channel>
            <Computer>DESKTOP-3LRRD6K</Computer>
            <Security UserID='S-1-5-18'/>
        </System>
        <EventData>
            <Data Name='RuleName'></Data>
            <Data Name='UtcTime'>2020-03-18 18:26:00.369</Data>
            <Data Name='ProcessGuid'>{3c251a4e-679e-5e72-0000-00100fef5e75}</Data>
            <Data Name='ProcessId'>18824</Data>
            <Data Name='Image'>C:\Program Files (x86)\Google\Chrome\Application\chrome.exe</Data>
        </EventData>
    </Event>
    <Event xmlns='http://schemas.microsoft.com/win/2004/08/events/event'>
        <System>
            <Provider Name='Microsoft-Windows-Sysmon' Guid='{5770385f-c22a-43e0-bf4c-06f5698ffbd9}'/>
            <EventID>3</EventID>
            <Version>5</Version>
            <Level>4</Level>
            <Task>3</Task>
            <Opcode>0</Opcode>
            <Keywords>0x8000000000000000</Keywords>
            <TimeCreated SystemTime='2020-03-18T18:26:00.320034900Z'/>
            <EventRecordID>217</EventRecordID>
            <Correlation/>
            <Execution ProcessID='1104' ThreadID='13220'/>
            <Channel>Microsoft-Windows-Sysmon/Operational</Channel>
            <Computer>DESKTOP-3LRRD6K</Computer>
            <Security UserID='S-1-5-18'/>
        </System>
        <EventData>
            <Data Name='RuleName'></Data>
            <Data Name='UtcTime'>2020-03-18 18:25:58.682</Data>
            <Data Name='ProcessGuid'>{3c251a4e-6be0-5e6e-0000-0010c7a9d012}</Data>
            <Data Name='ProcessId'>7496</Data>
            <Data Name='Image'>C:\Program Files (x86)\Google\Chrome\Application\chrome.exe</Data>
            <Data Name='User'>DESKTOP-3LRRD6K\liabe</Data>
            <Data Name='Protocol'>udp</Data>
            <Data Name='Initiated'>true</Data>
            <Data Name='SourceIsIpv6'>true</Data>
            <Data Name='SourceIp'>2604:6000:1111:8bda:a900:3e44:c4df:7e13</Data>
            <Data Name='SourceHostname'>DESKTOP-3LRRD6K.lan1</Data>
            <Data Name='SourcePort'>54530</Data>
            <Data Name='SourcePortName'></Data>
            <Data Name='DestinationIsIpv6'>true</Data>
            <Data Name='DestinationIp'>2607:f8b0:4009:80c:0:0:0:200e</Data>
            <Data Name='DestinationHostname'></Data>
            <Data Name='DestinationPort'>443</Data>
            <Data Name='DestinationPortName'>https</Data>
        </EventData>
    </Event>
    <Event xmlns='http://schemas.microsoft.com/win/2004/08/events/event'>
        <System>
            <Provider Name='Microsoft-Windows-Sysmon' Guid='{5770385f-c22a-43e0-bf4c-06f5698ffbd9}'/>
            <EventID>5</EventID>
            <Version>3</Version>
            <Level>4</Level>
            <Task>5</Task>
            <Opcode>0</Opcode>
            <Keywords>0x8000000000000000</Keywords>
            <TimeCreated SystemTime='2020-03-18T18:25:59.089727200Z'/>
            <EventRecordID>216</EventRecordID>
            <Correlation/>
            <Execution ProcessID='1104' ThreadID='19972'/>
            <Channel>Microsoft-Windows-Sysmon/Operational</Channel>
            <Computer>DESKTOP-3LRRD6K</Computer>
            <Security UserID='S-1-5-18'/>
        </System>
        <EventData>
            <Data Name='RuleName'></Data>
            <Data Name='UtcTime'>2020-03-18 18:25:59.089</Data>
            <Data Name='ProcessGuid'>{3c251a4e-67b2-5e72-0000-0010af3d6275}</Data>
            <Data Name='ProcessId'>20768</Data>
            <Data Name='Image'>C:\Windows\System32\dllhost.exe</Data>
        </EventData>
    </Event>
    <Event xmlns='http://schemas.microsoft.com/win/2004/08/events/event'>
        <System>
            <Provider Name='Microsoft-Windows-Sysmon' Guid='{5770385f-c22a-43e0-bf4c-06f5698ffbd9}'/>
            <EventID>2</EventID>
            <Version>4</Version>
            <Level>4</Level>
            <Task>2</Task>
            <Opcode>0</Opcode>
            <Keywords>0x8000000000000000</Keywords>
            <TimeCreated SystemTime='2020-03-18T18:25:55.837642400Z'/>
            <EventRecordID>215</EventRecordID>
            <Correlation/>
            <Execution ProcessID='1104' ThreadID='19972'/>
            <Channel>Microsoft-Windows-Sysmon/Operational</Channel>
            <Computer>DESKTOP-3LRRD6K</Computer>
            <Security UserID='S-1-5-18'/>
        </System>
        <EventData>
            <Data Name='RuleName'></Data>
            <Data Name='UtcTime'>2020-03-18 18:25:55.836</Data>
            <Data Name='ProcessGuid'>{3c251a4e-6bdf-5e6e-0000-0010fe80d012}</Data>
            <Data Name='ProcessId'>6104</Data>
            <Data Name='Image'>C:\Program Files (x86)\Google\Chrome\Application\chrome.exe</Data>
            <Data Name='TargetFilename'>C:\Users\liabe\AppData\Local\Google\Chrome\User Data\Default\Code Cache\js\index-dir\temp-index</Data>
            <Data Name='CreationUtcTime'>2019-08-21 22:58:25.030</Data>
            <Data Name='PreviousCreationUtcTime'>2020-03-18 18:25:55.835</Data>
        </EventData>
    </Event>
    <Event xmlns='http://schemas.microsoft.com/win/2004/08/events/event'>
        <System>
            <Provider Name='Microsoft-Windows-Sysmon' Guid='{5770385f-c22a-43e0-bf4c-06f5698ffbd9}'/>
            <EventID>3</EventID>
            <Version>5</Version>
            <Level>4</Level>
            <Task>3</Task>
            <Opcode>0</Opcode>
            <Keywords>0x8000000000000000</Keywords>
            <TimeCreated SystemTime='2020-03-18T18:25:55.309361600Z'/>
            <EventRecordID>214</EventRecordID>
            <Correlation/>
            <Execution ProcessID='1104' ThreadID='13220'/>
            <Channel>Microsoft-Windows-Sysmon/Operational</Channel>
            <Computer>DESKTOP-3LRRD6K</Computer>
            <Security UserID='S-1-5-18'/>
        </System>
        <EventData>
            <Data Name='RuleName'></Data>
            <Data Name='UtcTime'>2020-03-18 18:25:53.950</Data>
            <Data Name='ProcessGuid'>{3c251a4e-8986-5e6c-0000-0010eb030000}</Data>
            <Data Name='ProcessId'>4</Data>
            <Data Name='Image'>System</Data>
            <Data Name='User'>NT AUTHORITY\SYSTEM</Data>
            <Data Name='Protocol'>udp</Data>
            <Data Name='Initiated'>true</Data>
            <Data Name='SourceIsIpv6'>false</Data>
            <Data Name='SourceIp'>192.168.1.46</Data>
            <Data Name='SourceHostname'>DESKTOP-3LRRD6K.lan1</Data>
            <Data Name='SourcePort'>137</Data>
            <Data Name='SourcePortName'>netbios-ns</Data>
            <Data Name='DestinationIsIpv6'>false</Data>
            <Data Name='DestinationIp'>110.43.89.9</Data>
            <Data Name='DestinationHostname'></Data>
            <Data Name='DestinationPort'>137</Data>
            <Data Name='DestinationPortName'>netbios-ns</Data>
        </EventData>
    </Event>
    <Event xmlns='http://schemas.microsoft.com/win/2004/08/events/event'>
        <System>
            <Provider Name='Microsoft-Windows-Sysmon' Guid='{5770385f-c22a-43e0-bf4c-06f5698ffbd9}'/>
            <EventID>3</EventID>
            <Version>5</Version>
            <Level>4</Level>
            <Task>3</Task>
            <Opcode>0</Opcode>
            <Keywords>0x8000000000000000</Keywords>
            <TimeCreated SystemTime='2020-03-18T18:25:55.309347600Z'/>
            <EventRecordID>213</EventRecordID>
            <Correlation/>
            <Execution ProcessID='1104' ThreadID='13220'/>
            <Channel>Microsoft-Windows-Sysmon/Operational</Channel>
            <Computer>DESKTOP-3LRRD6K</Computer>
            <Security UserID='S-1-5-18'/>
        </System>
        <EventData>
            <Data Name='RuleName'></Data>
            <Data Name='UtcTime'>2020-03-18 18:25:53.606</Data>
            <Data Name='ProcessGuid'>{3c251a4e-8986-5e6c-0000-0010eb030000}</Data>
            <Data Name='ProcessId'>4</Data>
            <Data Name='Image'>System</Data>
            <Data Name='User'>NT AUTHORITY\SYSTEM</Data>
            <Data Name='Protocol'>udp</Data>
            <Data Name='Initiated'>true</Data>
            <Data Name='SourceIsIpv6'>false</Data>
            <Data Name='SourceIp'>192.168.1.46</Data>
            <Data Name='SourceHostname'>DESKTOP-3LRRD6K.lan1</Data>
            <Data Name='SourcePort'>137</Data>
            <Data Name='SourcePortName'>netbios-ns</Data>
            <Data Name='DestinationIsIpv6'>false</Data>
            <Data Name='DestinationIp'>49.51.65.181</Data>
            <Data Name='DestinationHostname'></Data>
            <Data Name='DestinationPort'>137</Data>
            <Data Name='DestinationPortName'>netbios-ns</Data>
        </EventData>
    </Event>
    <Event xmlns='http://schemas.microsoft.com/win/2004/08/events/event'>
        <System>
            <Provider Name='Microsoft-Windows-Sysmon' Guid='{5770385f-c22a-43e0-bf4c-06f5698ffbd9}'/>
            <EventID>1</EventID>
            <Version>5</Version>
            <Level>4</Level>
            <Task>1</Task>
            <Opcode>0</Opcode>
            <Keywords>0x8000000000000000</Keywords>
            <TimeCreated SystemTime='2020-03-18T18:25:54.035545600Z'/>
            <EventRecordID>212</EventRecordID>
            <Correlation/>
            <Execution ProcessID='1104' ThreadID='19972'/>
            <Channel>Microsoft-Windows-Sysmon/Operational</Channel>
            <Computer>DESKTOP-3LRRD6K</Computer>
            <Security UserID='S-1-5-18'/>
        </System>
        <EventData>
            <Data Name='RuleName'></Data>
            <Data Name='UtcTime'>2020-03-18 18:25:54.032</Data>
            <Data Name='ProcessGuid'>{3c251a4e-67b2-5e72-0000-0010af3d6275}</Data>
            <Data Name='ProcessId'>20768</Data>
            <Data Name='Image'>C:\Windows\System32\dllhost.exe</Data>
            <Data Name='FileVersion'>10.0.18362.1 (WinBuild.160101.0800)</Data>
            <Data Name='Description'>COM Surrogate</Data>
            <Data Name='Product'>Microsoft® Windows® Operating System</Data>
            <Data Name='Company'>Microsoft Corporation</Data>
            <Data Name='OriginalFileName'>dllhost.exe</Data>
            <Data Name='CommandLine'>C:\Windows\system32\DllHost.exe /Processid:{AB8902B4-09CA-4BB6-B78D-A8F59079A8D5}</Data>
            <Data Name='CurrentDirectory'>C:\Windows\system32\</Data>
            <Data Name='User'>DESKTOP-3LRRD6K\liabe</Data>
            <Data Name='LogonGuid'>{3c251a4e-6e57-5e6d-0000-0020b14f2c08}</Data>
            <Data Name='LogonId'>0x82c4fb1</Data>
            <Data Name='TerminalSessionId'>2</Data>
            <Data Name='IntegrityLevel'>High</Data>
            <Data Name='Hashes'>SHA1=30A89E38CAF7A4C9AA7D7047C366DF215D4724EF</Data>
            <Data Name='ParentProcessGuid'>{3c251a4e-898a-5e6c-0000-001030c50000}</Data>
            <Data Name='ParentProcessId'>900</Data>
            <Data Name='ParentImage'>C:\Windows\System32\svchost.exe</Data>
            <Data Name='ParentCommandLine'>C:\Windows\system32\svchost.exe -k DcomLaunch -p</Data>
        </EventData>
    </Event>
    <Event xmlns='http://schemas.microsoft.com/win/2004/08/events/event'>
        <System>
            <Provider Name='Microsoft-Windows-Sysmon' Guid='{5770385f-c22a-43e0-bf4c-06f5698ffbd9}'/>
            <EventID>3</EventID>
            <Version>5</Version>
            <Level>4</Level>
            <Task>3</Task>
            <Opcode>0</Opcode>
            <Keywords>0x8000000000000000</Keywords>
            <TimeCreated SystemTime='2020-03-18T18:25:53.305861000Z'/>
            <EventRecordID>211</EventRecordID>
            <Correlation/>
            <Execution ProcessID='1104' ThreadID='13220'/>
            <Channel>Microsoft-Windows-Sysmon/Operational</Channel>
            <Computer>DESKTOP-3LRRD6K</Computer>
            <Security UserID='S-1-5-18'/>
        </System>
        <EventData>
            <Data Name='RuleName'></Data>
            <Data Name='UtcTime'>2020-03-18 18:25:51.855</Data>
            <Data Name='ProcessGuid'>{3c251a4e-898b-5e6c-0000-0010cdde0200}</Data>
            <Data Name='ProcessId'>2980</Data>
            <Data Name='Image'>C:\Program Files (x86)\kbasesrv\kbasesrv.exe</Data>
            <Data Name='User'>NT AUTHORITY\SYSTEM</Data>
            <Data Name='Protocol'>tcp</Data>
            <Data Name='Initiated'>true</Data>
            <Data Name='SourceIsIpv6'>false</Data>
            <Data Name='SourceIp'>192.168.1.46</Data>
            <Data Name='SourceHostname'>DESKTOP-3LRRD6K.lan1</Data>
            <Data Name='SourcePort'>62006</Data>
            <Data Name='SourcePortName'></Data>
            <Data Name='DestinationIsIpv6'>false</Data>
            <Data Name='DestinationIp'>110.43.89.9</Data>
            <Data Name='DestinationHostname'></Data>
            <Data Name='DestinationPort'>80</Data>
            <Data Name='DestinationPortName'>http</Data>
        </EventData>
    </Event>
    <Event xmlns='http://schemas.microsoft.com/win/2004/08/events/event'>
        <System>
            <Provider Name='Microsoft-Windows-Sysmon' Guid='{5770385f-c22a-43e0-bf4c-06f5698ffbd9}'/>
            <EventID>3</EventID>
            <Version>5</Version>
            <Level>4</Level>
            <Task>3</Task>
            <Opcode>0</Opcode>
            <Keywords>0x8000000000000000</Keywords>
            <TimeCreated SystemTime='2020-03-18T18:25:53.305844900Z'/>
            <EventRecordID>210</EventRecordID>
            <Correlation/>
            <Execution ProcessID='1104' ThreadID='13220'/>
            <Channel>Microsoft-Windows-Sysmon/Operational</Channel>
            <Computer>DESKTOP-3LRRD6K</Computer>
            <Security UserID='S-1-5-18'/>
        </System>
        <EventData>
            <Data Name='RuleName'></Data>
            <Data Name='UtcTime'>2020-03-18 18:25:51.656</Data>
            <Data Name='ProcessGuid'>{3c251a4e-674b-5e72-0000-001036b04b75}</Data>
            <Data Name='ProcessId'>23756</Data>
            <Data Name='Image'>C:\Program Files (x86)\SogouInput\9.6.0.3568\SGTool.exe</Data>
            <Data Name='User'>DESKTOP-3LRRD6K\liabe</Data>
            <Data Name='Protocol'>tcp</Data>
            <Data Name='Initiated'>true</Data>
            <Data Name='SourceIsIpv6'>false</Data>
            <Data Name='SourceIp'>192.168.1.46</Data>
            <Data Name='SourceHostname'>DESKTOP-3LRRD6K.lan1</Data>
            <Data Name='SourcePort'>62007</Data>
            <Data Name='SourcePortName'></Data>
            <Data Name='DestinationIsIpv6'>false</Data>
            <Data Name='DestinationIp'>49.51.65.181</Data>
            <Data Name='DestinationHostname'></Data>
            <Data Name='DestinationPort'>80</Data>
            <Data Name='DestinationPortName'>http</Data>
        </EventData>
    </Event>
    <Event xmlns='http://schemas.microsoft.com/win/2004/08/events/event'>
        <System>
            <Provider Name='Microsoft-Windows-Sysmon' Guid='{5770385f-c22a-43e0-bf4c-06f5698ffbd9}'/>
            <EventID>5</EventID>
            <Version>3</Version>
            <Level>4</Level>
            <Task>5</Task>
            <Opcode>0</Opcode>
            <Keywords>0x8000000000000000</Keywords>
            <TimeCreated SystemTime='2020-03-18T18:25:51.372987700Z'/>
            <EventRecordID>209</EventRecordID>
            <Correlation/>
            <Execution ProcessID='1104' ThreadID='19972'/>
            <Channel>Microsoft-Windows-Sysmon/Operational</Channel>
            <Computer>DESKTOP-3LRRD6K</Computer>
            <Security UserID='S-1-5-18'/>
        </System>
        <EventData>
            <Data Name='RuleName'></Data>
            <Data Name='UtcTime'>2020-03-18 18:25:51.371</Data>
            <Data Name='ProcessGuid'>{3c251a4e-679b-5e72-0000-001078965e75}</Data>
            <Data Name='ProcessId'>6956</Data>
            <Data Name='Image'>C:\Program Files (x86)\Google\Chrome\Application\chrome.exe</Data>
        </EventData>
    </Event>
    <Event xmlns='http://schemas.microsoft.com/win/2004/08/events/event'>
        <System>
            <Provider Name='Microsoft-Windows-Sysmon' Guid='{5770385f-c22a-43e0-bf4c-06f5698ffbd9}'/>
            <EventID>5</EventID>
            <Version>3</Version>
            <Level>4</Level>
            <Task>5</Task>
            <Opcode>0</Opcode>
            <Keywords>0x8000000000000000</Keywords>
            <TimeCreated SystemTime='2020-03-18T18:25:50.872414500Z'/>
            <EventRecordID>208</EventRecordID>
            <Correlation/>
            <Execution ProcessID='1104' ThreadID='19972'/>
            <Channel>Microsoft-Windows-Sysmon/Operational</Channel>
            <Computer>DESKTOP-3LRRD6K</Computer>
            <Security UserID='S-1-5-18'/>
        </System>
        <EventData>
            <Data Name='RuleName'></Data>
            <Data Name='UtcTime'>2020-03-18 18:25:50.872</Data>
            <Data Name='ProcessGuid'>{3c251a4e-679e-5e72-0000-001063e65e75}</Data>
            <Data Name='ProcessId'>1732</Data>
            <Data Name='Image'>C:\Program Files (x86)\Google\Chrome\Application\chrome.exe</Data>
        </EventData>
    </Event>
    <Event xmlns='http://schemas.microsoft.com/win/2004/08/events/event'>
        <System>
            <Provider Name='Microsoft-Windows-Sysmon' Guid='{5770385f-c22a-43e0-bf4c-06f5698ffbd9}'/>
            <EventID>5</EventID>
            <Version>3</Version>
            <Level>4</Level>
            <Task>5</Task>
            <Opcode>0</Opcode>
            <Keywords>0x8000000000000000</Keywords>
            <TimeCreated SystemTime='2020-03-18T18:25:49.022071000Z'/>
            <EventRecordID>207</EventRecordID>
            <Correlation/>
            <Execution ProcessID='1104' ThreadID='19972'/>
            <Channel>Microsoft-Windows-Sysmon/Operational</Channel>
            <Computer>DESKTOP-3LRRD6K</Computer>
            <Security UserID='S-1-5-18'/>
        </System>
        <EventData>
            <Data Name='RuleName'></Data>
            <Data Name='UtcTime'>2020-03-18 18:25:49.021</Data>
            <Data Name='ProcessGuid'>{3c251a4e-6748-5e72-0000-00102ac14a75}</Data>
            <Data Name='ProcessId'>23748</Data>
            <Data Name='Image'>C:\Windows\System32\backgroundTaskHost.exe</Data>
        </EventData>
    </Event>
    <Event xmlns='http://schemas.microsoft.com/win/2004/08/events/event'>
        <System>
            <Provider Name='Microsoft-Windows-Sysmon' Guid='{5770385f-c22a-43e0-bf4c-06f5698ffbd9}'/>
            <EventID>2</EventID>
            <Version>4</Version>
            <Level>4</Level>
            <Task>2</Task>
            <Opcode>0</Opcode>
            <Keywords>0x8000000000000000</Keywords>
            <TimeCreated SystemTime='2020-03-18T18:25:47.386845000Z'/>
            <EventRecordID>206</EventRecordID>
            <Correlation/>
            <Execution ProcessID='1104' ThreadID='19972'/>
            <Channel>Microsoft-Windows-Sysmon/Operational</Channel>
            <Computer>DESKTOP-3LRRD6K</Computer>
            <Security UserID='S-1-5-18'/>
        </System>
        <EventData>
            <Data Name='RuleName'></Data>
            <Data Name='UtcTime'>2020-03-18 18:25:47.385</Data>
            <Data Name='ProcessGuid'>{3c251a4e-6bdf-5e6e-0000-0010fe80d012}</Data>
            <Data Name='ProcessId'>6104</Data>
            <Data Name='Image'>C:\Program Files (x86)\Google\Chrome\Application\chrome.exe</Data>
            <Data Name='TargetFilename'>C:\Users\liabe\AppData\Local\Google\Chrome\User Data\Default\0f617593-7968-4625-82d9-acb86afd361f.tmp</Data>
            <Data Name='CreationUtcTime'>2019-08-21 22:58:24.952</Data>
            <Data Name='PreviousCreationUtcTime'>2020-03-18 18:25:47.383</Data>
        </EventData>
    </Event>
    <Event xmlns='http://schemas.microsoft.com/win/2004/08/events/event'>
        <System>
            <Provider Name='Microsoft-Windows-Sysmon' Guid='{5770385f-c22a-43e0-bf4c-06f5698ffbd9}'/>
            <EventID>2</EventID>
            <Version>4</Version>
            <Level>4</Level>
            <Task>2</Task>
            <Opcode>0</Opcode>
            <Keywords>0x8000000000000000</Keywords>
            <TimeCreated SystemTime='2020-03-18T18:25:46.146901800Z'/>
            <EventRecordID>205</EventRecordID>
            <Correlation/>
            <Execution ProcessID='1104' ThreadID='19972'/>
            <Channel>Microsoft-Windows-Sysmon/Operational</Channel>
            <Computer>DESKTOP-3LRRD6K</Computer>
            <Security UserID='S-1-5-18'/>
        </System>
        <EventData>
            <Data Name='RuleName'></Data>
            <Data Name='UtcTime'>2020-03-18 18:25:46.146</Data>
            <Data Name='ProcessGuid'>{3c251a4e-6be0-5e6e-0000-0010c7a9d012}</Data>
            <Data Name='ProcessId'>7496</Data>
            <Data Name='Image'>C:\Program Files (x86)\Google\Chrome\Application\chrome.exe</Data>
            <Data Name='TargetFilename'>C:\Users\liabe\AppData\Local\Google\Chrome\User Data\Default\fbb471d6-e1f5-4467-852c-fd0938e9802d.tmp</Data>
            <Data Name='CreationUtcTime'>2019-08-21 22:58:26.761</Data>
            <Data Name='PreviousCreationUtcTime'>2020-03-18 18:25:46.143</Data>
        </EventData>
    </Event>
    <Event xmlns='http://schemas.microsoft.com/win/2004/08/events/event'>
        <System>
            <Provider Name='Microsoft-Windows-Sysmon' Guid='{5770385f-c22a-43e0-bf4c-06f5698ffbd9}'/>
            <EventID>3</EventID>
            <Version>5</Version>
            <Level>4</Level>
            <Task>3</Task>
            <Opcode>0</Opcode>
            <Keywords>0x8000000000000000</Keywords>
            <TimeCreated SystemTime='2020-03-18T18:25:44.288425500Z'/>
            <EventRecordID>204</EventRecordID>
            <Correlation/>
            <Execution ProcessID='1104' ThreadID='13220'/>
            <Channel>Microsoft-Windows-Sysmon/Operational</Channel>
            <Computer>DESKTOP-3LRRD6K</Computer>
            <Security UserID='S-1-5-18'/>
        </System>
        <EventData>
            <Data Name='RuleName'></Data>
            <Data Name='UtcTime'>2020-03-18 18:25:42.381</Data>
            <Data Name='ProcessGuid'>{3c251a4e-6bdf-5e6e-0000-0010fe80d012}</Data>
            <Data Name='ProcessId'>6104</Data>
            <Data Name='Image'>C:\Program Files (x86)\Google\Chrome\Application\chrome.exe</Data>
            <Data Name='User'>DESKTOP-3LRRD6K\liabe</Data>
            <Data Name='Protocol'>udp</Data>
            <Data Name='Initiated'>true</Data>
            <Data Name='SourceIsIpv6'>false</Data>
            <Data Name='SourceIp'>169.254.156.38</Data>
            <Data Name='SourceHostname'>DESKTOP-3LRRD6K</Data>
            <Data Name='SourcePort'>60789</Data>
            <Data Name='SourcePortName'></Data>
            <Data Name='DestinationIsIpv6'>false</Data>
            <Data Name='DestinationIp'>239.255.255.250</Data>
            <Data Name='DestinationHostname'></Data>
            <Data Name='DestinationPort'>1900</Data>
            <Data Name='DestinationPortName'>ssdp</Data>
        </EventData>
    </Event>
    <Event xmlns='http://schemas.microsoft.com/win/2004/08/events/event'>
        <System>
            <Provider Name='Microsoft-Windows-Sysmon' Guid='{5770385f-c22a-43e0-bf4c-06f5698ffbd9}'/>
            <EventID>3</EventID>
            <Version>5</Version>
            <Level>4</Level>
            <Task>3</Task>
            <Opcode>0</Opcode>
            <Keywords>0x8000000000000000</Keywords>
            <TimeCreated SystemTime='2020-03-18T18:25:44.288410100Z'/>
            <EventRecordID>203</EventRecordID>
            <Correlation/>
            <Execution ProcessID='1104' ThreadID='13220'/>
            <Channel>Microsoft-Windows-Sysmon/Operational</Channel>
            <Computer>DESKTOP-3LRRD6K</Computer>
            <Security UserID='S-1-5-18'/>
        </System>
        <EventData>
            <Data Name='RuleName'></Data>
            <Data Name='UtcTime'>2020-03-18 18:25:42.381</Data>
            <Data Name='ProcessGuid'>{3c251a4e-6bdf-5e6e-0000-0010fe80d012}</Data>
            <Data Name='ProcessId'>6104</Data>
            <Data Name='Image'>C:\Program Files (x86)\Google\Chrome\Application\chrome.exe</Data>
            <Data Name='User'>DESKTOP-3LRRD6K\liabe</Data>
            <Data Name='Protocol'>udp</Data>
            <Data Name='Initiated'>true</Data>
            <Data Name='SourceIsIpv6'>false</Data>
            <Data Name='SourceIp'>192.168.1.46</Data>
            <Data Name='SourceHostname'>DESKTOP-3LRRD6K.lan1</Data>
            <Data Name='SourcePort'>60788</Data>
            <Data Name='SourcePortName'></Data>
            <Data Name='DestinationIsIpv6'>false</Data>
            <Data Name='DestinationIp'>239.255.255.250</Data>
            <Data Name='DestinationHostname'></Data>
            <Data Name='DestinationPort'>1900</Data>
            <Data Name='DestinationPortName'>ssdp</Data>
        </EventData>
    </Event>
    <Event xmlns='http://schemas.microsoft.com/win/2004/08/events/event'>
        <System>
            <Provider Name='Microsoft-Windows-Sysmon' Guid='{5770385f-c22a-43e0-bf4c-06f5698ffbd9}'/>
            <EventID>2</EventID>
            <Version>4</Version>
            <Level>4</Level>
            <Task>2</Task>
            <Opcode>0</Opcode>
            <Keywords>0x8000000000000000</Keywords>
            <TimeCreated SystemTime='2020-03-18T18:25:44.063073600Z'/>
            <EventRecordID>202</EventRecordID>
            <Correlation/>
            <Execution ProcessID='1104' ThreadID='19972'/>
            <Channel>Microsoft-Windows-Sysmon/Operational</Channel>
            <Computer>DESKTOP-3LRRD6K</Computer>
            <Security UserID='S-1-5-18'/>
        </System>
        <EventData>
            <Data Name='RuleName'></Data>
            <Data Name='UtcTime'>2020-03-18 18:25:44.062</Data>
            <Data Name='ProcessGuid'>{3c251a4e-6bdf-5e6e-0000-0010fe80d012}</Data>
            <Data Name='ProcessId'>6104</Data>
            <Data Name='Image'>C:\Program Files (x86)\Google\Chrome\Application\chrome.exe</Data>
            <Data Name='TargetFilename'>C:\Users\liabe\AppData\Local\Google\Chrome\User Data\76aee656-a6ab-4540-a957-c4570b80d626.tmp</Data>
            <Data Name='CreationUtcTime'>2019-08-21 22:58:26.714</Data>
            <Data Name='PreviousCreationUtcTime'>2020-03-18 18:25:44.058</Data>
        </EventData>
    </Event>
    