<Event xmlns='http://schemas.microsoft.com/win/2004/08/events/event'>
        <System>
            <Provider Name='Microsoft-Windows-Sysmon' Guid='{5770385f-c22a-43e0-bf4c-06f5698ffbd9}'/>
            <EventID>3</EventID>
            <Version>5</Version>
            <Level>4</Level>
            <Task>3</Task>
            <Opcode>0</Opcode>
            <Keywords>0x8000000000000000</Keywords>
            <TimeCreated SystemTime='2020-03-18T18:25:05.211896900Z'/>
            <EventRecordID>120</EventRecordID>
            <Correlation/>
            <Execution ProcessID='1104' ThreadID='13220'/>
            <Channel>Microsoft-Windows-Sysmon/Operational</Channel>
            <Computer>DESKTOP-3LRRD6K</Computer>
            <Security UserID='S-1-5-18'/>
        </System>
        <EventData>
            <Data Name='RuleName'></Data>
            <Data Name='UtcTime'>2020-03-18 18:25:03.238</Data>
            <Data Name='ProcessGuid'>{3c251a4e-8986-5e6c-0000-0010eb030000}</Data>
            <Data Name='ProcessId'>4</Data>
            <Data Name='Image'>System</Data>
            <Data Name='User'>NT AUTHORITY\SYSTEM</Data>
            <Data Name='Protocol'>udp</Data>
            <Data Name='Initiated'>true</Data>
            <Data Name='SourceIsIpv6'>false</Data>
            <Data Name='SourceIp'>192.168.1.46</Data>
            <Data Name='SourceHostname'>DESKTOP-3LRRD6K.lan1</Data>
            <Data Name='SourcePort'>137</Data>
            <Data Name='SourcePortName'>netbios-ns</Data>
            <Data Name='DestinationIsIpv6'>false</Data>
            <Data Name='DestinationIp'>52.94.240.125</Data>
            <Data Name='DestinationHostname'></Data>
            <Data Name='DestinationPort'>137</Data>
            <Data Name='DestinationPortName'>netbios-ns</Data>
        </EventData>
    </Event>
    <Event xmlns='http://schemas.microsoft.com/win/2004/08/events/event'>
        <System>
            <Provider Name='Microsoft-Windows-Sysmon' Guid='{5770385f-c22a-43e0-bf4c-06f5698ffbd9}'/>
            <EventID>2</EventID>
            <Version>4</Version>
            <Level>4</Level>
            <Task>2</Task>
            <Opcode>0</Opcode>
            <Keywords>0x8000000000000000</Keywords>
            <TimeCreated SystemTime='2020-03-18T18:25:04.766250100Z'/>
            <EventRecordID>119</EventRecordID>
            <Correlation/>
            <Execution ProcessID='1104' ThreadID='19972'/>
            <Channel>Microsoft-Windows-Sysmon/Operational</Channel>
            <Computer>DESKTOP-3LRRD6K</Computer>
            <Security UserID='S-1-5-18'/>
        </System>
        <EventData>
            <Data Name='RuleName'></Data>
            <Data Name='UtcTime'>2020-03-18 18:25:04.765</Data>
            <Data Name='ProcessGuid'>{3c251a4e-6bdf-5e6e-0000-0010fe80d012}</Data>
            <Data Name='ProcessId'>6104</Data>
            <Data Name='Image'>C:\Program Files (x86)\Google\Chrome\Application\chrome.exe</Data>
            <Data Name='TargetFilename'>C:\Users\liabe\AppData\Local\Google\Chrome\User Data\Default\27037482-6221-4f5e-94d4-a2a814418380.tmp</Data>
            <Data Name='CreationUtcTime'>2019-08-21 22:58:24.952</Data>
            <Data Name='PreviousCreationUtcTime'>2020-03-18 18:25:04.762</Data>
        </EventData>
    </Event>
    <Event xmlns='http://schemas.microsoft.com/win/2004/08/events/event'>
        <System>
            <Provider Name='Microsoft-Windows-Sysmon' Guid='{5770385f-c22a-43e0-bf4c-06f5698ffbd9}'/>
            <EventID>2</EventID>
            <Version>4</Version>
            <Level>4</Level>
            <Task>2</Task>
            <Opcode>0</Opcode>
            <Keywords>0x8000000000000000</Keywords>
            <TimeCreated SystemTime='2020-03-18T18:25:04.762488200Z'/>
            <EventRecordID>118</EventRecordID>
            <Correlation/>
            <Execution ProcessID='1104' ThreadID='19972'/>
            <Channel>Microsoft-Windows-Sysmon/Operational</Channel>
            <Computer>DESKTOP-3LRRD6K</Computer>
            <Security UserID='S-1-5-18'/>
        </System>
        <EventData>
            <Data Name='RuleName'></Data>
            <Data Name='UtcTime'>2020-03-18 18:25:04.761</Data>
            <Data Name='ProcessGuid'>{3c251a4e-6bdf-5e6e-0000-0010fe80d012}</Data>
            <Data Name='ProcessId'>6104</Data>
            <Data Name='Image'>C:\Program Files (x86)\Google\Chrome\Application\chrome.exe</Data>
            <Data Name='TargetFilename'>C:\Users\liabe\AppData\Local\Google\Chrome\User Data\d3518870-dde4-49fb-babb-3ca1cf5e0dab.tmp</Data>
            <Data Name='CreationUtcTime'>2019-08-21 22:58:26.714</Data>
            <Data Name='PreviousCreationUtcTime'>2020-03-18 18:25:04.759</Data>
        </EventData>
    </Event>
    <Event xmlns='http://schemas.microsoft.com/win/2004/08/events/event'>
        <System>
            <Provider Name='Microsoft-Windows-Sysmon' Guid='{5770385f-c22a-43e0-bf4c-06f5698ffbd9}'/>
            <EventID>5</EventID>
            <Version>3</Version>
            <Level>4</Level>
            <Task>5</Task>
            <Opcode>0</Opcode>
            <Keywords>0x8000000000000000</Keywords>
            <TimeCreated SystemTime='2020-03-18T18:25:04.657177900Z'/>
            <EventRecordID>117</EventRecordID>
            <Correlation/>
            <Execution ProcessID='1104' ThreadID='19972'/>
            <Channel>Microsoft-Windows-Sysmon/Operational</Channel>
            <Computer>DESKTOP-3LRRD6K</Computer>
            <Security UserID='S-1-5-18'/>
        </System>
        <EventData>
            <Data Name='RuleName'></Data>
            <Data Name='UtcTime'>2020-03-18 18:25:04.656</Data>
            <Data Name='ProcessGuid'>{3c251a4e-6708-5e72-0000-0010a47b3f75}</Data>
            <Data Name='ProcessId'>22596</Data>
            <Data Name='Image'>C:\Windows\servicing\TrustedInstaller.exe</Data>
        </EventData>
    </Event>
    <Event xmlns='http://schemas.microsoft.com/win/2004/08/events/event'>
        <System>
            <Provider Name='Microsoft-Windows-Sysmon' Guid='{5770385f-c22a-43e0-bf4c-06f5698ffbd9}'/>
            <EventID>5</EventID>
            <Version>3</Version>
            <Level>4</Level>
            <Task>5</Task>
            <Opcode>0</Opcode>
            <Keywords>0x8000000000000000</Keywords>
            <TimeCreated SystemTime='2020-03-18T18:25:04.652988400Z'/>
            <EventRecordID>116</EventRecordID>
            <Correlation/>
            <Execution ProcessID='1104' ThreadID='19972'/>
            <Channel>Microsoft-Windows-Sysmon/Operational</Channel>
            <Computer>DESKTOP-3LRRD6K</Computer>
            <Security UserID='S-1-5-18'/>
        </System>
        <EventData>
            <Data Name='RuleName'></Data>
            <Data Name='UtcTime'>2020-03-18 18:25:04.652</Data>
            <Data Name='ProcessGuid'>{3c251a4e-6708-5e72-0000-0010cf7e3f75}</Data>
            <Data Name='ProcessId'>11428</Data>
            <Data Name='Image'>C:\Windows\WinSxS\amd64_microsoft-windows-servicingstack_31bf3856ad364e35_10.0.18362.710_none_5f52d84058d0677f\TiWorker.exe</Data>
        </EventData>
    </Event>
    <Event xmlns='http://schemas.microsoft.com/win/2004/08/events/event'>
        <System>
            <Provider Name='Microsoft-Windows-Sysmon' Guid='{5770385f-c22a-43e0-bf4c-06f5698ffbd9}'/>
            <EventID>3</EventID>
            <Version>5</Version>
            <Level>4</Level>
            <Task>3</Task>
            <Opcode>0</Opcode>
            <Keywords>0x8000000000000000</Keywords>
            <TimeCreated SystemTime='2020-03-18T18:25:04.210617000Z'/>
            <EventRecordID>115</EventRecordID>
            <Correlation/>
            <Execution ProcessID='1104' ThreadID='13220'/>
            <Channel>Microsoft-Windows-Sysmon/Operational</Channel>
            <Computer>DESKTOP-3LRRD6K</Computer>
            <Security UserID='S-1-5-18'/>
        </System>
        <EventData>
            <Data Name='RuleName'></Data>
            <Data Name='UtcTime'>2020-03-18 18:25:02.289</Data>
            <Data Name='ProcessGuid'>{3c251a4e-898a-5e6c-0000-0010306f0100}</Data>
            <Data Name='ProcessId'>1868</Data>
            <Data Name='Image'>C:\Windows\System32\svchost.exe</Data>
            <Data Name='User'>NT AUTHORITY\NETWORK SERVICE</Data>
            <Data Name='Protocol'>udp</Data>
            <Data Name='Initiated'>false</Data>
            <Data Name='SourceIsIpv6'>false</Data>
            <Data Name='SourceIp'>224.0.0.251</Data>
            <Data Name='SourceHostname'></Data>
            <Data Name='SourcePort'>5353</Data>
            <Data Name='SourcePortName'></Data>
            <Data Name='DestinationIsIpv6'>false</Data>
            <Data Name='DestinationIp'>192.168.1.169</Data>
            <Data Name='DestinationHostname'></Data>
            <Data Name='DestinationPort'>5353</Data>
            <Data Name='DestinationPortName'></Data>
        </EventData>
    </Event>
    <Event xmlns='http://schemas.microsoft.com/win/2004/08/events/event'>
        <System>
            <Provider Name='Microsoft-Windows-Sysmon' Guid='{5770385f-c22a-43e0-bf4c-06f5698ffbd9}'/>
            <EventID>3</EventID>
            <Version>5</Version>
            <Level>4</Level>
            <Task>3</Task>
            <Opcode>0</Opcode>
            <Keywords>0x8000000000000000</Keywords>
            <TimeCreated SystemTime='2020-03-18T18:25:04.210607600Z'/>
            <EventRecordID>114</EventRecordID>
            <Correlation/>
            <Execution ProcessID='1104' ThreadID='13220'/>
            <Channel>Microsoft-Windows-Sysmon/Operational</Channel>
            <Computer>DESKTOP-3LRRD6K</Computer>
            <Security UserID='S-1-5-18'/>
        </System>
        <EventData>
            <Data Name='RuleName'></Data>
            <Data Name='UtcTime'>2020-03-18 18:25:02.289</Data>
            <Data Name='ProcessGuid'>{3c251a4e-6bdf-5e6e-0000-0010fe80d012}</Data>
            <Data Name='ProcessId'>6104</Data>
            <Data Name='Image'>C:\Program Files (x86)\Google\Chrome\Application\chrome.exe</Data>
            <Data Name='User'>DESKTOP-3LRRD6K\liabe</Data>
            <Data Name='Protocol'>udp</Data>
            <Data Name='Initiated'>false</Data>
            <Data Name='SourceIsIpv6'>false</Data>
            <Data Name='SourceIp'>224.0.0.251</Data>
            <Data Name='SourceHostname'></Data>
            <Data Name='SourcePort'>5353</Data>
            <Data Name='SourcePortName'></Data>
            <Data Name='DestinationIsIpv6'>false</Data>
            <Data Name='DestinationIp'>192.168.1.169</Data>
            <Data Name='DestinationHostname'></Data>
            <Data Name='DestinationPort'>5353</Data>
            <Data Name='DestinationPortName'></Data>
        </EventData>
    </Event>
    <Event xmlns='http://schemas.microsoft.com/win/2004/08/events/event'>
        <System>
            <Provider Name='Microsoft-Windows-Sysmon' Guid='{5770385f-c22a-43e0-bf4c-06f5698ffbd9}'/>
            <EventID>3</EventID>
            <Version>5</Version>
            <Level>4</Level>
            <Task>3</Task>
            <Opcode>0</Opcode>
            <Keywords>0x8000000000000000</Keywords>
            <TimeCreated SystemTime='2020-03-18T18:25:04.210598400Z'/>
            <EventRecordID>113</EventRecordID>
            <Correlation/>
            <Execution ProcessID='1104' ThreadID='13220'/>
            <Channel>Microsoft-Windows-Sysmon/Operational</Channel>
            <Computer>DESKTOP-3LRRD6K</Computer>
            <Security UserID='S-1-5-18'/>
        </System>
        <EventData>
            <Data Name='RuleName'></Data>
            <Data Name='UtcTime'>2020-03-18 18:25:02.289</Data>
            <Data Name='ProcessGuid'>{3c251a4e-6be0-5e6e-0000-0010c7a9d012}</Data>
            <Data Name='ProcessId'>7496</Data>
            <Data Name='Image'>C:\Program Files (x86)\Google\Chrome\Application\chrome.exe</Data>
            <Data Name='User'>DESKTOP-3LRRD6K\liabe</Data>
            <Data Name='Protocol'>udp</Data>
            <Data Name='Initiated'>false</Data>
            <Data Name='SourceIsIpv6'>false</Data>
            <Data Name='SourceIp'>224.0.0.251</Data>
            <Data Name='SourceHostname'></Data>
            <Data Name='SourcePort'>5353</Data>
            <Data Name='SourcePortName'></Data>
            <Data Name='DestinationIsIpv6'>false</Data>
            <Data Name='DestinationIp'>192.168.1.169</Data>
            <Data Name='DestinationHostname'></Data>
            <Data Name='DestinationPort'>5353</Data>
            <Data Name='DestinationPortName'></Data>
        </EventData>
    </Event>
    <Event xmlns='http://schemas.microsoft.com/win/2004/08/events/event'>
        <System>
            <Provider Name='Microsoft-Windows-Sysmon' Guid='{5770385f-c22a-43e0-bf4c-06f5698ffbd9}'/>
            <EventID>3</EventID>
            <Version>5</Version>
            <Level>4</Level>
            <Task>3</Task>
            <Opcode>0</Opcode>
            <Keywords>0x8000000000000000</Keywords>
            <TimeCreated SystemTime='2020-03-18T18:25:04.210589200Z'/>
            <EventRecordID>112</EventRecordID>
            <Correlation/>
            <Execution ProcessID='1104' ThreadID='13220'/>
            <Channel>Microsoft-Windows-Sysmon/Operational</Channel>
            <Computer>DESKTOP-3LRRD6K</Computer>
            <Security UserID='S-1-5-18'/>
        </System>
        <EventData>
            <Data Name='RuleName'></Data>
            <Data Name='UtcTime'>2020-03-18 18:25:02.289</Data>
            <Data Name='ProcessGuid'>{3c251a4e-898b-5e6c-0000-00102b710300}</Data>
            <Data Name='ProcessId'>3440</Data>
            <Data Name='Image'>C:\Program Files\NVIDIA Corporation\NvContainer\nvcontainer.exe</Data>
            <Data Name='User'>NT AUTHORITY\SYSTEM</Data>
            <Data Name='Protocol'>udp</Data>
            <Data Name='Initiated'>false</Data>
            <Data Name='SourceIsIpv6'>false</Data>
            <Data Name='SourceIp'>224.0.0.251</Data>
            <Data Name='SourceHostname'></Data>
            <Data Name='SourcePort'>5353</Data>
            <Data Name='SourcePortName'></Data>
            <Data Name='DestinationIsIpv6'>false</Data>
            <Data Name='DestinationIp'>192.168.1.169</Data>
            <Data Name='DestinationHostname'></Data>
            <Data Name='DestinationPort'>5353</Data>
            <Data Name='DestinationPortName'></Data>
        </EventData>
    </Event>
    <Event xmlns='http://schemas.microsoft.com/win/2004/08/events/event'>
        <System>
            <Provider Name='Microsoft-Windows-Sysmon' Guid='{5770385f-c22a-43e0-bf4c-06f5698ffbd9}'/>
            <EventID>3</EventID>
            <Version>5</Version>
            <Level>4</Level>
            <Task>3</Task>
            <Opcode>0</Opcode>
            <Keywords>0x8000000000000000</Keywords>
            <TimeCreated SystemTime='2020-03-18T18:25:04.210579200Z'/>
            <EventRecordID>111</EventRecordID>
            <Correlation/>
            <Execution ProcessID='1104' ThreadID='13220'/>
            <Channel>Microsoft-Windows-Sysmon/Operational</Channel>
            <Computer>DESKTOP-3LRRD6K</Computer>
            <Security UserID='S-1-5-18'/>
        </System>
        <EventData>
            <Data Name='RuleName'></Data>
            <Data Name='UtcTime'>2020-03-18 18:25:02.289</Data>
            <Data Name='ProcessGuid'>{3c251a4e-898b-5e6c-0000-00106e9d0300}</Data>
            <Data Name='ProcessId'>3888</Data>
            <Data Name='Image'>C:\Program Files (x86)\TeamViewer\TeamViewer_Service.exe</Data>
            <Data Name='User'>NT AUTHORITY\SYSTEM</Data>
            <Data Name='Protocol'>udp</Data>
            <Data Name='Initiated'>false</Data>
            <Data Name='SourceIsIpv6'>false</Data>
            <Data Name='SourceIp'>224.0.0.251</Data>
            <Data Name='SourceHostname'></Data>
            <Data Name='SourcePort'>5353</Data>
            <Data Name='SourcePortName'></Data>
            <Data Name='DestinationIsIpv6'>false</Data>
            <Data Name='DestinationIp'>192.168.1.169</Data>
            <Data Name='DestinationHostname'></Data>
            <Data Name='DestinationPort'>5353</Data>
            <Data Name='DestinationPortName'></Data>
        </EventData>
    </Event>
    <Event xmlns='http://schemas.microsoft.com/win/2004/08/events/event'>
        <System>
            <Provider Name='Microsoft-Windows-Sysmon' Guid='{5770385f-c22a-43e0-bf4c-06f5698ffbd9}'/>
            <EventID>3</EventID>
            <Version>5</Version>
            <Level>4</Level>
            <Task>3</Task>
            <Opcode>0</Opcode>
            <Keywords>0x8000000000000000</Keywords>
            <TimeCreated SystemTime='2020-03-18T18:25:04.210569400Z'/>
            <EventRecordID>110</EventRecordID>
            <Correlation/>
            <Execution ProcessID='1104' ThreadID='13220'/>
            <Channel>Microsoft-Windows-Sysmon/Operational</Channel>
            <Computer>DESKTOP-3LRRD6K</Computer>
            <Security UserID='S-1-5-18'/>
        </System>
        <EventData>
            <Data Name='RuleName'></Data>
            <Data Name='UtcTime'>2020-03-18 18:25:02.288</Data>
            <Data Name='ProcessGuid'>{3c251a4e-6bdf-5e6e-0000-0010fe80d012}</Data>
            <Data Name='ProcessId'>6104</Data>
            <Data Name='Image'>C:\Program Files (x86)\Google\Chrome\Application\chrome.exe</Data>
            <Data Name='User'>DESKTOP-3LRRD6K\liabe</Data>
            <Data Name='Protocol'>udp</Data>
            <Data Name='Initiated'>false</Data>
            <Data Name='SourceIsIpv6'>true</Data>
            <Data Name='SourceIp'>ff02:0:0:0:0:0:0:fb</Data>
            <Data Name='SourceHostname'></Data>
            <Data Name='SourcePort'>5353</Data>
            <Data Name='SourcePortName'></Data>
            <Data Name='DestinationIsIpv6'>true</Data>
            <Data Name='DestinationIp'>fe80:0:0:0:1842:3e38:3de2:c604</Data>
            <Data Name='DestinationHostname'></Data>
            <Data Name='DestinationPort'>5353</Data>
            <Data Name='DestinationPortName'></Data>
        </EventData>
    </Event>
    <Event xmlns='http://schemas.microsoft.com/win/2004/08/events/event'>
        <System>
            <Provider Name='Microsoft-Windows-Sysmon' Guid='{5770385f-c22a-43e0-bf4c-06f5698ffbd9}'/>
            <EventID>3</EventID>
            <Version>5</Version>
            <Level>4</Level>
            <Task>3</Task>
            <Opcode>0</Opcode>
            <Keywords>0x8000000000000000</Keywords>
            <TimeCreated SystemTime='2020-03-18T18:25:04.210559300Z'/>
            <EventRecordID>109</EventRecordID>
            <Correlation/>
            <Execution ProcessID='1104' ThreadID='13220'/>
            <Channel>Microsoft-Windows-Sysmon/Operational</Channel>
            <Computer>DESKTOP-3LRRD6K</Computer>
            <Security UserID='S-1-5-18'/>
        </System>
        <EventData>
            <Data Name='RuleName'></Data>
            <Data Name='UtcTime'>2020-03-18 18:25:02.288</Data>
            <Data Name='ProcessGuid'>{3c251a4e-6be0-5e6e-0000-0010c7a9d012}</Data>
            <Data Name='ProcessId'>7496</Data>
            <Data Name='Image'>C:\Program Files (x86)\Google\Chrome\Application\chrome.exe</Data>
            <Data Name='User'>DESKTOP-3LRRD6K\liabe</Data>
            <Data Name='Protocol'>udp</Data>
            <Data Name='Initiated'>false</Data>
            <Data Name='SourceIsIpv6'>true</Data>
            <Data Name='SourceIp'>ff02:0:0:0:0:0:0:fb</Data>
            <Data Name='SourceHostname'></Data>
            <Data Name='SourcePort'>5353</Data>
            <Data Name='SourcePortName'></Data>
            <Data Name='DestinationIsIpv6'>true</Data>
            <Data Name='DestinationIp'>fe80:0:0:0:1842:3e38:3de2:c604</Data>
            <Data Name='DestinationHostname'></Data>
            <Data Name='DestinationPort'>5353</Data>
            <Data Name='DestinationPortName'></Data>
        </EventData>
    </Event>
    <Event xmlns='http://schemas.microsoft.com/win/2004/08/events/event'>
        <System>
            <Provider Name='Microsoft-Windows-Sysmon' Guid='{5770385f-c22a-43e0-bf4c-06f5698ffbd9}'/>
            <EventID>3</EventID>
            <Version>5</Version>
            <Level>4</Level>
            <Task>3</Task>
            <Opcode>0</Opcode>
            <Keywords>0x8000000000000000</Keywords>
            <TimeCreated SystemTime='2020-03-18T18:25:04.210548400Z'/>
            <EventRecordID>108</EventRecordID>
            <Correlation/>
            <Execution ProcessID='1104' ThreadID='13220'/>
            <Channel>Microsoft-Windows-Sysmon/Operational</Channel>
            <Computer>DESKTOP-3LRRD6K</Computer>
            <Security UserID='S-1-5-18'/>
        </System>
        <EventData>
            <Data Name='RuleName'></Data>
            <Data Name='UtcTime'>2020-03-18 18:25:02.288</Data>
            <Data Name='ProcessGuid'>{3c251a4e-898a-5e6c-0000-0010306f0100}</Data>
            <Data Name='ProcessId'>1868</Data>
            <Data Name='Image'>C:\Windows\System32\svchost.exe</Data>
            <Data Name='User'>NT AUTHORITY\NETWORK SERVICE</Data>
            <Data Name='Protocol'>udp</Data>
            <Data Name='Initiated'>false</Data>
            <Data Name='SourceIsIpv6'>true</Data>
            <Data Name='SourceIp'>ff02:0:0:0:0:0:0:fb</Data>
            <Data Name='SourceHostname'></Data>
            <Data Name='SourcePort'>5353</Data>
            <Data Name='SourcePortName'></Data>
            <Data Name='DestinationIsIpv6'>true</Data>
            <Data Name='DestinationIp'>fe80:0:0:0:1842:3e38:3de2:c604</Data>
            <Data Name='DestinationHostname'></Data>
            <Data Name='DestinationPort'>5353</Data>
            <Data Name='DestinationPortName'></Data>
        </EventData>
    </Event>
    <Event xmlns='http://schemas.microsoft.com/win/2004/08/events/event'>
        <System>
            <Provider Name='Microsoft-Windows-Sysmon' Guid='{5770385f-c22a-43e0-bf4c-06f5698ffbd9}'/>
            <EventID>3</EventID>
            <Version>5</Version>
            <Level>4</Level>
            <Task>3</Task>
            <Opcode>0</Opcode>
            <Keywords>0x8000000000000000</Keywords>
            <TimeCreated SystemTime='2020-03-18T18:25:04.210530700Z'/>
            <EventRecordID>107</EventRecordID>
            <Correlation/>
            <Execution ProcessID='1104' ThreadID='13220'/>
            <Channel>Microsoft-Windows-Sysmon/Operational</Channel>
            <Computer>DESKTOP-3LRRD6K</Computer>
            <Security UserID='S-1-5-18'/>
        </System>
        <EventData>
            <Data Name='RuleName'></Data>
            <Data Name='UtcTime'>2020-03-18 18:25:01.784</Data>
            <Data Name='ProcessGuid'>{3c251a4e-6be0-5e6e-0000-0010c7a9d012}</Data>
            <Data Name='ProcessId'>7496</Data>
            <Data Name='Image'>C:\Program Files (x86)\Google\Chrome\Application\chrome.exe</Data>
            <Data Name='User'>DESKTOP-3LRRD6K\liabe</Data>
            <Data Name='Protocol'>tcp</Data>
            <Data Name='Initiated'>true</Data>
            <Data Name='SourceIsIpv6'>false</Data>
            <Data Name='SourceIp'>192.168.1.46</Data>
            <Data Name='SourceHostname'>DESKTOP-3LRRD6K.lan1</Data>
            <Data Name='SourcePort'>61965</Data>
            <Data Name='SourcePortName'></Data>
            <Data Name='DestinationIsIpv6'>false</Data>
            <Data Name='DestinationIp'>74.119.119.151</Data>
            <Data Name='DestinationHostname'></Data>
            <Data Name='DestinationPort'>443</Data>
            <Data Name='DestinationPortName'>https</Data>
        </EventData>
    </Event>
    <Event xmlns='http://schemas.microsoft.com/win/2004/08/events/event'>
        <System>
            <Provider Name='Microsoft-Windows-Sysmon' Guid='{5770385f-c22a-43e0-bf4c-06f5698ffbd9}'/>
            <EventID>3</EventID>
            <Version>5</Version>
            <Level>4</Level>
            <Task>3</Task>
            <Opcode>0</Opcode>
            <Keywords>0x8000000000000000</Keywords>
            <TimeCreated SystemTime='2020-03-18T18:25:03.208694100Z'/>
            <EventRecordID>106</EventRecordID>
            <Correlation/>
            <Execution ProcessID='1104' ThreadID='13220'/>
            <Channel>Microsoft-Windows-Sysmon/Operational</Channel>
            <Computer>DESKTOP-3LRRD6K</Computer>
            <Security UserID='S-1-5-18'/>
        </System>
        <EventData>
            <Data Name='RuleName'></Data>
            <Data Name='UtcTime'>2020-03-18 18:25:01.379</Data>
            <Data Name='ProcessGuid'>{3c251a4e-8986-5e6c-0000-0010eb030000}</Data>
            <Data Name='ProcessId'>4</Data>
            <Data Name='Image'>System</Data>
            <Data Name='User'>NT AUTHORITY\SYSTEM</Data>
            <Data Name='Protocol'>udp</Data>
            <Data Name='Initiated'>true</Data>
            <Data Name='SourceIsIpv6'>false</Data>
            <Data Name='SourceIp'>192.168.1.46</Data>
            <Data Name='SourceHostname'>DESKTOP-3LRRD6K.lan1</Data>
            <Data Name='SourcePort'>137</Data>
            <Data Name='SourcePortName'>netbios-ns</Data>
            <Data Name='DestinationIsIpv6'>false</Data>
            <Data Name='DestinationIp'>52.94.230.46</Data>
            <Data Name='DestinationHostname'></Data>
            <Data Name='DestinationPort'>137</Data>
            <Data Name='DestinationPortName'>netbios-ns</Data>
        </EventData>
    </Event>
    <Event xmlns='http://schemas.microsoft.com/win/2004/08/events/event'>
        <System>
            <Provider Name='Microsoft-Windows-Sysmon' Guid='{5770385f-c22a-43e0-bf4c-06f5698ffbd9}'/>
            <EventID>3</EventID>
            <Version>5</Version>
            <Level>4</Level>
            <Task>3</Task>
            <Opcode>0</Opcode>
            <Keywords>0x8000000000000000</Keywords>
            <TimeCreated SystemTime='2020-03-18T18:25:03.208683600Z'/>
            <EventRecordID>105</EventRecordID>
            <Correlation/>
            <Execution ProcessID='1104' ThreadID='13220'/>
            <Channel>Microsoft-Windows-Sysmon/Operational</Channel>
            <Computer>DESKTOP-3LRRD6K</Computer>
            <Security UserID='S-1-5-18'/>
        </System>
        <EventData>
            <Data Name='RuleName'></Data>
            <Data Name='UtcTime'>2020-03-18 18:25:01.372</Data>
            <Data Name='ProcessGuid'>{3c251a4e-8986-5e6c-0000-0010eb030000}</Data>
            <Data Name='ProcessId'>4</Data>
            <Data Name='Image'>System</Data>
            <Data Name='User'>NT AUTHORITY\SYSTEM</Data>
            <Data Name='Protocol'>udp</Data>
            <Data Name='Initiated'>true</Data>
            <Data Name='SourceIsIpv6'>false</Data>
            <Data Name='SourceIp'>192.168.1.46</Data>
            <Data Name='SourceHostname'>DESKTOP-3LRRD6K.lan1</Data>
            <Data Name='SourcePort'>137</Data>
            <Data Name='SourcePortName'>netbios-ns</Data>
            <Data Name='DestinationIsIpv6'>false</Data>
            <Data Name='DestinationIp'>52.94.233.131</Data>
            <Data Name='DestinationHostname'></Data>
            <Data Name='DestinationPort'>137</Data>
            <Data Name='DestinationPortName'>netbios-ns</Data>
        </EventData>
    </Event>
    <Event xmlns='http://schemas.microsoft.com/win/2004/08/events/event'>
        <System>
            <Provider Name='Microsoft-Windows-Sysmon' Guid='{5770385f-c22a-43e0-bf4c-06f5698ffbd9}'/>
            <EventID>3</EventID>
            <Version>5</Version>
            <Level>4</Level>
            <Task>3</Task>
            <Opcode>0</Opcode>
            <Keywords>0x8000000000000000</Keywords>
            <TimeCreated SystemTime='2020-03-18T18:25:03.208668900Z'/>
            <EventRecordID>104</EventRecordID>
            <Correlation/>
            <Execution ProcessID='1104' ThreadID='13220'/>
            <Channel>Microsoft-Windows-Sysmon/Operational</Channel>
            <Computer>DESKTOP-3LRRD6K</Computer>
            <Security UserID='S-1-5-18'/>
        </System>
        <EventData>
            <Data Name='RuleName'></Data>
            <Data Name='UtcTime'>2020-03-18 18:25:00.302</Data>
            <Data Name='ProcessGuid'>{3c251a4e-6be0-5e6e-0000-0010c7a9d012}</Data>
            <Data Name='ProcessId'>7496</Data>
            <Data Name='Image'>C:\Program Files (x86)\Google\Chrome\Application\chrome.exe</Data>
            <Data Name='User'>DESKTOP-3LRRD6K\liabe</Data>
            <Data Name='Protocol'>tcp</Data>
            <Data Name='Initiated'>true</Data>
            <Data Name='SourceIsIpv6'>false</Data>
            <Data Name='SourceIp'>192.168.1.46</Data>
            <Data Name='SourceHostname'>DESKTOP-3LRRD6K.lan1</Data>
            <Data Name='SourcePort'>61964</Data>
            <Data Name='SourcePortName'></Data>
            <Data Name='DestinationIsIpv6'>false</Data>
            <Data Name='DestinationIp'>52.94.240.125</Data>
            <Data Name='DestinationHostname'></Data>
            <Data Name='DestinationPort'>443</Data>
            <Data Name='DestinationPortName'>https</Data>
        </EventData>
    </Event>
    <Event xmlns='http://schemas.microsoft.com/win/2004/08/events/event'>
        <System>
            <Provider Name='Microsoft-Windows-Sysmon' Guid='{5770385f-c22a-43e0-bf4c-06f5698ffbd9}'/>
            <EventID>3</EventID>
            <Version>5</Version>
            <Level>4</Level>
            <Task>3</Task>
            <Opcode>0</Opcode>
            <Keywords>0x8000000000000000</Keywords>
            <TimeCreated SystemTime='2020-03-18T18:25:02.206857000Z'/>
            <EventRecordID>103</EventRecordID>
            <Correlation/>
            <Execution ProcessID='1104' ThreadID='13220'/>
            <Channel>Microsoft-Windows-Sysmon/Operational</Channel>
            <Computer>DESKTOP-3LRRD6K</Computer>
            <Security UserID='S-1-5-18'/>
        </System>
        <EventData>
            <Data Name='RuleName'></Data>
            <Data Name='UtcTime'>2020-03-18 18:25:00.207</Data>
            <Data Name='ProcessGuid'>{3c251a4e-8986-5e6c-0000-0010eb030000}</Data>
            <Data Name='ProcessId'>4</Data>
            <Data Name='Image'>System</Data>
            <Data Name='User'>NT AUTHORITY\SYSTEM</Data>
            <Data Name='Protocol'>udp</Data>
            <Data Name='Initiated'>true</Data>
            <Data Name='SourceIsIpv6'>false</Data>
            <Data Name='SourceIp'>192.168.1.46</Data>
            <Data Name='SourceHostname'>DESKTOP-3LRRD6K.lan1</Data>
            <Data Name='SourcePort'>137</Data>
            <Data Name='SourcePortName'>netbios-ns</Data>
            <Data Name='DestinationIsIpv6'>false</Data>
            <Data Name='DestinationIp'>162.210.196.208</Data>
            <Data Name='DestinationHostname'></Data>
            <Data Name='DestinationPort'>137</Data>
            <Data Name='DestinationPortName'>netbios-ns</Data>
        </EventData>
    </Event>
    <Event xmlns='http://schemas.microsoft.com/win/2004/08/events/event'>
        <System>
            <Provider Name='Microsoft-Windows-Sysmon' Guid='{5770385f-c22a-43e0-bf4c-06f5698ffbd9}'/>
            <EventID>3</EventID>
            <Version>5</Version>
            <Level>4</Level>
            <Task>3</Task>
            <Opcode>0</Opcode>
            <Keywords>0x8000000000000000</Keywords>
            <TimeCreated SystemTime='2020-03-18T18:25:01.204973700Z'/>
            <EventRecordID>102</EventRecordID>
            <Correlation/>
            <Execution ProcessID='1104' ThreadID='13220'/>
            <Channel>Microsoft-Windows-Sysmon/Operational</Channel>
            <Computer>DESKTOP-3LRRD6K</Computer>
            <Security UserID='S-1-5-18'/>
        </System>
        <EventData>
            <Data Name='RuleName'></Data>
            <Data Name='UtcTime'>2020-03-18 18:25:00.181</Data>
            <Data Name='ProcessGuid'>{3c251a4e-6be0-5e6e-0000-0010c7a9d012}</Data>
            <Data Name='ProcessId'>7496</Data>
            <Data Name='Image'>C:\Program Files (x86)\Google\Chrome\Application\chrome.exe</Data>
            <Data Name='User'>DESKTOP-3LRRD6K\liabe</Data>
            <Data Name='Protocol'>tcp</Data>
            <Data Name='Initiated'>true</Data>
            <Data Name='SourceIsIpv6'>false</Data>
            <Data Name='SourceIp'>192.168.1.46</Data>
            <Data Name='SourceHostname'>DESKTOP-3LRRD6K.lan1</Data>
            <Data Name='SourcePort'>61963</Data>
            <Data Name='SourcePortName'></Data>
            <Data Name='DestinationIsIpv6'>false</Data>
            <Data Name='DestinationIp'>52.94.233.131</Data>
            <Data Name='DestinationHostname'></Data>
            <Data Name='DestinationPort'>443</Data>
            <Data Name='DestinationPortName'>https</Data>
        </EventData>
    </Event>
    <Event xmlns='http://schemas.microsoft.com/win/2004/08/events/event'>
        <System>
            <Provider Name='Microsoft-Windows-Sysmon' Guid='{5770385f-c22a-43e0-bf4c-06f5698ffbd9}'/>
            <EventID>3</EventID>
            <Version>5</Version>
            <Level>4</Level>
            <Task>3</Task>
            <Opcode>0</Opcode>
            <Keywords>0x8000000000000000</Keywords>
            <TimeCreated SystemTime='2020-03-18T18:25:01.204963700Z'/>
            <EventRecordID>101</EventRecordID>
            <Correlation/>
            <Execution ProcessID='1104' ThreadID='13220'/>
            <Channel>Microsoft-Windows-Sysmon/Operational</Channel>
            <Computer>DESKTOP-3LRRD6K</Computer>
            <Security UserID='S-1-5-18'/>
        </System>
        <EventData>
            <Data Name='RuleName'></Data>
            <Data Name='UtcTime'>2020-03-18 18:25:00.180</Data>
            <Data Name='ProcessGuid'>{3c251a4e-6be0-5e6e-0000-0010c7a9d012}</Data>
            <Data Name='ProcessId'>7496</Data>
            <Data Name='Image'>C:\Program Files (x86)\Google\Chrome\Application\chrome.exe</Data>
            <Data Name='User'>DESKTOP-3LRRD6K\liabe</Data>
            <Data Name='Protocol'>tcp</Data>
            <Data Name='Initiated'>true</Data>
            <Data Name='SourceIsIpv6'>false</Data>
            <Data Name='SourceIp'>192.168.1.46</Data>
            <Data Name='SourceHostname'>DESKTOP-3LRRD6K.lan1</Data>
            <Data Name='SourcePort'>61962</Data>
            <Data Name='SourcePortName'></Data>
            <Data Name='DestinationIsIpv6'>false</Data>
            <Data Name='DestinationIp'>52.94.233.131</Data>
            <Data Name='DestinationHostname'></Data>
            <Data Name='DestinationPort'>443</Data>
            <Data Name='DestinationPortName'>https</Data>
        </EventData>
    </Event>
    <Event xmlns='http://schemas.microsoft.com/win/2004/08/events/event'>
        <System>
            <Provider Name='Microsoft-Windows-Sysmon' Guid='{5770385f-c22a-43e0-bf4c-06f5698ffbd9}'/>
            <EventID>3</EventID>
            <Version>5</Version>
            <Level>4</Level>
            <Task>3</Task>
            <Opcode>0</Opcode>
            <Keywords>0x8000000000000000</Keywords>
            <TimeCreated SystemTime='2020-03-18T18:25:01.204947700Z'/>
            <EventRecordID>100</EventRecordID>
            <Correlation/>
            <Execution ProcessID='1104' ThreadID='13220'/>
            <Channel>Microsoft-Windows-Sysmon/Operational</Channel>
            <Computer>DESKTOP-3LRRD6K</Computer>
            <Security UserID='S-1-5-18'/>
        </System>
        <EventData>
            <Data Name='RuleName'></Data>
            <Data Name='UtcTime'>2020-03-18 18:24:59.879</Data>
            <Data Name='ProcessGuid'>{3c251a4e-6be0-5e6e-0000-0010c7a9d012}</Data>
            <Data Name='ProcessId'>7496</Data>
            <Data Name='Image'>C:\Program Files (x86)\Google\Chrome\Application\chrome.exe</Data>
            <Data Name='User'>DESKTOP-3LRRD6K\liabe</Data>
            <Data Name='Protocol'>tcp</Data>
            <Data Name='Initiated'>true</Data>
            <Data Name='SourceIsIpv6'>false</Data>
            <Data Name='SourceIp'>192.168.1.46</Data>
            <Data Name='SourceHostname'>DESKTOP-3LRRD6K.lan1</Data>
            <Data Name='SourcePort'>61961</Data>
            <Data Name='SourcePortName'></Data>
            <Data Name='DestinationIsIpv6'>false</Data>
            <Data Name='DestinationIp'>52.94.230.46</Data>
            <Data Name='DestinationHostname'></Data>
            <Data Name='DestinationPort'>443</Data>
            <Data Name='DestinationPortName'>https</Data>
        </EventData>
    </Event>
    <Event xmlns='http://schemas.microsoft.com/win/2004/08/events/event'>
        <System>
            <Provider Name='Microsoft-Windows-Sysmon' Guid='{5770385f-c22a-43e0-bf4c-06f5698ffbd9}'/>
            <EventID>3</EventID>
            <Version>5</Version>
            <Level>4</Level>
            <Task>3</Task>
            <Opcode>0</Opcode>
            <Keywords>0x8000000000000000</Keywords>
            <TimeCreated SystemTime='2020-03-18T18:25:00.203630500Z'/>
            <EventRecordID>99</EventRecordID>
            <Correlation/>
            <Execution ProcessID='1104' ThreadID='13220'/>
            <Channel>Microsoft-Windows-Sysmon/Operational</Channel>
            <Computer>DESKTOP-3LRRD6K</Computer>
            <Security UserID='S-1-5-18'/>
        </System>
        <EventData>
            <Data Name='RuleName'></Data>
            <Data Name='UtcTime'>2020-03-18 18:24:58.740</Data>
            <Data Name='ProcessGuid'>{3c251a4e-6be0-5e6e-0000-0010c7a9d012}</Data>
            <Data Name='ProcessId'>7496</Data>
            <Data Name='Image'>C:\Program Files (x86)\Google\Chrome\Application\chrome.exe</Data>
            <Data Name='User'>DESKTOP-3LRRD6K\liabe</Data>
            <Data Name='Protocol'>tcp</Data>
            <Data Name='Initiated'>true</Data>
            <Data Name='SourceIsIpv6'>false</Data>
            <Data Name='SourceIp'>192.168.1.46</Data>
            <Data Name='SourceHostname'>DESKTOP-3LRRD6K.lan1</Data>
            <Data Name='SourcePort'>61960</Data>
            <Data Name='SourcePortName'></Data>
            <Data Name='DestinationIsIpv6'>false</Data>
            <Data Name='DestinationIp'>162.210.196.208</Data>
            <Data Name='DestinationHostname'></Data>
            <Data Name='DestinationPort'>443</Data>
            <Data Name='DestinationPortName'>https</Data>
        </EventData>
    </Event>
    <Event xmlns='http://schemas.microsoft.com/win/2004/08/events/event'>
        <System>
            <Provider Name='Microsoft-Windows-Sysmon' Guid='{5770385f-c22a-43e0-bf4c-06f5698ffbd9}'/>
            <EventID>3</EventID>
            <Version>5</Version>
            <Level>4</Level>
            <Task>3</Task>
            <Opcode>0</Opcode>
            <Keywords>0x8000000000000000</Keywords>
            <TimeCreated SystemTime='2020-03-18T18:25:00.203621400Z'/>
            <EventRecordID>98</EventRecordID>
            <Correlation/>
            <Execution ProcessID='1104' ThreadID='13220'/>
            <Channel>Microsoft-Windows-Sysmon/Operational</Channel>
            <Computer>DESKTOP-3LRRD6K</Computer>
            <Security UserID='S-1-5-18'/>
        </System>
        <EventData>
            <Data Name='RuleName'></Data>
            <Data Name='UtcTime'>2020-03-18 18:24:58.450</Data>
            <Data Name='ProcessGuid'>{3c251a4e-6be0-5e6e-0000-0010c7a9d012}</Data>
            <Data Name='ProcessId'>7496</Data>
            <Data Name='Image'>C:\Program Files (x86)\Google\Chrome\Application\chrome.exe</Data>
            <Data Name='User'>DESKTOP-3LRRD6K\liabe</Data>
            <Data Name='Protocol'>tcp</Data>
            <Data Name='Initiated'>true</Data>
            <Data Name='SourceIsIpv6'>false</Data>
            <Data Name='SourceIp'>192.168.1.46</Data>
            <Data Name='SourceHostname'>DESKTOP-3LRRD6K.lan1</Data>
            <Data Name='SourcePort'>61959</Data>
            <Data Name='SourcePortName'></Data>
            <Data Name='DestinationIsIpv6'>false</Data>
            <Data Name='DestinationIp'>162.210.196.208</Data>
            <Data Name='DestinationHostname'></Data>
            <Data Name='DestinationPort'>443</Data>
            <Data Name='DestinationPortName'>https</Data>
        </EventData>
    </Event>
    <Event xmlns='http://schemas.microsoft.com/win/2004/08/events/event'>
        <System>
            <Provider Name='Microsoft-Windows-Sysmon' Guid='{5770385f-c22a-43e0-bf4c-06f5698ffbd9}'/>
            <EventID>3</EventID>
            <Version>5</Version>
            <Level>4</Level>
            <Task>3</Task>
            <Opcode>0</Opcode>
            <Keywords>0x8000000000000000</Keywords>
            <TimeCreated SystemTime='2020-03-18T18:25:00.203611300Z'/>
            <EventRecordID>97</EventRecordID>
            <Correlation/>
            <Execution ProcessID='1104' ThreadID='13220'/>
            <Channel>Microsoft-Windows-Sysmon/Operational</Channel>
            <Computer>DESKTOP-3LRRD6K</Computer>
            <Security UserID='S-1-5-18'/>
        </System>
        <EventData>
            <Data Name='RuleName'></Data>
            <Data Name='UtcTime'>2020-03-18 18:24:58.444</Data>
            <Data Name='ProcessGuid'>{3c251a4e-6be0-5e6e-0000-0010c7a9d012}</Data>
            <Data Name='ProcessId'>7496</Data>
            <Data Name='Image'>C:\Program Files (x86)\Google\Chrome\Application\chrome.exe</Data>
            <Data Name='User'>DESKTOP-3LRRD6K\liabe</Data>
            <Data Name='Protocol'>tcp</Data>
            <Data Name='Initiated'>true</Data>
            <Data Name='SourceIsIpv6'>false</Data>
            <Data Name='SourceIp'>192.168.1.46</Data>
            <Data Name='SourceHostname'>DESKTOP-3LRRD6K.lan1</Data>
            <Data Name='SourcePort'>61958</Data>
            <Data Name='SourcePortName'></Data>
            <Data Name='DestinationIsIpv6'>false</Data>
            <Data Name='DestinationIp'>162.210.196.208</Data>
            <Data Name='DestinationHostname'></Data>
            <Data Name='DestinationPort'>443</Data>
            <Data Name='DestinationPortName'>https</Data>
        </EventData>
    </Event>
    <Event xmlns='http://schemas.microsoft.com/win/2004/08/events/event'>
        <System>
            <Provider Name='Microsoft-Windows-Sysmon' Guid='{5770385f-c22a-43e0-bf4c-06f5698ffbd9}'/>
            <EventID>3</EventID>
            <Version>5</Version>
            <Level>4</Level>
            <Task>3</Task>
            <Opcode>0</Opcode>
            <Keywords>0x8000000000000000</Keywords>
            <TimeCreated SystemTime='2020-03-18T18:25:00.203596600Z'/>
            <EventRecordID>96</EventRecordID>
            <Correlation/>
            <Execution ProcessID='1104' ThreadID='13220'/>
            <Channel>Microsoft-Windows-Sysmon/Operational</Channel>
            <Computer>DESKTOP-3LRRD6K</Computer>
            <Security UserID='S-1-5-18'/>
        </System>
        <EventData>
            <Data Name='RuleName'></Data>
            <Data Name='UtcTime'>2020-03-18 18:24:58.337</Data>
            <Data Name='ProcessGuid'>{3c251a4e-6be0-5e6e-0000-0010c7a9d012}</Data>
            <Data Name='ProcessId'>7496</Data>
            <Data Name='Image'>C:\Program Files (x86)\Google\Chrome\Application\chrome.exe</Data>
            <Data Name='User'>DESKTOP-3LRRD6K\liabe</Data>
            <Data Name='Protocol'>tcp</Data>
            <Data Name='Initiated'>true</Data>
            <Data Name='SourceIsIpv6'>false</Data>
            <Data Name='SourceIp'>192.168.1.46</Data>
            <Data Name='SourceHostname'>DESKTOP-3LRRD6K.lan1</Data>
            <Data Name='SourcePort'>61957</Data>
            <Data Name='SourcePortName'></Data>
            <Data Name='DestinationIsIpv6'>false</Data>
            <Data Name='DestinationIp'>162.210.196.208</Data>
            <Data Name='DestinationHostname'></Data>
            <Data Name='DestinationPort'>443</Data>
            <Data Name='DestinationPortName'>https</Data>
        </EventData>
    </Event>
    <Event xmlns='http://schemas.microsoft.com/win/2004/08/events/event'>
        <System>
            <Provider Name='Microsoft-Windows-Sysmon' Guid='{5770385f-c22a-43e0-bf4c-06f5698ffbd9}'/>
            <EventID>1</EventID>
            <Version>5</Version>
            <Level>4</Level>
            <Task>1</Task>
            <Opcode>0</Opcode>
            <Keywords>0x8000000000000000</Keywords>
            <TimeCreated SystemTime='2020-03-18T18:24:59.989800600Z'/>
            <EventRecordID>95</EventRecordID>
            <Correlation/>
            <Execution ProcessID='1104' ThreadID='19972'/>
            <Channel>Microsoft-Windows-Sysmon/Operational</Channel>
            <Computer>DESKTOP-3LRRD6K</Computer>
            <Security UserID='S-1-5-18'/>
        </System>
        <EventData>
            <Data Name='RuleName'></Data>
            <Data Name='UtcTime'>2020-03-18 18:24:59.984</Data>
            <Data Name='ProcessGuid'>{3c251a4e-677b-5e72-0000-0010b2345875}</Data>
            <Data Name='ProcessId'>2868</Data>
            <Data Name='Image'>C:\Program Files (x86)\Google\Chrome\Application\chrome.exe</Data>
            <Data Name='FileVersion'>80.0.3987.132</Data>
            <Data Name='Description'>Google Chrome</Data>
            <Data Name='Product'>Google Chrome</Data>
            <Data Name='Company'>Google LLC</Data>
            <Data Name='OriginalFileName'>chrome.exe</Data>
            <Data Name='CommandLine'>"C:\Program Files (x86)\Google\Chrome\Application\chrome.exe" --type=renderer --field-trial-handle=1932,16201686782671164598,16198539671791952964,131072 --lang=zh-CN --enable-auto-reload --device-scale-factor=1.5 --num-raster-threads=3 --enable-main-frame-before-activation --renderer-client-id=7134 --no-v8-untrusted-code-mitigations --mojo-platform-channel-handle=11028 /prefetch:1</Data>
            <Data Name='CurrentDirectory'>C:\Program Files (x86)\Google\Chrome\Application\80.0.3987.132\</Data>
            <Data Name='User'>DESKTOP-3LRRD6K\liabe</Data>
            <Data Name='LogonGuid'>{3c251a4e-6e57-5e6d-0000-0020ee4f2c08}</Data>
            <Data Name='LogonId'>0x82c4fee</Data>
            <Data Name='TerminalSessionId'>2</Data>
            <Data Name='IntegrityLevel'>Low</Data>
            <Data Name='Hashes'>SHA1=8E9DF2292F5280F7AED98B310E11668485A18E86</Data>
            <Data Name='ParentProcessGuid'>{3c251a4e-6bdf-5e6e-0000-0010fe80d012}</Data>
            <Data Name='ParentProcessId'>6104</Data>
            <Data Name='ParentImage'>C:\Program Files (x86)\Google\Chrome\Application\chrome.exe</Data>
            <Data Name='ParentCommandLine'>"C:\Program Files (x86)\Google\Chrome\Application\chrome.exe" </Data>
        </EventData>
    </Event>
    <Event xmlns='http://schemas.microsoft.com/win/2004/08/events/event'>
        <System>
            <Provider Name='Microsoft-Windows-Sysmon' Guid='{5770385f-c22a-43e0-bf4c-06f5698ffbd9}'/>
            <EventID>3</EventID>
            <Version>5</Version>
            <Level>4</Level>
            <Task>3</Task>
            <Opcode>0</Opcode>
            <Keywords>0x8000000000000000</Keywords>
            <TimeCreated SystemTime='2020-03-18T18:24:59.201447700Z'/>
            <EventRecordID>94</EventRecordID>
            <Correlation/>
            <Execution ProcessID='1104' ThreadID='13220'/>
            <Channel>Microsoft-Windows-Sysmon/Operational</Channel>
            <Computer>DESKTOP-3LRRD6K</Computer>
            <Security UserID='S-1-5-18'/>
        </System>
        <EventData>
            <Data Name='RuleName'></Data>
            <Data Name='UtcTime'>2020-03-18 18:24:58.130</Data>
            <Data Name='ProcessGuid'>{3c251a4e-6be0-5e6e-0000-0010c7a9d012}</Data>
            <Data Name='ProcessId'>7496</Data>
            <Data Name='Image'>C:\Program Files (x86)\Google\Chrome\Application\chrome.exe</Data>
            <Data Name='User'>DESKTOP-3LRRD6K\liabe</Data>
            <Data Name='Protocol'>udp</Data>
            <Data Name='Initiated'>true</Data>
            <Data Name='SourceIsIpv6'>false</Data>
            <Data Name='SourceIp'>192.168.1.46</Data>
            <Data Name='SourceHostname'>DESKTOP-3LRRD6K.lan1</Data>
            <Data Name='SourcePort'>58432</Data>
            <Data Name='SourcePortName'></Data>
            <Data Name='DestinationIsIpv6'>false</Data>
            <Data Name='DestinationIp'>172.217.4.66</Data>
            <Data Name='DestinationHostname'></Data>
            <Data Name='DestinationPort'>443</Data>
            <Data Name='DestinationPortName'>https</Data>
        </EventData>
    </Event>
    <Event xmlns='http://schemas.microsoft.com/win/2004/08/events/event'>
        <System>
            <Provider Name='Microsoft-Windows-Sysmon' Guid='{5770385f-c22a-43e0-bf4c-06f5698ffbd9}'/>
            <EventID>5</EventID>
            <Version>3</Version>
            <Level>4</Level>
            <Task>5</Task>
            <Opcode>0</Opcode>
            <Keywords>0x8000000000000000</Keywords>
            <TimeCreated SystemTime='2020-03-18T18:24:58.301012300Z'/>
            <EventRecordID>93</EventRecordID>
            <Correlation/>
            <Execution ProcessID='1104' ThreadID='19972'/>
            <Channel>Microsoft-Windows-Sysmon/Operational</Channel>
            <Computer>DESKTOP-3LRRD6K</Computer>
            <Security UserID='S-1-5-18'/>
        </System>
        <EventData>
            <Data Name='RuleName'></Data>
            <Data Name='UtcTime'>2020-03-18 18:24:58.300</Data>
            <Data Name='ProcessGuid'>{3c251a4e-675d-5e72-0000-0010f31a4e75}</Data>
            <Data Name='ProcessId'>24236</Data>
            <Data Name='Image'>C:\Program Files (x86)\Google\Chrome\Application\chrome.exe</Data>
        </EventData>
    </Event>
    