<Event xmlns='http://schemas.microsoft.com/win/2004/08/events/event'>
        <System>
            <Provider Name='Microsoft-Windows-Sysmon' Guid='{5770385f-c22a-43e0-bf4c-06f5698ffbd9}'/>
            <EventID>3</EventID>
            <Version>5</Version>
            <Level>4</Level>
            <Task>3</Task>
            <Opcode>0</Opcode>
            <Keywords>0x8000000000000000</Keywords>
            <TimeCreated SystemTime='2020-03-18T18:24:44.179498100Z'/>
            <EventRecordID>12</EventRecordID>
            <Correlation/>
            <Execution ProcessID='1104' ThreadID='13220'/>
            <Channel>Microsoft-Windows-Sysmon/Operational</Channel>
            <Computer>DESKTOP-3LRRD6K</Computer>
            <Security UserID='S-1-5-18'/>
        </System>
        <EventData>
            <Data Name='RuleName'></Data>
            <Data Name='UtcTime'>2020-03-18 18:24:42.738</Data>
            <Data Name='ProcessGuid'>{3c251a4e-898a-5e6c-0000-0010306f0100}</Data>
            <Data Name='ProcessId'>1868</Data>
            <Data Name='Image'>C:\Windows\System32\svchost.exe</Data>
            <Data Name='User'>NT AUTHORITY\NETWORK SERVICE</Data>
            <Data Name='Protocol'>udp</Data>
            <Data Name='Initiated'>false</Data>
            <Data Name='SourceIsIpv6'>false</Data>
            <Data Name='SourceIp'>224.0.0.251</Data>
            <Data Name='SourceHostname'></Data>
            <Data Name='SourcePort'>5353</Data>
            <Data Name='SourcePortName'></Data>
            <Data Name='DestinationIsIpv6'>false</Data>
            <Data Name='DestinationIp'>192.168.1.1</Data>
            <Data Name='DestinationHostname'></Data>
            <Data Name='DestinationPort'>5353</Data>
            <Data Name='DestinationPortName'></Data>
        </EventData>
    </Event>
    <Event xmlns='http://schemas.microsoft.com/win/2004/08/events/event'>
        <System>
            <Provider Name='Microsoft-Windows-Sysmon' Guid='{5770385f-c22a-43e0-bf4c-06f5698ffbd9}'/>
            <EventID>3</EventID>
            <Version>5</Version>
            <Level>4</Level>
            <Task>3</Task>
            <Opcode>0</Opcode>
            <Keywords>0x8000000000000000</Keywords>
            <TimeCreated SystemTime='2020-03-18T18:24:44.178058700Z'/>
            <EventRecordID>11</EventRecordID>
            <Correlation/>
            <Execution ProcessID='1104' ThreadID='13220'/>
            <Channel>Microsoft-Windows-Sysmon/Operational</Channel>
            <Computer>DESKTOP-3LRRD6K</Computer>
            <Security UserID='S-1-5-18'/>
        </System>
        <EventData>
            <Data Name='RuleName'></Data>
            <Data Name='UtcTime'>2020-03-18 18:24:42.737</Data>
            <Data Name='ProcessGuid'>{3c251a4e-6bdf-5e6e-0000-0010fe80d012}</Data>
            <Data Name='ProcessId'>6104</Data>
            <Data Name='Image'>C:\Program Files (x86)\Google\Chrome\Application\chrome.exe</Data>
            <Data Name='User'>DESKTOP-3LRRD6K\liabe</Data>
            <Data Name='Protocol'>udp</Data>
            <Data Name='Initiated'>false</Data>
            <Data Name='SourceIsIpv6'>false</Data>
            <Data Name='SourceIp'>224.0.0.251</Data>
            <Data Name='SourceHostname'></Data>
            <Data Name='SourcePort'>5353</Data>
            <Data Name='SourcePortName'></Data>
            <Data Name='DestinationIsIpv6'>false</Data>
            <Data Name='DestinationIp'>192.168.1.1</Data>
            <Data Name='DestinationHostname'></Data>
            <Data Name='DestinationPort'>5353</Data>
            <Data Name='DestinationPortName'></Data>
        </EventData>
    </Event>
    <Event xmlns='http://schemas.microsoft.com/win/2004/08/events/event'>
        <System>
            <Provider Name='Microsoft-Windows-Sysmon' Guid='{5770385f-c22a-43e0-bf4c-06f5698ffbd9}'/>
            <EventID>3</EventID>
            <Version>5</Version>
            <Level>4</Level>
            <Task>3</Task>
            <Opcode>0</Opcode>
            <Keywords>0x8000000000000000</Keywords>
            <TimeCreated SystemTime='2020-03-18T18:24:44.178006800Z'/>
            <EventRecordID>10</EventRecordID>
            <Correlation/>
            <Execution ProcessID='1104' ThreadID='13220'/>
            <Channel>Microsoft-Windows-Sysmon/Operational</Channel>
            <Computer>DESKTOP-3LRRD6K</Computer>
            <Security UserID='S-1-5-18'/>
        </System>
        <EventData>
            <Data Name='RuleName'></Data>
            <Data Name='UtcTime'>2020-03-18 18:24:42.737</Data>
            <Data Name='ProcessGuid'>{3c251a4e-6be0-5e6e-0000-0010c7a9d012}</Data>
            <Data Name='ProcessId'>7496</Data>
            <Data Name='Image'>C:\Program Files (x86)\Google\Chrome\Application\chrome.exe</Data>
            <Data Name='User'>DESKTOP-3LRRD6K\liabe</Data>
            <Data Name='Protocol'>udp</Data>
            <Data Name='Initiated'>false</Data>
            <Data Name='SourceIsIpv6'>false</Data>
            <Data Name='SourceIp'>224.0.0.251</Data>
            <Data Name='SourceHostname'></Data>
            <Data Name='SourcePort'>5353</Data>
            <Data Name='SourcePortName'></Data>
            <Data Name='DestinationIsIpv6'>false</Data>
            <Data Name='DestinationIp'>192.168.1.1</Data>
            <Data Name='DestinationHostname'></Data>
            <Data Name='DestinationPort'>5353</Data>
            <Data Name='DestinationPortName'></Data>
        </EventData>
    </Event>
    <Event xmlns='http://schemas.microsoft.com/win/2004/08/events/event'>
        <System>
            <Provider Name='Microsoft-Windows-Sysmon' Guid='{5770385f-c22a-43e0-bf4c-06f5698ffbd9}'/>
            <EventID>3</EventID>
            <Version>5</Version>
            <Level>4</Level>
            <Task>3</Task>
            <Opcode>0</Opcode>
            <Keywords>0x8000000000000000</Keywords>
            <TimeCreated SystemTime='2020-03-18T18:24:44.177935900Z'/>
            <EventRecordID>9</EventRecordID>
            <Correlation/>
            <Execution ProcessID='1104' ThreadID='13220'/>
            <Channel>Microsoft-Windows-Sysmon/Operational</Channel>
            <Computer>DESKTOP-3LRRD6K</Computer>
            <Security UserID='S-1-5-18'/>
        </System>
        <EventData>
            <Data Name='RuleName'></Data>
            <Data Name='UtcTime'>2020-03-18 18:24:42.737</Data>
            <Data Name='ProcessGuid'>{3c251a4e-898b-5e6c-0000-00102b710300}</Data>
            <Data Name='ProcessId'>3440</Data>
            <Data Name='Image'>C:\Program Files\NVIDIA Corporation\NvContainer\nvcontainer.exe</Data>
            <Data Name='User'>NT AUTHORITY\SYSTEM</Data>
            <Data Name='Protocol'>udp</Data>
            <Data Name='Initiated'>false</Data>
            <Data Name='SourceIsIpv6'>false</Data>
            <Data Name='SourceIp'>224.0.0.251</Data>
            <Data Name='SourceHostname'></Data>
            <Data Name='SourcePort'>5353</Data>
            <Data Name='SourcePortName'></Data>
            <Data Name='DestinationIsIpv6'>false</Data>
            <Data Name='DestinationIp'>192.168.1.1</Data>
            <Data Name='DestinationHostname'></Data>
            <Data Name='DestinationPort'>5353</Data>
            <Data Name='DestinationPortName'></Data>
        </EventData>
    </Event>
    <Event xmlns='http://schemas.microsoft.com/win/2004/08/events/event'>
        <System>
            <Provider Name='Microsoft-Windows-Sysmon' Guid='{5770385f-c22a-43e0-bf4c-06f5698ffbd9}'/>
            <EventID>3</EventID>
            <Version>5</Version>
            <Level>4</Level>
            <Task>3</Task>
            <Opcode>0</Opcode>
            <Keywords>0x8000000000000000</Keywords>
            <TimeCreated SystemTime='2020-03-18T18:24:44.177869900Z'/>
            <EventRecordID>8</EventRecordID>
            <Correlation/>
            <Execution ProcessID='1104' ThreadID='13220'/>
            <Channel>Microsoft-Windows-Sysmon/Operational</Channel>
            <Computer>DESKTOP-3LRRD6K</Computer>
            <Security UserID='S-1-5-18'/>
        </System>
        <EventData>
            <Data Name='RuleName'></Data>
            <Data Name='UtcTime'>2020-03-18 18:24:42.737</Data>
            <Data Name='ProcessGuid'>{3c251a4e-898b-5e6c-0000-00106e9d0300}</Data>
            <Data Name='ProcessId'>3888</Data>
            <Data Name='Image'>C:\Program Files (x86)\TeamViewer\TeamViewer_Service.exe</Data>
            <Data Name='User'>NT AUTHORITY\SYSTEM</Data>
            <Data Name='Protocol'>udp</Data>
            <Data Name='Initiated'>false</Data>
            <Data Name='SourceIsIpv6'>false</Data>
            <Data Name='SourceIp'>224.0.0.251</Data>
            <Data Name='SourceHostname'></Data>
            <Data Name='SourcePort'>5353</Data>
            <Data Name='SourcePortName'></Data>
            <Data Name='DestinationIsIpv6'>false</Data>
            <Data Name='DestinationIp'>192.168.1.1</Data>
            <Data Name='DestinationHostname'></Data>
            <Data Name='DestinationPort'>5353</Data>
            <Data Name='DestinationPortName'></Data>
        </EventData>
    </Event>
    <Event xmlns='http://schemas.microsoft.com/win/2004/08/events/event'>
        <System>
            <Provider Name='Microsoft-Windows-Sysmon' Guid='{5770385f-c22a-43e0-bf4c-06f5698ffbd9}'/>
            <EventID>3</EventID>
            <Version>5</Version>
            <Level>4</Level>
            <Task>3</Task>
            <Opcode>0</Opcode>
            <Keywords>0x8000000000000000</Keywords>
            <TimeCreated SystemTime='2020-03-18T18:24:43.426191800Z'/>
            <EventRecordID>7</EventRecordID>
            <Correlation/>
            <Execution ProcessID='1104' ThreadID='13220'/>
            <Channel>Microsoft-Windows-Sysmon/Operational</Channel>
            <Computer>DESKTOP-3LRRD6K</Computer>
            <Security UserID='S-1-5-18'/>
        </System>
        <EventData>
            <Data Name='RuleName'></Data>
            <Data Name='UtcTime'>2020-03-18 18:24:41.681</Data>
            <Data Name='ProcessGuid'>{3c251a4e-6be0-5e6e-0000-0010c7a9d012}</Data>
            <Data Name='ProcessId'>7496</Data>
            <Data Name='Image'>C:\Program Files (x86)\Google\Chrome\Application\chrome.exe</Data>
            <Data Name='User'>DESKTOP-3LRRD6K\liabe</Data>
            <Data Name='Protocol'>udp</Data>
            <Data Name='Initiated'>true</Data>
            <Data Name='SourceIsIpv6'>true</Data>
            <Data Name='SourceIp'>2604:6000:1111:8bda:a900:3e44:c4df:7e13</Data>
            <Data Name='SourceHostname'>DESKTOP-3LRRD6K.lan1</Data>
            <Data Name='SourcePort'>55423</Data>
            <Data Name='SourcePortName'></Data>
            <Data Name='DestinationIsIpv6'>true</Data>
            <Data Name='DestinationIp'>2607:f8b0:4009:807:0:0:0:200e</Data>
            <Data Name='DestinationHostname'></Data>
            <Data Name='DestinationPort'>443</Data>
            <Data Name='DestinationPortName'>https</Data>
        </EventData>
    </Event>
    <Event xmlns='http://schemas.microsoft.com/win/2004/08/events/event'>
        <System>
            <Provider Name='Microsoft-Windows-Sysmon' Guid='{5770385f-c22a-43e0-bf4c-06f5698ffbd9}'/>
            <EventID>5</EventID>
            <Version>3</Version>
            <Level>4</Level>
            <Task>5</Task>
            <Opcode>0</Opcode>
            <Keywords>0x8000000000000000</Keywords>
            <TimeCreated SystemTime='2020-03-18T18:24:42.128762700Z'/>
            <EventRecordID>6</EventRecordID>
            <Correlation/>
            <Execution ProcessID='1104' ThreadID='19972'/>
            <Channel>Microsoft-Windows-Sysmon/Operational</Channel>
            <Computer>DESKTOP-3LRRD6K</Computer>
            <Security UserID='S-1-5-18'/>
        </System>
        <EventData>
            <Data Name='RuleName'></Data>
            <Data Name='UtcTime'>2020-03-18 18:24:42.127</Data>
            <Data Name='ProcessGuid'>{3c251a4e-6768-5e72-0000-00107d5a4f75}</Data>
            <Data Name='ProcessId'>11556</Data>
            <Data Name='Image'>C:\Sysmon\Sysmon.exe</Data>
        </EventData>
    </Event>
    <Event xmlns='http://schemas.microsoft.com/win/2004/08/events/event'>
        <System>
            <Provider Name='Microsoft-Windows-Sysmon' Guid='{5770385f-c22a-43e0-bf4c-06f5698ffbd9}'/>
            <EventID>5</EventID>
            <Version>3</Version>
            <Level>4</Level>
            <Task>5</Task>
            <Opcode>0</Opcode>
            <Keywords>0x8000000000000000</Keywords>
            <TimeCreated SystemTime='2020-03-18T18:24:42.125558700Z'/>
            <EventRecordID>5</EventRecordID>
            <Correlation/>
            <Execution ProcessID='1104' ThreadID='19972'/>
            <Channel>Microsoft-Windows-Sysmon/Operational</Channel>
            <Computer>DESKTOP-3LRRD6K</Computer>
            <Security UserID='S-1-5-18'/>
        </System>
        <EventData>
            <Data Name='RuleName'></Data>
            <Data Name='UtcTime'>2020-03-18 18:24:42.124</Data>
            <Data Name='ProcessGuid'>{3c251a4e-6768-5e72-0000-00101a6c4f75}</Data>
            <Data Name='ProcessId'>21888</Data>
            <Data Name='Image'>C:\Users\liabe\AppData\Local\Temp\Sysmon.exe</Data>
        </EventData>
    </Event>
    <Event xmlns='http://schemas.microsoft.com/win/2004/08/events/event'>
        <System>
            <Provider Name='Microsoft-Windows-Sysmon' Guid='{5770385f-c22a-43e0-bf4c-06f5698ffbd9}'/>
            <EventID>1</EventID>
            <Version>5</Version>
            <Level>4</Level>
            <Task>1</Task>
            <Opcode>0</Opcode>
            <Keywords>0x8000000000000000</Keywords>
            <TimeCreated SystemTime='2020-03-18T18:24:41.198825600Z'/>
            <EventRecordID>4</EventRecordID>
            <Correlation/>
            <Execution ProcessID='1104' ThreadID='19972'/>
            <Channel>Microsoft-Windows-Sysmon/Operational</Channel>
            <Computer>DESKTOP-3LRRD6K</Computer>
            <Security UserID='S-1-5-18'/>
        </System>
        <EventData>
            <Data Name='RuleName'></Data>
            <Data Name='UtcTime'>2020-03-18 18:24:41.132</Data>
            <Data Name='ProcessGuid'>{3c251a4e-6769-5e72-0000-0010cbfd4f75}</Data>
            <Data Name='ProcessId'>22608</Data>
            <Data Name='Image'>C:\Windows\System32\wbem\unsecapp.exe</Data>
            <Data Name='FileVersion'>10.0.18362.1 (WinBuild.160101.0800)</Data>
            <Data Name='Description'>Sink to receive asynchronous callbacks for WMI client application</Data>
            <Data Name='Product'>Microsoft® Windows® Operating System</Data>
            <Data Name='Company'>Microsoft Corporation</Data>
            <Data Name='OriginalFileName'>unsecapp.dll</Data>
            <Data Name='CommandLine'>C:\Windows\system32\wbem\unsecapp.exe -Embedding</Data>
            <Data Name='CurrentDirectory'>C:\Windows\system32\</Data>
            <Data Name='User'>NT AUTHORITY\SYSTEM</Data>
            <Data Name='LogonGuid'>{3c251a4e-898a-5e6c-0000-0020e7030000}</Data>
            <Data Name='LogonId'>0x3e7</Data>
            <Data Name='TerminalSessionId'>0</Data>
            <Data Name='IntegrityLevel'>System</Data>
            <Data Name='Hashes'>SHA1=7F53823D5E95F008332FDA57E0A5CD8265C49F24</Data>
            <Data Name='ParentProcessGuid'>{3c251a4e-898a-5e6c-0000-001030c50000}</Data>
            <Data Name='ParentProcessId'>900</Data>
            <Data Name='ParentImage'>C:\Windows\System32\svchost.exe</Data>
            <Data Name='ParentCommandLine'>C:\Windows\system32\svchost.exe -k DcomLaunch -p</Data>
        </EventData>
    </Event>
    <Event xmlns='http://schemas.microsoft.com/win/2004/08/events/event'>
        <System>
            <Provider Name='Microsoft-Windows-Sysmon' Guid='{5770385f-c22a-43e0-bf4c-06f5698ffbd9}'/>
            <EventID>1</EventID>
            <Version>5</Version>
            <Level>4</Level>
            <Task>1</Task>
            <Opcode>0</Opcode>
            <Keywords>0x8000000000000000</Keywords>
            <TimeCreated SystemTime='2020-03-18T18:24:41.198454700Z'/>
            <EventRecordID>3</EventRecordID>
            <Correlation/>
            <Execution ProcessID='1104' ThreadID='19972'/>
            <Channel>Microsoft-Windows-Sysmon/Operational</Channel>
            <Computer>DESKTOP-3LRRD6K</Computer>
            <Security UserID='S-1-5-18'/>
        </System>
        <EventData>
            <Data Name='RuleName'></Data>
            <Data Name='UtcTime'>2020-03-18 18:24:41.105</Data>
            <Data Name='ProcessGuid'>{3c251a4e-6769-5e72-0000-00107af94f75}</Data>
            <Data Name='ProcessId'>1104</Data>
            <Data Name='Image'>C:\Windows\Sysmon.exe</Data>
            <Data Name='FileVersion'>10.42</Data>
            <Data Name='Description'>System activity monitor</Data>
            <Data Name='Product'>Sysinternals Sysmon</Data>
            <Data Name='Company'>Sysinternals - www.sysinternals.com</Data>
            <Data Name='OriginalFileName'>?</Data>
            <Data Name='CommandLine'>C:\Windows\Sysmon.exe</Data>
            <Data Name='CurrentDirectory'>C:\Windows\system32\</Data>
            <Data Name='User'>NT AUTHORITY\SYSTEM</Data>
            <Data Name='LogonGuid'>{3c251a4e-898a-5e6c-0000-0020e7030000}</Data>
            <Data Name='LogonId'>0x3e7</Data>
            <Data Name='TerminalSessionId'>0</Data>
            <Data Name='IntegrityLevel'>System</Data>
            <Data Name='Hashes'>SHA1=3F165D9B9571A72B30F9C700DDAA67B353EF6292</Data>
            <Data Name='ParentProcessGuid'>{3c251a4e-898a-5e6c-0000-001016b10000}</Data>
            <Data Name='ParentProcessId'>748</Data>
            <Data Name='ParentImage'>C:\Windows\System32\services.exe</Data>
            <Data Name='ParentCommandLine'>C:\Windows\system32\services.exe</Data>
        </EventData>
    </Event>
    <Event xmlns='http://schemas.microsoft.com/win/2004/08/events/event'>
        <System>
            <Provider Name='Microsoft-Windows-Sysmon' Guid='{5770385f-c22a-43e0-bf4c-06f5698ffbd9}'/>
            <EventID>4</EventID>
            <Version>3</Version>
            <Level>4</Level>
            <Task>4</Task>
            <Opcode>0</Opcode>
            <Keywords>0x8000000000000000</Keywords>
            <TimeCreated SystemTime='2020-03-18T18:24:41.172424100Z'/>
            <EventRecordID>2</EventRecordID>
            <Correlation/>
            <Execution ProcessID='1104' ThreadID='19972'/>
            <Channel>Microsoft-Windows-Sysmon/Operational</Channel>
            <Computer>DESKTOP-3LRRD6K</Computer>
            <Security UserID='S-1-5-18'/>
        </System>
        <EventData>
            <Data Name='UtcTime'>2020-03-18 18:24:41.171</Data>
            <Data Name='State'>Started</Data>
            <Data Name='Version'>10.42</Data>
            <Data Name='SchemaVersion'>4.23</Data>
        </EventData>
    </Event>
    <Event xmlns='http://schemas.microsoft.com/win/2004/08/events/event'>
        <System>
            <Provider Name='Microsoft-Windows-Sysmon' Guid='{5770385f-c22a-43e0-bf4c-06f5698ffbd9}'/>
            <EventID>16</EventID>
            <Version>3</Version>
            <Level>4</Level>
            <Task>16</Task>
            <Opcode>0</Opcode>
            <Keywords>0x8000000000000000</Keywords>
            <TimeCreated SystemTime='2020-03-18T18:24:41.093601100Z'/>
            <EventRecordID>1</EventRecordID>
            <Correlation/>
            <Execution ProcessID='21888' ThreadID='2868'/>
            <Channel>Microsoft-Windows-Sysmon/Operational</Channel>
            <Computer>DESKTOP-3LRRD6K</Computer>
            <Security UserID='S-1-5-21-3759431645-610626447-2289912213-1001'/>
        </System>
        <EventData>
            <Data Name='UtcTime'>2020-03-18 18:24:41.092</Data>
            <Data Name='Configuration'>C:\Sysmon\"C:\Sysmon\Sysmon.exe" -accepteula -i -n</Data>
            <Data Name='ConfigurationFileHash'></Data>
        </EventData>
    </Event>
</Events>