<Event xmlns='http://schemas.microsoft.com/win/2004/08/events/event'>
        <System>
            <Provider Name='Microsoft-Windows-Sysmon' Guid='{5770385f-c22a-43e0-bf4c-06f5698ffbd9}'/>
            <EventID>3</EventID>
            <Version>5</Version>
            <Level>4</Level>
            <Task>3</Task>
            <Opcode>0</Opcode>
            <Keywords>0x8000000000000000</Keywords>
            <TimeCreated SystemTime='2020-03-18T18:25:20.241921400Z'/>
            <EventRecordID>147</EventRecordID>
            <Correlation/>
            <Execution ProcessID='1104' ThreadID='13220'/>
            <Channel>Microsoft-Windows-Sysmon/Operational</Channel>
            <Computer>DESKTOP-3LRRD6K</Computer>
            <Security UserID='S-1-5-18'/>
        </System>
        <EventData>
            <Data Name='RuleName'></Data>
            <Data Name='UtcTime'>2020-03-18 18:25:18.900</Data>
            <Data Name='ProcessGuid'>{3c251a4e-6e5d-5e6d-0000-00108c763408}</Data>
            <Data Name='ProcessId'>5556</Data>
            <Data Name='Image'>C:\Program Files (x86)\SogouInput\9.6.0.3568\SogouCloud.exe</Data>
            <Data Name='User'>DESKTOP-3LRRD6K\liabe</Data>
            <Data Name='Protocol'>tcp</Data>
            <Data Name='Initiated'>true</Data>
            <Data Name='SourceIsIpv6'>false</Data>
            <Data Name='SourceIp'>192.168.1.46</Data>
            <Data Name='SourceHostname'>DESKTOP-3LRRD6K.lan1</Data>
            <Data Name='SourcePort'>61985</Data>
            <Data Name='SourcePortName'></Data>
            <Data Name='DestinationIsIpv6'>false</Data>
            <Data Name='DestinationIp'>36.110.170.58</Data>
            <Data Name='DestinationHostname'></Data>
            <Data Name='DestinationPort'>80</Data>
            <Data Name='DestinationPortName'>http</Data>
        </EventData>
    </Event>
    <Event xmlns='http://schemas.microsoft.com/win/2004/08/events/event'>
        <System>
            <Provider Name='Microsoft-Windows-Sysmon' Guid='{5770385f-c22a-43e0-bf4c-06f5698ffbd9}'/>
            <EventID>3</EventID>
            <Version>5</Version>
            <Level>4</Level>
            <Task>3</Task>
            <Opcode>0</Opcode>
            <Keywords>0x8000000000000000</Keywords>
            <TimeCreated SystemTime='2020-03-18T18:25:20.241912100Z'/>
            <EventRecordID>146</EventRecordID>
            <Correlation/>
            <Execution ProcessID='1104' ThreadID='13220'/>
            <Channel>Microsoft-Windows-Sysmon/Operational</Channel>
            <Computer>DESKTOP-3LRRD6K</Computer>
            <Security UserID='S-1-5-18'/>
        </System>
        <EventData>
            <Data Name='RuleName'></Data>
            <Data Name='UtcTime'>2020-03-18 18:25:18.825</Data>
            <Data Name='ProcessGuid'>{3c251a4e-6e5d-5e6d-0000-00108c763408}</Data>
            <Data Name='ProcessId'>5556</Data>
            <Data Name='Image'>C:\Program Files (x86)\SogouInput\9.6.0.3568\SogouCloud.exe</Data>
            <Data Name='User'>DESKTOP-3LRRD6K\liabe</Data>
            <Data Name='Protocol'>tcp</Data>
            <Data Name='Initiated'>true</Data>
            <Data Name='SourceIsIpv6'>false</Data>
            <Data Name='SourceIp'>192.168.1.46</Data>
            <Data Name='SourceHostname'>DESKTOP-3LRRD6K.lan1</Data>
            <Data Name='SourcePort'>61984</Data>
            <Data Name='SourcePortName'></Data>
            <Data Name='DestinationIsIpv6'>false</Data>
            <Data Name='DestinationIp'>36.110.170.58</Data>
            <Data Name='DestinationHostname'></Data>
            <Data Name='DestinationPort'>80</Data>
            <Data Name='DestinationPortName'>http</Data>
        </EventData>
    </Event>
    <Event xmlns='http://schemas.microsoft.com/win/2004/08/events/event'>
        <System>
            <Provider Name='Microsoft-Windows-Sysmon' Guid='{5770385f-c22a-43e0-bf4c-06f5698ffbd9}'/>
            <EventID>3</EventID>
            <Version>5</Version>
            <Level>4</Level>
            <Task>3</Task>
            <Opcode>0</Opcode>
            <Keywords>0x8000000000000000</Keywords>
            <TimeCreated SystemTime='2020-03-18T18:25:20.241902700Z'/>
            <EventRecordID>145</EventRecordID>
            <Correlation/>
            <Execution ProcessID='1104' ThreadID='13220'/>
            <Channel>Microsoft-Windows-Sysmon/Operational</Channel>
            <Computer>DESKTOP-3LRRD6K</Computer>
            <Security UserID='S-1-5-18'/>
        </System>
        <EventData>
            <Data Name='RuleName'></Data>
            <Data Name='UtcTime'>2020-03-18 18:25:18.763</Data>
            <Data Name='ProcessGuid'>{3c251a4e-6e5d-5e6d-0000-00108c763408}</Data>
            <Data Name='ProcessId'>5556</Data>
            <Data Name='Image'>C:\Program Files (x86)\SogouInput\9.6.0.3568\SogouCloud.exe</Data>
            <Data Name='User'>DESKTOP-3LRRD6K\liabe</Data>
            <Data Name='Protocol'>tcp</Data>
            <Data Name='Initiated'>true</Data>
            <Data Name='SourceIsIpv6'>false</Data>
            <Data Name='SourceIp'>192.168.1.46</Data>
            <Data Name='SourceHostname'>DESKTOP-3LRRD6K.lan1</Data>
            <Data Name='SourcePort'>61983</Data>
            <Data Name='SourcePortName'></Data>
            <Data Name='DestinationIsIpv6'>false</Data>
            <Data Name='DestinationIp'>36.110.170.58</Data>
            <Data Name='DestinationHostname'></Data>
            <Data Name='DestinationPort'>80</Data>
            <Data Name='DestinationPortName'>http</Data>
        </EventData>
    </Event>
    <Event xmlns='http://schemas.microsoft.com/win/2004/08/events/event'>
        <System>
            <Provider Name='Microsoft-Windows-Sysmon' Guid='{5770385f-c22a-43e0-bf4c-06f5698ffbd9}'/>
            <EventID>3</EventID>
            <Version>5</Version>
            <Level>4</Level>
            <Task>3</Task>
            <Opcode>0</Opcode>
            <Keywords>0x8000000000000000</Keywords>
            <TimeCreated SystemTime='2020-03-18T18:25:20.241893200Z'/>
            <EventRecordID>144</EventRecordID>
            <Correlation/>
            <Execution ProcessID='1104' ThreadID='13220'/>
            <Channel>Microsoft-Windows-Sysmon/Operational</Channel>
            <Computer>DESKTOP-3LRRD6K</Computer>
            <Security UserID='S-1-5-18'/>
        </System>
        <EventData>
            <Data Name='RuleName'></Data>
            <Data Name='UtcTime'>2020-03-18 18:25:18.496</Data>
            <Data Name='ProcessGuid'>{3c251a4e-6e5d-5e6d-0000-00108c763408}</Data>
            <Data Name='ProcessId'>5556</Data>
            <Data Name='Image'>C:\Program Files (x86)\SogouInput\9.6.0.3568\SogouCloud.exe</Data>
            <Data Name='User'>DESKTOP-3LRRD6K\liabe</Data>
            <Data Name='Protocol'>tcp</Data>
            <Data Name='Initiated'>true</Data>
            <Data Name='SourceIsIpv6'>false</Data>
            <Data Name='SourceIp'>192.168.1.46</Data>
            <Data Name='SourceHostname'>DESKTOP-3LRRD6K.lan1</Data>
            <Data Name='SourcePort'>61982</Data>
            <Data Name='SourcePortName'></Data>
            <Data Name='DestinationIsIpv6'>false</Data>
            <Data Name='DestinationIp'>36.110.170.58</Data>
            <Data Name='DestinationHostname'></Data>
            <Data Name='DestinationPort'>80</Data>
            <Data Name='DestinationPortName'>http</Data>
        </EventData>
    </Event>
    <Event xmlns='http://schemas.microsoft.com/win/2004/08/events/event'>
        <System>
            <Provider Name='Microsoft-Windows-Sysmon' Guid='{5770385f-c22a-43e0-bf4c-06f5698ffbd9}'/>
            <EventID>3</EventID>
            <Version>5</Version>
            <Level>4</Level>
            <Task>3</Task>
            <Opcode>0</Opcode>
            <Keywords>0x8000000000000000</Keywords>
            <TimeCreated SystemTime='2020-03-18T18:25:20.241883100Z'/>
            <EventRecordID>143</EventRecordID>
            <Correlation/>
            <Execution ProcessID='1104' ThreadID='13220'/>
            <Channel>Microsoft-Windows-Sysmon/Operational</Channel>
            <Computer>DESKTOP-3LRRD6K</Computer>
            <Security UserID='S-1-5-18'/>
        </System>
        <EventData>
            <Data Name='RuleName'></Data>
            <Data Name='UtcTime'>2020-03-18 18:25:18.478</Data>
            <Data Name='ProcessGuid'>{3c251a4e-6e5d-5e6d-0000-00108c763408}</Data>
            <Data Name='ProcessId'>5556</Data>
            <Data Name='Image'>C:\Program Files (x86)\SogouInput\9.6.0.3568\SogouCloud.exe</Data>
            <Data Name='User'>DESKTOP-3LRRD6K\liabe</Data>
            <Data Name='Protocol'>tcp</Data>
            <Data Name='Initiated'>true</Data>
            <Data Name='SourceIsIpv6'>false</Data>
            <Data Name='SourceIp'>192.168.1.46</Data>
            <Data Name='SourceHostname'>DESKTOP-3LRRD6K.lan1</Data>
            <Data Name='SourcePort'>61981</Data>
            <Data Name='SourcePortName'></Data>
            <Data Name='DestinationIsIpv6'>false</Data>
            <Data Name='DestinationIp'>36.110.170.58</Data>
            <Data Name='DestinationHostname'></Data>
            <Data Name='DestinationPort'>80</Data>
            <Data Name='DestinationPortName'>http</Data>
        </EventData>
    </Event>
    <Event xmlns='http://schemas.microsoft.com/win/2004/08/events/event'>
        <System>
            <Provider Name='Microsoft-Windows-Sysmon' Guid='{5770385f-c22a-43e0-bf4c-06f5698ffbd9}'/>
            <EventID>3</EventID>
            <Version>5</Version>
            <Level>4</Level>
            <Task>3</Task>
            <Opcode>0</Opcode>
            <Keywords>0x8000000000000000</Keywords>
            <TimeCreated SystemTime='2020-03-18T18:25:20.241873000Z'/>
            <EventRecordID>142</EventRecordID>
            <Correlation/>
            <Execution ProcessID='1104' ThreadID='13220'/>
            <Channel>Microsoft-Windows-Sysmon/Operational</Channel>
            <Computer>DESKTOP-3LRRD6K</Computer>
            <Security UserID='S-1-5-18'/>
        </System>
        <EventData>
            <Data Name='RuleName'></Data>
            <Data Name='UtcTime'>2020-03-18 18:25:18.463</Data>
            <Data Name='ProcessGuid'>{3c251a4e-6e5d-5e6d-0000-00108c763408}</Data>
            <Data Name='ProcessId'>5556</Data>
            <Data Name='Image'>C:\Program Files (x86)\SogouInput\9.6.0.3568\SogouCloud.exe</Data>
            <Data Name='User'>DESKTOP-3LRRD6K\liabe</Data>
            <Data Name='Protocol'>tcp</Data>
            <Data Name='Initiated'>true</Data>
            <Data Name='SourceIsIpv6'>false</Data>
            <Data Name='SourceIp'>192.168.1.46</Data>
            <Data Name='SourceHostname'>DESKTOP-3LRRD6K.lan1</Data>
            <Data Name='SourcePort'>61979</Data>
            <Data Name='SourcePortName'></Data>
            <Data Name='DestinationIsIpv6'>false</Data>
            <Data Name='DestinationIp'>36.110.170.58</Data>
            <Data Name='DestinationHostname'></Data>
            <Data Name='DestinationPort'>80</Data>
            <Data Name='DestinationPortName'>http</Data>
        </EventData>
    </Event>
    <Event xmlns='http://schemas.microsoft.com/win/2004/08/events/event'>
        <System>
            <Provider Name='Microsoft-Windows-Sysmon' Guid='{5770385f-c22a-43e0-bf4c-06f5698ffbd9}'/>
            <EventID>3</EventID>
            <Version>5</Version>
            <Level>4</Level>
            <Task>3</Task>
            <Opcode>0</Opcode>
            <Keywords>0x8000000000000000</Keywords>
            <TimeCreated SystemTime='2020-03-18T18:25:20.241857700Z'/>
            <EventRecordID>141</EventRecordID>
            <Correlation/>
            <Execution ProcessID='1104' ThreadID='13220'/>
            <Channel>Microsoft-Windows-Sysmon/Operational</Channel>
            <Computer>DESKTOP-3LRRD6K</Computer>
            <Security UserID='S-1-5-18'/>
        </System>
        <EventData>
            <Data Name='RuleName'></Data>
            <Data Name='UtcTime'>2020-03-18 18:25:18.463</Data>
            <Data Name='ProcessGuid'>{3c251a4e-6e5d-5e6d-0000-00108c763408}</Data>
            <Data Name='ProcessId'>5556</Data>
            <Data Name='Image'>C:\Program Files (x86)\SogouInput\9.6.0.3568\SogouCloud.exe</Data>
            <Data Name='User'>DESKTOP-3LRRD6K\liabe</Data>
            <Data Name='Protocol'>tcp</Data>
            <Data Name='Initiated'>true</Data>
            <Data Name='SourceIsIpv6'>false</Data>
            <Data Name='SourceIp'>192.168.1.46</Data>
            <Data Name='SourceHostname'>DESKTOP-3LRRD6K.lan1</Data>
            <Data Name='SourcePort'>61980</Data>
            <Data Name='SourcePortName'></Data>
            <Data Name='DestinationIsIpv6'>false</Data>
            <Data Name='DestinationIp'>36.110.170.58</Data>
            <Data Name='DestinationHostname'></Data>
            <Data Name='DestinationPort'>80</Data>
            <Data Name='DestinationPortName'>http</Data>
        </EventData>
    </Event>
    <Event xmlns='http://schemas.microsoft.com/win/2004/08/events/event'>
        <System>
            <Provider Name='Microsoft-Windows-Sysmon' Guid='{5770385f-c22a-43e0-bf4c-06f5698ffbd9}'/>
            <EventID>2</EventID>
            <Version>4</Version>
            <Level>4</Level>
            <Task>2</Task>
            <Opcode>0</Opcode>
            <Keywords>0x8000000000000000</Keywords>
            <TimeCreated SystemTime='2020-03-18T18:25:18.831552400Z'/>
            <EventRecordID>140</EventRecordID>
            <Correlation/>
            <Execution ProcessID='1104' ThreadID='19972'/>
            <Channel>Microsoft-Windows-Sysmon/Operational</Channel>
            <Computer>DESKTOP-3LRRD6K</Computer>
            <Security UserID='S-1-5-18'/>
        </System>
        <EventData>
            <Data Name='RuleName'></Data>
            <Data Name='UtcTime'>2020-03-18 18:25:18.830</Data>
            <Data Name='ProcessGuid'>{3c251a4e-6bdf-5e6e-0000-0010fe80d012}</Data>
            <Data Name='ProcessId'>6104</Data>
            <Data Name='Image'>C:\Program Files (x86)\Google\Chrome\Application\chrome.exe</Data>
            <Data Name='TargetFilename'>C:\Users\liabe\AppData\Local\Google\Chrome\User Data\Default\4948a4e0-0e82-41a7-bfa4-a15c309c51a2.tmp</Data>
            <Data Name='CreationUtcTime'>2019-08-21 22:58:24.952</Data>
            <Data Name='PreviousCreationUtcTime'>2020-03-18 18:25:18.825</Data>
        </EventData>
    </Event>
    <Event xmlns='http://schemas.microsoft.com/win/2004/08/events/event'>
        <System>
            <Provider Name='Microsoft-Windows-Sysmon' Guid='{5770385f-c22a-43e0-bf4c-06f5698ffbd9}'/>
            <EventID>3</EventID>
            <Version>5</Version>
            <Level>4</Level>
            <Task>3</Task>
            <Opcode>0</Opcode>
            <Keywords>0x8000000000000000</Keywords>
            <TimeCreated SystemTime='2020-03-18T18:25:18.237762100Z'/>
            <EventRecordID>139</EventRecordID>
            <Correlation/>
            <Execution ProcessID='1104' ThreadID='13220'/>
            <Channel>Microsoft-Windows-Sysmon/Operational</Channel>
            <Computer>DESKTOP-3LRRD6K</Computer>
            <Security UserID='S-1-5-18'/>
        </System>
        <EventData>
            <Data Name='RuleName'></Data>
            <Data Name='UtcTime'>2020-03-18 18:25:15.278</Data>
            <Data Name='ProcessGuid'>{3c251a4e-8986-5e6c-0000-0010eb030000}</Data>
            <Data Name='ProcessId'>4</Data>
            <Data Name='Image'>System</Data>
            <Data Name='User'>NT AUTHORITY\SYSTEM</Data>
            <Data Name='Protocol'>udp</Data>
            <Data Name='Initiated'>true</Data>
            <Data Name='SourceIsIpv6'>false</Data>
            <Data Name='SourceIp'>192.168.1.46</Data>
            <Data Name='SourceHostname'>DESKTOP-3LRRD6K.lan1</Data>
            <Data Name='SourcePort'>137</Data>
            <Data Name='SourcePortName'>netbios-ns</Data>
            <Data Name='DestinationIsIpv6'>false</Data>
            <Data Name='DestinationIp'>203.205.254.77</Data>
            <Data Name='DestinationHostname'></Data>
            <Data Name='DestinationPort'>137</Data>
            <Data Name='DestinationPortName'>netbios-ns</Data>
        </EventData>
    </Event>
    <Event xmlns='http://schemas.microsoft.com/win/2004/08/events/event'>
        <System>
            <Provider Name='Microsoft-Windows-Sysmon' Guid='{5770385f-c22a-43e0-bf4c-06f5698ffbd9}'/>
            <EventID>3</EventID>
            <Version>5</Version>
            <Level>4</Level>
            <Task>3</Task>
            <Opcode>0</Opcode>
            <Keywords>0x8000000000000000</Keywords>
            <TimeCreated SystemTime='2020-03-18T18:25:17.235706000Z'/>
            <EventRecordID>138</EventRecordID>
            <Correlation/>
            <Execution ProcessID='1104' ThreadID='13220'/>
            <Channel>Microsoft-Windows-Sysmon/Operational</Channel>
            <Computer>DESKTOP-3LRRD6K</Computer>
            <Security UserID='S-1-5-18'/>
        </System>
        <EventData>
            <Data Name='RuleName'></Data>
            <Data Name='UtcTime'>2020-03-18 18:25:15.276</Data>
            <Data Name='ProcessGuid'>{3c251a4e-8986-5e6c-0000-0010eb030000}</Data>
            <Data Name='ProcessId'>4</Data>
            <Data Name='Image'>System</Data>
            <Data Name='User'>NT AUTHORITY\SYSTEM</Data>
            <Data Name='Protocol'>udp</Data>
            <Data Name='Initiated'>true</Data>
            <Data Name='SourceIsIpv6'>false</Data>
            <Data Name='SourceIp'>192.168.1.46</Data>
            <Data Name='SourceHostname'>DESKTOP-3LRRD6K.lan1</Data>
            <Data Name='SourcePort'>137</Data>
            <Data Name='SourcePortName'>netbios-ns</Data>
            <Data Name='DestinationIsIpv6'>false</Data>
            <Data Name='DestinationIp'>203.205.179.205</Data>
            <Data Name='DestinationHostname'></Data>
            <Data Name='DestinationPort'>137</Data>
            <Data Name='DestinationPortName'>netbios-ns</Data>
        </EventData>
    </Event>
    <Event xmlns='http://schemas.microsoft.com/win/2004/08/events/event'>
        <System>
            <Provider Name='Microsoft-Windows-Sysmon' Guid='{5770385f-c22a-43e0-bf4c-06f5698ffbd9}'/>
            <EventID>3</EventID>
            <Version>5</Version>
            <Level>4</Level>
            <Task>3</Task>
            <Opcode>0</Opcode>
            <Keywords>0x8000000000000000</Keywords>
            <TimeCreated SystemTime='2020-03-18T18:25:16.232865900Z'/>
            <EventRecordID>137</EventRecordID>
            <Correlation/>
            <Execution ProcessID='1104' ThreadID='13220'/>
            <Channel>Microsoft-Windows-Sysmon/Operational</Channel>
            <Computer>DESKTOP-3LRRD6K</Computer>
            <Security UserID='S-1-5-18'/>
        </System>
        <EventData>
            <Data Name='RuleName'></Data>
            <Data Name='UtcTime'>2020-03-18 18:25:14.352</Data>
            <Data Name='ProcessGuid'>{3c251a4e-7d6f-5e6e-0000-0010464bc814}</Data>
            <Data Name='ProcessId'>5552</Data>
            <Data Name='Image'>C:\Program Files (x86)\Tencent\WeChat\WeChat.exe</Data>
            <Data Name='User'>DESKTOP-3LRRD6K\liabe</Data>
            <Data Name='Protocol'>tcp</Data>
            <Data Name='Initiated'>true</Data>
            <Data Name='SourceIsIpv6'>false</Data>
            <Data Name='SourceIp'>192.168.1.46</Data>
            <Data Name='SourceHostname'>DESKTOP-3LRRD6K.lan1</Data>
            <Data Name='SourcePort'>61978</Data>
            <Data Name='SourcePortName'></Data>
            <Data Name='DestinationIsIpv6'>false</Data>
            <Data Name='DestinationIp'>203.205.254.77</Data>
            <Data Name='DestinationHostname'></Data>
            <Data Name='DestinationPort'>80</Data>
            <Data Name='DestinationPortName'>http</Data>
        </EventData>
    </Event>
    <Event xmlns='http://schemas.microsoft.com/win/2004/08/events/event'>
        <System>
            <Provider Name='Microsoft-Windows-Sysmon' Guid='{5770385f-c22a-43e0-bf4c-06f5698ffbd9}'/>
            <EventID>3</EventID>
            <Version>5</Version>
            <Level>4</Level>
            <Task>3</Task>
            <Opcode>0</Opcode>
            <Keywords>0x8000000000000000</Keywords>
            <TimeCreated SystemTime='2020-03-18T18:25:16.232850400Z'/>
            <EventRecordID>136</EventRecordID>
            <Correlation/>
            <Execution ProcessID='1104' ThreadID='13220'/>
            <Channel>Microsoft-Windows-Sysmon/Operational</Channel>
            <Computer>DESKTOP-3LRRD6K</Computer>
            <Security UserID='S-1-5-18'/>
        </System>
        <EventData>
            <Data Name='RuleName'></Data>
            <Data Name='UtcTime'>2020-03-18 18:25:14.345</Data>
            <Data Name='ProcessGuid'>{3c251a4e-7d6f-5e6e-0000-0010464bc814}</Data>
            <Data Name='ProcessId'>5552</Data>
            <Data Name='Image'>C:\Program Files (x86)\Tencent\WeChat\WeChat.exe</Data>
            <Data Name='User'>DESKTOP-3LRRD6K\liabe</Data>
            <Data Name='Protocol'>tcp</Data>
            <Data Name='Initiated'>true</Data>
            <Data Name='SourceIsIpv6'>false</Data>
            <Data Name='SourceIp'>192.168.1.46</Data>
            <Data Name='SourceHostname'>DESKTOP-3LRRD6K.lan1</Data>
            <Data Name='SourcePort'>61977</Data>
            <Data Name='SourcePortName'></Data>
            <Data Name='DestinationIsIpv6'>false</Data>
            <Data Name='DestinationIp'>203.205.254.77</Data>
            <Data Name='DestinationHostname'></Data>
            <Data Name='DestinationPort'>80</Data>
            <Data Name='DestinationPortName'>http</Data>
        </EventData>
    </Event>
    <Event xmlns='http://schemas.microsoft.com/win/2004/08/events/event'>
        <System>
            <Provider Name='Microsoft-Windows-Sysmon' Guid='{5770385f-c22a-43e0-bf4c-06f5698ffbd9}'/>
            <EventID>2</EventID>
            <Version>4</Version>
            <Level>4</Level>
            <Task>2</Task>
            <Opcode>0</Opcode>
            <Keywords>0x8000000000000000</Keywords>
            <TimeCreated SystemTime='2020-03-18T18:25:16.229913200Z'/>
            <EventRecordID>135</EventRecordID>
            <Correlation/>
            <Execution ProcessID='1104' ThreadID='19972'/>
            <Channel>Microsoft-Windows-Sysmon/Operational</Channel>
            <Computer>DESKTOP-3LRRD6K</Computer>
            <Security UserID='S-1-5-18'/>
        </System>
        <EventData>
            <Data Name='RuleName'></Data>
            <Data Name='UtcTime'>2020-03-18 18:25:16.229</Data>
            <Data Name='ProcessGuid'>{3c251a4e-6bdf-5e6e-0000-0010fe80d012}</Data>
            <Data Name='ProcessId'>6104</Data>
            <Data Name='Image'>C:\Program Files (x86)\Google\Chrome\Application\chrome.exe</Data>
            <Data Name='TargetFilename'>C:\Users\liabe\AppData\Local\Google\Chrome\User Data\f5a3a9c4-64df-4db9-83c8-4812e1fe99ef.tmp</Data>
            <Data Name='CreationUtcTime'>2019-08-21 22:58:26.714</Data>
            <Data Name='PreviousCreationUtcTime'>2020-03-18 18:25:16.225</Data>
        </EventData>
    </Event>
    <Event xmlns='http://schemas.microsoft.com/win/2004/08/events/event'>
        <System>
            <Provider Name='Microsoft-Windows-Sysmon' Guid='{5770385f-c22a-43e0-bf4c-06f5698ffbd9}'/>
            <EventID>3</EventID>
            <Version>5</Version>
            <Level>4</Level>
            <Task>3</Task>
            <Opcode>0</Opcode>
            <Keywords>0x8000000000000000</Keywords>
            <TimeCreated SystemTime='2020-03-18T18:25:15.230803400Z'/>
            <EventRecordID>134</EventRecordID>
            <Correlation/>
            <Execution ProcessID='1104' ThreadID='13220'/>
            <Channel>Microsoft-Windows-Sysmon/Operational</Channel>
            <Computer>DESKTOP-3LRRD6K</Computer>
            <Security UserID='S-1-5-18'/>
        </System>
        <EventData>
            <Data Name='RuleName'></Data>
            <Data Name='UtcTime'>2020-03-18 18:25:13.358</Data>
            <Data Name='ProcessGuid'>{3c251a4e-7d6f-5e6e-0000-0010464bc814}</Data>
            <Data Name='ProcessId'>5552</Data>
            <Data Name='Image'>C:\Program Files (x86)\Tencent\WeChat\WeChat.exe</Data>
            <Data Name='User'>DESKTOP-3LRRD6K\liabe</Data>
            <Data Name='Protocol'>tcp</Data>
            <Data Name='Initiated'>true</Data>
            <Data Name='SourceIsIpv6'>false</Data>
            <Data Name='SourceIp'>192.168.1.46</Data>
            <Data Name='SourceHostname'>DESKTOP-3LRRD6K.lan1</Data>
            <Data Name='SourcePort'>61975</Data>
            <Data Name='SourcePortName'></Data>
            <Data Name='DestinationIsIpv6'>false</Data>
            <Data Name='DestinationIp'>203.205.254.77</Data>
            <Data Name='DestinationHostname'></Data>
            <Data Name='DestinationPort'>80</Data>
            <Data Name='DestinationPortName'>http</Data>
        </EventData>
    </Event>
    <Event xmlns='http://schemas.microsoft.com/win/2004/08/events/event'>
        <System>
            <Provider Name='Microsoft-Windows-Sysmon' Guid='{5770385f-c22a-43e0-bf4c-06f5698ffbd9}'/>
            <EventID>3</EventID>
            <Version>5</Version>
            <Level>4</Level>
            <Task>3</Task>
            <Opcode>0</Opcode>
            <Keywords>0x8000000000000000</Keywords>
            <TimeCreated SystemTime='2020-03-18T18:25:15.230792300Z'/>
            <EventRecordID>133</EventRecordID>
            <Correlation/>
            <Execution ProcessID='1104' ThreadID='13220'/>
            <Channel>Microsoft-Windows-Sysmon/Operational</Channel>
            <Computer>DESKTOP-3LRRD6K</Computer>
            <Security UserID='S-1-5-18'/>
        </System>
        <EventData>
            <Data Name='RuleName'></Data>
            <Data Name='UtcTime'>2020-03-18 18:25:13.347</Data>
            <Data Name='ProcessGuid'>{3c251a4e-7d6f-5e6e-0000-0010464bc814}</Data>
            <Data Name='ProcessId'>5552</Data>
            <Data Name='Image'>C:\Program Files (x86)\Tencent\WeChat\WeChat.exe</Data>
            <Data Name='User'>DESKTOP-3LRRD6K\liabe</Data>
            <Data Name='Protocol'>tcp</Data>
            <Data Name='Initiated'>true</Data>
            <Data Name='SourceIsIpv6'>false</Data>
            <Data Name='SourceIp'>192.168.1.46</Data>
            <Data Name='SourceHostname'>DESKTOP-3LRRD6K.lan1</Data>
            <Data Name='SourcePort'>61974</Data>
            <Data Name='SourcePortName'></Data>
            <Data Name='DestinationIsIpv6'>false</Data>
            <Data Name='DestinationIp'>203.205.254.77</Data>
            <Data Name='DestinationHostname'></Data>
            <Data Name='DestinationPort'>80</Data>
            <Data Name='DestinationPortName'>http</Data>
        </EventData>
    </Event>
    <Event xmlns='http://schemas.microsoft.com/win/2004/08/events/event'>
        <System>
            <Provider Name='Microsoft-Windows-Sysmon' Guid='{5770385f-c22a-43e0-bf4c-06f5698ffbd9}'/>
            <EventID>3</EventID>
            <Version>5</Version>
            <Level>4</Level>
            <Task>3</Task>
            <Opcode>0</Opcode>
            <Keywords>0x8000000000000000</Keywords>
            <TimeCreated SystemTime='2020-03-18T18:25:15.230776200Z'/>
            <EventRecordID>132</EventRecordID>
            <Correlation/>
            <Execution ProcessID='1104' ThreadID='13220'/>
            <Channel>Microsoft-Windows-Sysmon/Operational</Channel>
            <Computer>DESKTOP-3LRRD6K</Computer>
            <Security UserID='S-1-5-18'/>
        </System>
        <EventData>
            <Data Name='RuleName'></Data>
            <Data Name='UtcTime'>2020-03-18 18:25:13.322</Data>
            <Data Name='ProcessGuid'>{3c251a4e-7d6f-5e6e-0000-0010464bc814}</Data>
            <Data Name='ProcessId'>5552</Data>
            <Data Name='Image'>C:\Program Files (x86)\Tencent\WeChat\WeChat.exe</Data>
            <Data Name='User'>DESKTOP-3LRRD6K\liabe</Data>
            <Data Name='Protocol'>tcp</Data>
            <Data Name='Initiated'>true</Data>
            <Data Name='SourceIsIpv6'>false</Data>
            <Data Name='SourceIp'>192.168.1.46</Data>
            <Data Name='SourceHostname'>DESKTOP-3LRRD6K.lan1</Data>
            <Data Name='SourcePort'>61976</Data>
            <Data Name='SourcePortName'></Data>
            <Data Name='DestinationIsIpv6'>false</Data>
            <Data Name='DestinationIp'>203.205.179.205</Data>
            <Data Name='DestinationHostname'></Data>
            <Data Name='DestinationPort'>8080</Data>
            <Data Name='DestinationPortName'></Data>
        </EventData>
    </Event>
    <Event xmlns='http://schemas.microsoft.com/win/2004/08/events/event'>
        <System>
            <Provider Name='Microsoft-Windows-Sysmon' Guid='{5770385f-c22a-43e0-bf4c-06f5698ffbd9}'/>
            <EventID>3</EventID>
            <Version>5</Version>
            <Level>4</Level>
            <Task>3</Task>
            <Opcode>0</Opcode>
            <Keywords>0x8000000000000000</Keywords>
            <TimeCreated SystemTime='2020-03-18T18:25:10.223269200Z'/>
            <EventRecordID>131</EventRecordID>
            <Correlation/>
            <Execution ProcessID='1104' ThreadID='13220'/>
            <Channel>Microsoft-Windows-Sysmon/Operational</Channel>
            <Computer>DESKTOP-3LRRD6K</Computer>
            <Security UserID='S-1-5-18'/>
        </System>
        <EventData>
            <Data Name='RuleName'></Data>
            <Data Name='UtcTime'>2020-03-18 18:25:08.611</Data>
            <Data Name='ProcessGuid'>{3c251a4e-6be0-5e6e-0000-0010c7a9d012}</Data>
            <Data Name='ProcessId'>7496</Data>
            <Data Name='Image'>C:\Program Files (x86)\Google\Chrome\Application\chrome.exe</Data>
            <Data Name='User'>DESKTOP-3LRRD6K\liabe</Data>
            <Data Name='Protocol'>tcp</Data>
            <Data Name='Initiated'>true</Data>
            <Data Name='SourceIsIpv6'>false</Data>
            <Data Name='SourceIp'>192.168.1.46</Data>
            <Data Name='SourceHostname'>DESKTOP-3LRRD6K.lan1</Data>
            <Data Name='SourcePort'>61973</Data>
            <Data Name='SourcePortName'></Data>
            <Data Name='DestinationIsIpv6'>false</Data>
            <Data Name='DestinationIp'>52.94.240.125</Data>
            <Data Name='DestinationHostname'></Data>
            <Data Name='DestinationPort'>443</Data>
            <Data Name='DestinationPortName'>https</Data>
        </EventData>
    </Event>
    <Event xmlns='http://schemas.microsoft.com/win/2004/08/events/event'>
        <System>
            <Provider Name='Microsoft-Windows-Sysmon' Guid='{5770385f-c22a-43e0-bf4c-06f5698ffbd9}'/>
            <EventID>3</EventID>
            <Version>5</Version>
            <Level>4</Level>
            <Task>3</Task>
            <Opcode>0</Opcode>
            <Keywords>0x8000000000000000</Keywords>
            <TimeCreated SystemTime='2020-03-18T18:25:10.223259300Z'/>
            <EventRecordID>130</EventRecordID>
            <Correlation/>
            <Execution ProcessID='1104' ThreadID='13220'/>
            <Channel>Microsoft-Windows-Sysmon/Operational</Channel>
            <Computer>DESKTOP-3LRRD6K</Computer>
            <Security UserID='S-1-5-18'/>
        </System>
        <EventData>
            <Data Name='RuleName'></Data>
            <Data Name='UtcTime'>2020-03-18 18:25:08.487</Data>
            <Data Name='ProcessGuid'>{3c251a4e-6be0-5e6e-0000-0010c7a9d012}</Data>
            <Data Name='ProcessId'>7496</Data>
            <Data Name='Image'>C:\Program Files (x86)\Google\Chrome\Application\chrome.exe</Data>
            <Data Name='User'>DESKTOP-3LRRD6K\liabe</Data>
            <Data Name='Protocol'>tcp</Data>
            <Data Name='Initiated'>true</Data>
            <Data Name='SourceIsIpv6'>false</Data>
            <Data Name='SourceIp'>192.168.1.46</Data>
            <Data Name='SourceHostname'>DESKTOP-3LRRD6K.lan1</Data>
            <Data Name='SourcePort'>61972</Data>
            <Data Name='SourcePortName'></Data>
            <Data Name='DestinationIsIpv6'>false</Data>
            <Data Name='DestinationIp'>52.94.233.131</Data>
            <Data Name='DestinationHostname'></Data>
            <Data Name='DestinationPort'>443</Data>
            <Data Name='DestinationPortName'>https</Data>
        </EventData>
    </Event>
    <Event xmlns='http://schemas.microsoft.com/win/2004/08/events/event'>
        <System>
            <Provider Name='Microsoft-Windows-Sysmon' Guid='{5770385f-c22a-43e0-bf4c-06f5698ffbd9}'/>
            <EventID>3</EventID>
            <Version>5</Version>
            <Level>4</Level>
            <Task>3</Task>
            <Opcode>0</Opcode>
            <Keywords>0x8000000000000000</Keywords>
            <TimeCreated SystemTime='2020-03-18T18:25:10.223244200Z'/>
            <EventRecordID>129</EventRecordID>
            <Correlation/>
            <Execution ProcessID='1104' ThreadID='13220'/>
            <Channel>Microsoft-Windows-Sysmon/Operational</Channel>
            <Computer>DESKTOP-3LRRD6K</Computer>
            <Security UserID='S-1-5-18'/>
        </System>
        <EventData>
            <Data Name='RuleName'></Data>
            <Data Name='UtcTime'>2020-03-18 18:25:08.487</Data>
            <Data Name='ProcessGuid'>{3c251a4e-6be0-5e6e-0000-0010c7a9d012}</Data>
            <Data Name='ProcessId'>7496</Data>
            <Data Name='Image'>C:\Program Files (x86)\Google\Chrome\Application\chrome.exe</Data>
            <Data Name='User'>DESKTOP-3LRRD6K\liabe</Data>
            <Data Name='Protocol'>tcp</Data>
            <Data Name='Initiated'>true</Data>
            <Data Name='SourceIsIpv6'>false</Data>
            <Data Name='SourceIp'>192.168.1.46</Data>
            <Data Name='SourceHostname'>DESKTOP-3LRRD6K.lan1</Data>
            <Data Name='SourcePort'>61971</Data>
            <Data Name='SourcePortName'></Data>
            <Data Name='DestinationIsIpv6'>false</Data>
            <Data Name='DestinationIp'>52.94.233.131</Data>
            <Data Name='DestinationHostname'></Data>
            <Data Name='DestinationPort'>443</Data>
            <Data Name='DestinationPortName'>https</Data>
        </EventData>
    </Event>
    <Event xmlns='http://schemas.microsoft.com/win/2004/08/events/event'>
        <System>
            <Provider Name='Microsoft-Windows-Sysmon' Guid='{5770385f-c22a-43e0-bf4c-06f5698ffbd9}'/>
            <EventID>3</EventID>
            <Version>5</Version>
            <Level>4</Level>
            <Task>3</Task>
            <Opcode>0</Opcode>
            <Keywords>0x8000000000000000</Keywords>
            <TimeCreated SystemTime='2020-03-18T18:25:09.221684700Z'/>
            <EventRecordID>128</EventRecordID>
            <Correlation/>
            <Execution ProcessID='1104' ThreadID='13220'/>
            <Channel>Microsoft-Windows-Sysmon/Operational</Channel>
            <Computer>DESKTOP-3LRRD6K</Computer>
            <Security UserID='S-1-5-18'/>
        </System>
        <EventData>
            <Data Name='RuleName'></Data>
            <Data Name='UtcTime'>2020-03-18 18:25:08.015</Data>
            <Data Name='ProcessGuid'>{3c251a4e-6be0-5e6e-0000-0010c7a9d012}</Data>
            <Data Name='ProcessId'>7496</Data>
            <Data Name='Image'>C:\Program Files (x86)\Google\Chrome\Application\chrome.exe</Data>
            <Data Name='User'>DESKTOP-3LRRD6K\liabe</Data>
            <Data Name='Protocol'>tcp</Data>
            <Data Name='Initiated'>true</Data>
            <Data Name='SourceIsIpv6'>false</Data>
            <Data Name='SourceIp'>192.168.1.46</Data>
            <Data Name='SourceHostname'>DESKTOP-3LRRD6K.lan1</Data>
            <Data Name='SourcePort'>61970</Data>
            <Data Name='SourcePortName'></Data>
            <Data Name='DestinationIsIpv6'>false</Data>
            <Data Name='DestinationIp'>52.94.230.46</Data>
            <Data Name='DestinationHostname'></Data>
            <Data Name='DestinationPort'>443</Data>
            <Data Name='DestinationPortName'>https</Data>
        </EventData>
    </Event>
    <Event xmlns='http://schemas.microsoft.com/win/2004/08/events/event'>
        <System>
            <Provider Name='Microsoft-Windows-Sysmon' Guid='{5770385f-c22a-43e0-bf4c-06f5698ffbd9}'/>
            <EventID>3</EventID>
            <Version>5</Version>
            <Level>4</Level>
            <Task>3</Task>
            <Opcode>0</Opcode>
            <Keywords>0x8000000000000000</Keywords>
            <TimeCreated SystemTime='2020-03-18T18:25:09.221666500Z'/>
            <EventRecordID>127</EventRecordID>
            <Correlation/>
            <Execution ProcessID='1104' ThreadID='13220'/>
            <Channel>Microsoft-Windows-Sysmon/Operational</Channel>
            <Computer>DESKTOP-3LRRD6K</Computer>
            <Security UserID='S-1-5-18'/>
        </System>
        <EventData>
            <Data Name='RuleName'></Data>
            <Data Name='UtcTime'>2020-03-18 18:25:07.899</Data>
            <Data Name='ProcessGuid'>{3c251a4e-6be0-5e6e-0000-0010c7a9d012}</Data>
            <Data Name='ProcessId'>7496</Data>
            <Data Name='Image'>C:\Program Files (x86)\Google\Chrome\Application\chrome.exe</Data>
            <Data Name='User'>DESKTOP-3LRRD6K\liabe</Data>
            <Data Name='Protocol'>udp</Data>
            <Data Name='Initiated'>true</Data>
            <Data Name='SourceIsIpv6'>true</Data>
            <Data Name='SourceIp'>2604:6000:1111:8bda:a900:3e44:c4df:7e13</Data>
            <Data Name='SourceHostname'>DESKTOP-3LRRD6K.lan1</Data>
            <Data Name='SourcePort'>55083</Data>
            <Data Name='SourcePortName'></Data>
            <Data Name='DestinationIsIpv6'>true</Data>
            <Data Name='DestinationIp'>2a00:1450:4016:807:0:0:0:2003</Data>
            <Data Name='DestinationHostname'></Data>
            <Data Name='DestinationPort'>443</Data>
            <Data Name='DestinationPortName'>https</Data>
        </EventData>
    </Event>
    <Event xmlns='http://schemas.microsoft.com/win/2004/08/events/event'>
        <System>
            <Provider Name='Microsoft-Windows-Sysmon' Guid='{5770385f-c22a-43e0-bf4c-06f5698ffbd9}'/>
            <EventID>1</EventID>
            <Version>5</Version>
            <Level>4</Level>
            <Task>1</Task>
            <Opcode>0</Opcode>
            <Keywords>0x8000000000000000</Keywords>
            <TimeCreated SystemTime='2020-03-18T18:25:08.290323100Z'/>
            <EventRecordID>126</EventRecordID>
            <Correlation/>
            <Execution ProcessID='1104' ThreadID='19972'/>
            <Channel>Microsoft-Windows-Sysmon/Operational</Channel>
            <Computer>DESKTOP-3LRRD6K</Computer>
            <Security UserID='S-1-5-18'/>
        </System>
        <EventData>
            <Data Name='RuleName'></Data>
            <Data Name='UtcTime'>2020-03-18 18:25:08.286</Data>
            <Data Name='ProcessGuid'>{3c251a4e-6784-5e72-0000-0010a64a5b75}</Data>
            <Data Name='ProcessId'>19400</Data>
            <Data Name='Image'>C:\Program Files (x86)\Google\Chrome\Application\chrome.exe</Data>
            <Data Name='FileVersion'>80.0.3987.132</Data>
            <Data Name='Description'>Google Chrome</Data>
            <Data Name='Product'>Google Chrome</Data>
            <Data Name='Company'>Google LLC</Data>
            <Data Name='OriginalFileName'>chrome.exe</Data>
            <Data Name='CommandLine'>"C:\Program Files (x86)\Google\Chrome\Application\chrome.exe" --type=renderer --field-trial-handle=1932,16201686782671164598,16198539671791952964,131072 --lang=zh-CN --enable-auto-reload --device-scale-factor=1.5 --num-raster-threads=3 --enable-main-frame-before-activation --renderer-client-id=7135 --no-v8-untrusted-code-mitigations --mojo-platform-channel-handle=22804 /prefetch:1</Data>
            <Data Name='CurrentDirectory'>C:\Program Files (x86)\Google\Chrome\Application\80.0.3987.132\</Data>
            <Data Name='User'>DESKTOP-3LRRD6K\liabe</Data>
            <Data Name='LogonGuid'>{3c251a4e-6e57-5e6d-0000-0020ee4f2c08}</Data>
            <Data Name='LogonId'>0x82c4fee</Data>
            <Data Name='TerminalSessionId'>2</Data>
            <Data Name='IntegrityLevel'>Low</Data>
            <Data Name='Hashes'>SHA1=8E9DF2292F5280F7AED98B310E11668485A18E86</Data>
            <Data Name='ParentProcessGuid'>{3c251a4e-6bdf-5e6e-0000-0010fe80d012}</Data>
            <Data Name='ParentProcessId'>6104</Data>
            <Data Name='ParentImage'>C:\Program Files (x86)\Google\Chrome\Application\chrome.exe</Data>
            <Data Name='ParentCommandLine'>"C:\Program Files (x86)\Google\Chrome\Application\chrome.exe" </Data>
        </EventData>
    </Event>
    <Event xmlns='http://schemas.microsoft.com/win/2004/08/events/event'>
        <System>
            <Provider Name='Microsoft-Windows-Sysmon' Guid='{5770385f-c22a-43e0-bf4c-06f5698ffbd9}'/>
            <EventID>3</EventID>
            <Version>5</Version>
            <Level>4</Level>
            <Task>3</Task>
            <Opcode>0</Opcode>
            <Keywords>0x8000000000000000</Keywords>
            <TimeCreated SystemTime='2020-03-18T18:25:08.220087900Z'/>
            <EventRecordID>125</EventRecordID>
            <Correlation/>
            <Execution ProcessID='1104' ThreadID='13220'/>
            <Channel>Microsoft-Windows-Sysmon/Operational</Channel>
            <Computer>DESKTOP-3LRRD6K</Computer>
            <Security UserID='S-1-5-18'/>
        </System>
        <EventData>
            <Data Name='RuleName'></Data>
            <Data Name='UtcTime'>2020-03-18 18:25:06.554</Data>
            <Data Name='ProcessGuid'>{3c251a4e-6be0-5e6e-0000-0010c7a9d012}</Data>
            <Data Name='ProcessId'>7496</Data>
            <Data Name='Image'>C:\Program Files (x86)\Google\Chrome\Application\chrome.exe</Data>
            <Data Name='User'>DESKTOP-3LRRD6K\liabe</Data>
            <Data Name='Protocol'>tcp</Data>
            <Data Name='Initiated'>true</Data>
            <Data Name='SourceIsIpv6'>false</Data>
            <Data Name='SourceIp'>192.168.1.46</Data>
            <Data Name='SourceHostname'>DESKTOP-3LRRD6K.lan1</Data>
            <Data Name='SourcePort'>61969</Data>
            <Data Name='SourcePortName'></Data>
            <Data Name='DestinationIsIpv6'>false</Data>
            <Data Name='DestinationIp'>162.210.196.208</Data>
            <Data Name='DestinationHostname'></Data>
            <Data Name='DestinationPort'>443</Data>
            <Data Name='DestinationPortName'>https</Data>
        </EventData>
    </Event>
    <Event xmlns='http://schemas.microsoft.com/win/2004/08/events/event'>
        <System>
            <Provider Name='Microsoft-Windows-Sysmon' Guid='{5770385f-c22a-43e0-bf4c-06f5698ffbd9}'/>
            <EventID>3</EventID>
            <Version>5</Version>
            <Level>4</Level>
            <Task>3</Task>
            <Opcode>0</Opcode>
            <Keywords>0x8000000000000000</Keywords>
            <TimeCreated SystemTime='2020-03-18T18:25:08.220078600Z'/>
            <EventRecordID>124</EventRecordID>
            <Correlation/>
            <Execution ProcessID='1104' ThreadID='13220'/>
            <Channel>Microsoft-Windows-Sysmon/Operational</Channel>
            <Computer>DESKTOP-3LRRD6K</Computer>
            <Security UserID='S-1-5-18'/>
        </System>
        <EventData>
            <Data Name='RuleName'></Data>
            <Data Name='UtcTime'>2020-03-18 18:25:06.449</Data>
            <Data Name='ProcessGuid'>{3c251a4e-6be0-5e6e-0000-0010c7a9d012}</Data>
            <Data Name='ProcessId'>7496</Data>
            <Data Name='Image'>C:\Program Files (x86)\Google\Chrome\Application\chrome.exe</Data>
            <Data Name='User'>DESKTOP-3LRRD6K\liabe</Data>
            <Data Name='Protocol'>tcp</Data>
            <Data Name='Initiated'>true</Data>
            <Data Name='SourceIsIpv6'>false</Data>
            <Data Name='SourceIp'>192.168.1.46</Data>
            <Data Name='SourceHostname'>DESKTOP-3LRRD6K.lan1</Data>
            <Data Name='SourcePort'>61968</Data>
            <Data Name='SourcePortName'></Data>
            <Data Name='DestinationIsIpv6'>false</Data>
            <Data Name='DestinationIp'>162.210.196.208</Data>
            <Data Name='DestinationHostname'></Data>
            <Data Name='DestinationPort'>443</Data>
            <Data Name='DestinationPortName'>https</Data>
        </EventData>
    </Event>
    <Event xmlns='http://schemas.microsoft.com/win/2004/08/events/event'>
        <System>
            <Provider Name='Microsoft-Windows-Sysmon' Guid='{5770385f-c22a-43e0-bf4c-06f5698ffbd9}'/>
            <EventID>3</EventID>
            <Version>5</Version>
            <Level>4</Level>
            <Task>3</Task>
            <Opcode>0</Opcode>
            <Keywords>0x8000000000000000</Keywords>
            <TimeCreated SystemTime='2020-03-18T18:25:08.220068700Z'/>
            <EventRecordID>123</EventRecordID>
            <Correlation/>
            <Execution ProcessID='1104' ThreadID='13220'/>
            <Channel>Microsoft-Windows-Sysmon/Operational</Channel>
            <Computer>DESKTOP-3LRRD6K</Computer>
            <Security UserID='S-1-5-18'/>
        </System>
        <EventData>
            <Data Name='RuleName'></Data>
            <Data Name='UtcTime'>2020-03-18 18:25:06.449</Data>
            <Data Name='ProcessGuid'>{3c251a4e-6be0-5e6e-0000-0010c7a9d012}</Data>
            <Data Name='ProcessId'>7496</Data>
            <Data Name='Image'>C:\Program Files (x86)\Google\Chrome\Application\chrome.exe</Data>
            <Data Name='User'>DESKTOP-3LRRD6K\liabe</Data>
            <Data Name='Protocol'>tcp</Data>
            <Data Name='Initiated'>true</Data>
            <Data Name='SourceIsIpv6'>false</Data>
            <Data Name='SourceIp'>192.168.1.46</Data>
            <Data Name='SourceHostname'>DESKTOP-3LRRD6K.lan1</Data>
            <Data Name='SourcePort'>61967</Data>
            <Data Name='SourcePortName'></Data>
            <Data Name='DestinationIsIpv6'>false</Data>
            <Data Name='DestinationIp'>162.210.196.208</Data>
            <Data Name='DestinationHostname'></Data>
            <Data Name='DestinationPort'>443</Data>
            <Data Name='DestinationPortName'>https</Data>
        </EventData>
    </Event>
    <Event xmlns='http://schemas.microsoft.com/win/2004/08/events/event'>
        <System>
            <Provider Name='Microsoft-Windows-Sysmon' Guid='{5770385f-c22a-43e0-bf4c-06f5698ffbd9}'/>
            <EventID>3</EventID>
            <Version>5</Version>
            <Level>4</Level>
            <Task>3</Task>
            <Opcode>0</Opcode>
            <Keywords>0x8000000000000000</Keywords>
            <TimeCreated SystemTime='2020-03-18T18:25:08.220054000Z'/>
            <EventRecordID>122</EventRecordID>
            <Correlation/>
            <Execution ProcessID='1104' ThreadID='13220'/>
            <Channel>Microsoft-Windows-Sysmon/Operational</Channel>
            <Computer>DESKTOP-3LRRD6K</Computer>
            <Security UserID='S-1-5-18'/>
        </System>
        <EventData>
            <Data Name='RuleName'></Data>
            <Data Name='UtcTime'>2020-03-18 18:25:06.252</Data>
            <Data Name='ProcessGuid'>{3c251a4e-6be0-5e6e-0000-0010c7a9d012}</Data>
            <Data Name='ProcessId'>7496</Data>
            <Data Name='Image'>C:\Program Files (x86)\Google\Chrome\Application\chrome.exe</Data>
            <Data Name='User'>DESKTOP-3LRRD6K\liabe</Data>
            <Data Name='Protocol'>tcp</Data>
            <Data Name='Initiated'>true</Data>
            <Data Name='SourceIsIpv6'>false</Data>
            <Data Name='SourceIp'>192.168.1.46</Data>
            <Data Name='SourceHostname'>DESKTOP-3LRRD6K.lan1</Data>
            <Data Name='SourcePort'>61966</Data>
            <Data Name='SourcePortName'></Data>
            <Data Name='DestinationIsIpv6'>false</Data>
            <Data Name='DestinationIp'>162.210.196.208</Data>
            <Data Name='DestinationHostname'></Data>
            <Data Name='DestinationPort'>443</Data>
            <Data Name='DestinationPortName'>https</Data>
        </EventData>
    </Event>
    <Event xmlns='http://schemas.microsoft.com/win/2004/08/events/event'>
        <System>
            <Provider Name='Microsoft-Windows-Sysmon' Guid='{5770385f-c22a-43e0-bf4c-06f5698ffbd9}'/>
            <EventID>5</EventID>
            <Version>3</Version>
            <Level>4</Level>
            <Task>5</Task>
            <Opcode>0</Opcode>
            <Keywords>0x8000000000000000</Keywords>
            <TimeCreated SystemTime='2020-03-18T18:25:06.217401400Z'/>
            <EventRecordID>121</EventRecordID>
            <Correlation/>
            <Execution ProcessID='1104' ThreadID='19972'/>
            <Channel>Microsoft-Windows-Sysmon/Operational</Channel>
            <Computer>DESKTOP-3LRRD6K</Computer>
            <Security UserID='S-1-5-18'/>
        </System>
        <EventData>
            <Data Name='RuleName'></Data>
            <Data Name='UtcTime'>2020-03-18 18:25:06.217</Data>
            <Data Name='ProcessGuid'>{3c251a4e-6767-5e72-0000-001064534f75}</Data>
            <Data Name='ProcessId'>18824</Data>
            <Data Name='Image'>C:\Program Files (x86)\Google\Chrome\Application\chrome.exe</Data>
        </EventData>
    </Event>
    